<?xml version="1.0" encoding="utf-8"?><testsuites name="pytest tests"><testsuite name="pytest" errors="0" failures="0" skipped="0" tests="29" time="151.556" timestamp="2026-01-02T17:48:48.541931+00:00" hostname="agent-env-4cfe4e7c-470c-469a-acf5-66e9deb5a3b6"><testcase classname="tests.test_accounting_journals_authenticated.TestAccountingInitialization" name="test_accounting_is_initialized" time="13.317" /><testcase classname="tests.test_accounting_journals_authenticated.TestJournalCRUD" name="test_create_manual_journal_entry" time="7.467" /><testcase classname="tests.test_accounting_journals_authenticated.TestJournalCRUD" name="test_get_journal_by_id" time="4.001" /><testcase classname="tests.test_accounting_journals_authenticated.TestJournalCRUD" name="test_list_journals" time="3.508" /><testcase classname="tests.test_accounting_journals_authenticated.TestJournalCRUD" name="test_list_journals_with_filters" time="3.468" /><testcase classname="tests.test_accounting_journals_authenticated.TestDoubleEntryValidation" name="test_unbalanced_entry_fails" time="2.163" /><testcase classname="tests.test_accounting_journals_authenticated.TestDoubleEntryValidation" name="test_line_with_both_debit_and_credit_fails" time="2.158" /><testcase classname="tests.test_accounting_journals_authenticated.TestDoubleEntryValidation" name="test_minimum_two_lines_required" time="2.261" /><testcase classname="tests.test_accounting_journals_authenticated.TestEventPosting" name="test_post_pos_sale_event" time="9.860" /><testcase classname="tests.test_accounting_journals_authenticated.TestEventPosting" name="test_idempotency_same_sale_returns_existing" time="2.667" /><testcase classname="tests.test_accounting_journals_authenticated.TestEventPosting" name="test_post_svm_order_event" time="10.012" /><testcase classname="tests.test_accounting_journals_authenticated.TestEventPosting" name="test_post_refund_event" time="9.953" /><testcase classname="tests.test_accounting_journals_authenticated.TestEventPosting" name="test_post_inventory_adjustment_event" time="7.896" /><testcase classname="tests.test_accounting_journals_authenticated.TestJournalLookup" name="test_lookup_by_source_id" time="3.432" /><testcase classname="tests.test_accounting_journals_authenticated.TestJournalLookup" name="test_lookup_requires_criteria" time="2.167" /><testcase classname="tests.test_accounting_journals_authenticated.TestJournalVoid" name="test_void_journal_entry" time="21.810" /><testcase classname="tests.test_accounting_journals_authenticated.TestJournalVoid" name="test_void_requires_reason" time="2.158" /><testcase classname="tests.test_accounting_journals_authenticated.TestJournalVoid" name="test_void_requires_action_param" time="2.160" /><testcase classname="tests.test_accounting_journals_authenticated.TestLedger" name="test_list_ledger_entries" time="3.618" /><testcase classname="tests.test_accounting_journals_authenticated.TestLedger" name="test_list_ledger_entries_by_account" time="4.555" /><testcase classname="tests.test_accounting_journals_authenticated.TestLedger" name="test_list_ledger_accounts" time="2.964" /><testcase classname="tests.test_accounting_journals_authenticated.TestLedger" name="test_list_ledger_accounts_with_activity" time="2.840" /><testcase classname="tests.test_accounting_journals_authenticated.TestFinancialPeriods" name="test_list_periods" time="2.952" /><testcase classname="tests.test_accounting_journals_authenticated.TestFinancialPeriods" name="test_close_and_reopen_period" time="11.714" /><testcase classname="tests.test_accounting_journals_authenticated.TestValidation" name="test_journal_requires_entry_date" time="2.144" /><testcase classname="tests.test_accounting_journals_authenticated.TestValidation" name="test_journal_requires_description" time="2.145" /><testcase classname="tests.test_accounting_journals_authenticated.TestValidation" name="test_invalid_account_code_fails" time="3.677" /><testcase classname="tests.test_accounting_journals_authenticated.TestValidation" name="test_event_requires_event_type" time="2.247" /><testcase classname="tests.test_accounting_journals_authenticated.TestValidation" name="test_event_requires_event_id" time="2.141" /></testsuite></testsuites>