<?xml version="1.0" encoding="utf-8"?><testsuites name="pytest tests"><testsuite name="pytest" errors="0" failures="0" skipped="0" tests="135" time="413.195" timestamp="2026-01-02T18:47:50.452022+00:00" hostname="agent-env-4cfe4e7c-470c-469a-acf5-66e9deb5a3b6"><testcase classname="tests.test_expense_tracking_phase4.TestCapabilityGuard" name="test_list_expenses_unauthorized" time="0.133" /><testcase classname="tests.test_expense_tracking_phase4.TestCapabilityGuard" name="test_create_expense_unauthorized" time="0.086" /><testcase classname="tests.test_expense_tracking_phase4.TestCapabilityGuard" name="test_get_expense_unauthorized" time="0.103" /><testcase classname="tests.test_expense_tracking_phase4.TestCapabilityGuard" name="test_update_expense_unauthorized" time="0.178" /><testcase classname="tests.test_expense_tracking_phase4.TestCapabilityGuard" name="test_delete_expense_unauthorized" time="0.191" /><testcase classname="tests.test_expense_tracking_phase4.TestCapabilityGuard" name="test_submit_expense_unauthorized" time="0.187" /><testcase classname="tests.test_expense_tracking_phase4.TestCapabilityGuard" name="test_approve_expense_unauthorized" time="0.190" /><testcase classname="tests.test_expense_tracking_phase4.TestCapabilityGuard" name="test_reject_expense_unauthorized" time="0.148" /><testcase classname="tests.test_expense_tracking_phase4.TestCapabilityGuard" name="test_post_expense_unauthorized" time="0.198" /><testcase classname="tests.test_expense_tracking_phase4.TestCapabilityGuard" name="test_get_categories_unauthorized" time="0.492" /><testcase classname="tests.test_expense_tracking_phase4.TestCapabilityGuard" name="test_get_summary_unauthorized" time="0.143" /><testcase classname="tests.test_expense_tracking_phase4.TestExpenseCategories" name="test_get_expense_categories" time="12.648" /><testcase classname="tests.test_expense_tracking_phase4.TestExpenseCRUD" name="test_create_expense_cash" time="5.003" /><testcase classname="tests.test_expense_tracking_phase4.TestExpenseCRUD" name="test_create_expense_bank_transfer" time="5.005" /><testcase classname="tests.test_expense_tracking_phase4.TestExpenseCRUD" name="test_create_expense_mobile_money" time="5.103" /><testcase classname="tests.test_expense_tracking_phase4.TestExpenseCRUD" name="test_create_expense_with_vat" time="5.013" /><testcase classname="tests.test_expense_tracking_phase4.TestExpenseCRUD" name="test_create_expense_credit" time="5.002" /><testcase classname="tests.test_expense_tracking_phase4.TestExpenseCRUD" name="test_get_expense_by_id" time="3.651" /><testcase classname="tests.test_expense_tracking_phase4.TestExpenseCRUD" name="test_get_expense_not_found" time="2.649" /><testcase classname="tests.test_expense_tracking_phase4.TestExpenseCRUD" name="test_update_expense_draft" time="3.537" /><testcase classname="tests.test_expense_tracking_phase4.TestExpenseCRUD" name="test_list_expenses" time="3.612" /><testcase classname="tests.test_expense_tracking_phase4.TestExpenseCRUD" name="test_list_expenses_filter_by_status" time="3.621" /><testcase classname="tests.test_expense_tracking_phase4.TestExpenseCRUD" name="test_list_expenses_filter_by_payment_method" time="3.514" /><testcase classname="tests.test_expense_tracking_phase4.TestExpenseCRUD" name="test_list_expenses_filter_by_vendor" time="3.529" /><testcase classname="tests.test_expense_tracking_phase4.TestExpenseCRUD" name="test_list_expenses_filter_by_amount_range" time="3.520" /><testcase classname="tests.test_expense_tracking_phase4.TestExpenseCRUD" name="test_delete_expense_draft" time="11.242" /><testcase classname="tests.test_expense_tracking_phase4.TestExpenseValidation" name="test_create_expense_missing_required_fields" time="2.140" /><testcase classname="tests.test_expense_tracking_phase4.TestExpenseValidation" name="test_create_expense_invalid_amount" time="2.172" /><testcase classname="tests.test_expense_tracking_phase4.TestExpenseValidation" name="test_create_expense_invalid_payment_method" time="2.139" /><testcase classname="tests.test_expense_tracking_phase4.TestExpenseValidation" name="test_create_expense_invalid_account_code" time="2.737" /><testcase classname="tests.test_expense_tracking_phase4.TestExpenseValidation" name="test_update_expense_invalid_amount" time="2.155" /><testcase classname="tests.test_expense_tracking_phase4.TestExpenseWorkflow" name="test_submit_expense" time="3.170" /><testcase classname="tests.test_expense_tracking_phase4.TestExpenseWorkflow" name="test_cannot_update_submitted_expense" time="2.641" /><testcase classname="tests.test_expense_tracking_phase4.TestExpenseWorkflow" name="test_cannot_delete_submitted_expense" time="2.683" /><testcase classname="tests.test_expense_tracking_phase4.TestExpenseWorkflow" name="test_cannot_submit_already_submitted" time="2.645" /><testcase classname="tests.test_expense_tracking_phase4.TestExpenseWorkflow" name="test_approve_expense" time="3.253" /><testcase classname="tests.test_expense_tracking_phase4.TestExpenseWorkflow" name="test_cannot_approve_non_submitted" time="2.691" /><testcase classname="tests.test_expense_tracking_phase4.TestExpenseWorkflow" name="test_post_expense_creates_journal" time="10.004" /><testcase classname="tests.test_expense_tracking_phase4.TestExpenseWorkflow" name="test_posted_expense_has_journal_details" time="4.147" /><testcase classname="tests.test_expense_tracking_phase4.TestExpenseWorkflow" name="test_cannot_update_posted_expense" time="2.646" /><testcase classname="tests.test_expense_tracking_phase4.TestExpenseWorkflow" name="test_cannot_delete_posted_expense" time="2.654" /><testcase classname="tests.test_expense_tracking_phase4.TestExpenseRejection" name="test_reject_expense_requires_reason" time="5.286" /><testcase classname="tests.test_expense_tracking_phase4.TestExpenseRejection" name="test_reject_expense" time="3.235" /><testcase classname="tests.test_expense_tracking_phase4.TestExpenseRejection" name="test_can_update_rejected_expense" time="3.535" /><testcase classname="tests.test_expense_tracking_phase4.TestExpenseRejection" name="test_cannot_reject_non_submitted" time="2.642" /><testcase classname="tests.test_expense_tracking_phase4.TestDirectPost" name="test_post_draft_expense_directly" time="10.123" /><testcase classname="tests.test_expense_tracking_phase4.TestVATExpensePosting" name="test_post_expense_with_vat" time="15.892" /><testcase classname="tests.test_expense_tracking_phase4.TestCreditExpensePosting" name="test_post_credit_expense" time="14.069" /><testcase classname="tests.test_expense_tracking_phase4.TestExpenseSummary" name="test_get_summary_by_category" time="3.621" /><testcase classname="tests.test_expense_tracking_phase4.TestExpenseSummary" name="test_get_summary_by_payment_method" time="2.626" /><testcase classname="tests.test_expense_tracking_phase4.TestExpenseSummary" name="test_get_summary_with_date_range" time="3.519" /><testcase classname="tests.test_expense_tracking_phase4.TestInvalidActions" name="test_invalid_action" time="7.298" /><testcase classname="tests.test_expense_tracking_phase4.TestJournalEntryBalance" name="test_verify_journal_entry_via_journals_api" time="3.641" /><testcase classname="tests.test_accounting_phases5_9.TestTaxCapabilityGuard" name="test_get_tax_codes_unauthorized" time="1.759" /><testcase classname="tests.test_accounting_phases5_9.TestTaxCapabilityGuard" name="test_calculate_tax_unauthorized" time="0.104" /><testcase classname="tests.test_accounting_phases5_9.TestTaxCapabilityGuard" name="test_get_vat_summary_unauthorized" time="0.083" /><testcase classname="tests.test_accounting_phases5_9.TestTaxCapabilityGuard" name="test_generate_vat_summary_unauthorized" time="0.085" /><testcase classname="tests.test_accounting_phases5_9.TestTaxCapabilityGuard" name="test_finalize_vat_unauthorized" time="0.087" /><testcase classname="tests.test_accounting_phases5_9.TestTaxCapabilityGuard" name="test_get_vat_history_unauthorized" time="0.084" /><testcase classname="tests.test_accounting_phases5_9.TestTaxCapabilityGuard" name="test_get_vat_annual_unauthorized" time="0.088" /><testcase classname="tests.test_accounting_phases5_9.TestTaxCodes" name="test_get_tax_codes" time="11.102" /><testcase classname="tests.test_accounting_phases5_9.TestTaxCodes" name="test_get_tax_codes_default_action" time="2.174" /><testcase classname="tests.test_accounting_phases5_9.TestTaxCalculation" name="test_calculate_tax_from_net" time="2.186" /><testcase classname="tests.test_accounting_phases5_9.TestTaxCalculation" name="test_calculate_tax_from_gross" time="2.193" /><testcase classname="tests.test_accounting_phases5_9.TestTaxCalculation" name="test_calculate_tax_zero_rated" time="2.189" /><testcase classname="tests.test_accounting_phases5_9.TestTaxCalculation" name="test_calculate_withholding_tax" time="2.296" /><testcase classname="tests.test_accounting_phases5_9.TestTaxCalculation" name="test_calculate_tax_missing_amount" time="2.203" /><testcase classname="tests.test_accounting_phases5_9.TestTaxCalculation" name="test_calculate_tax_invalid_code" time="2.198" /><testcase classname="tests.test_accounting_phases5_9.TestVATSummary" name="test_get_vat_summary" time="4.313" /><testcase classname="tests.test_accounting_phases5_9.TestVATSummary" name="test_get_vat_summary_missing_period" time="2.204" /><testcase classname="tests.test_accounting_phases5_9.TestVATSummary" name="test_generate_vat_summary" time="5.904" /><testcase classname="tests.test_accounting_phases5_9.TestVATSummary" name="test_generate_vat_summary_missing_period" time="2.200" /><testcase classname="tests.test_accounting_phases5_9.TestVATSummary" name="test_get_vat_history" time="2.891" /><testcase classname="tests.test_accounting_phases5_9.TestVATSummary" name="test_get_vat_history_by_year" time="2.901" /><testcase classname="tests.test_accounting_phases5_9.TestVATSummary" name="test_get_vat_annual_summary" time="2.907" /><testcase classname="tests.test_accounting_phases5_9.TestVATSummary" name="test_get_vat_annual_missing_year" time="2.202" /><testcase classname="tests.test_accounting_phases5_9.TestVATFinalization" name="test_finalize_vat_requires_generated_summary" time="2.794" /><testcase classname="tests.test_accounting_phases5_9.TestVATFinalization" name="test_finalize_vat_missing_period" time="2.194" /><testcase classname="tests.test_accounting_phases5_9.TestReportsCapabilityGuard" name="test_profit_loss_unauthorized" time="0.268" /><testcase classname="tests.test_accounting_phases5_9.TestReportsCapabilityGuard" name="test_balance_sheet_unauthorized" time="0.088" /><testcase classname="tests.test_accounting_phases5_9.TestReportsCapabilityGuard" name="test_trial_balance_unauthorized" time="0.080" /><testcase classname="tests.test_accounting_phases5_9.TestReportsCapabilityGuard" name="test_cash_flow_unauthorized" time="0.083" /><testcase classname="tests.test_accounting_phases5_9.TestReportsCapabilityGuard" name="test_expense_breakdown_unauthorized" time="0.088" /><testcase classname="tests.test_accounting_phases5_9.TestProfitAndLossReport" name="test_get_profit_loss_report" time="3.155" /><testcase classname="tests.test_accounting_phases5_9.TestProfitAndLossReport" name="test_get_profit_loss_with_period" time="3.563" /><testcase classname="tests.test_accounting_phases5_9.TestProfitAndLossReport" name="test_get_profit_loss_with_date_range" time="3.056" /><testcase classname="tests.test_accounting_phases5_9.TestProfitAndLossReport" name="test_get_pnl_alias" time="3.166" /><testcase classname="tests.test_accounting_phases5_9.TestProfitAndLossReport" name="test_get_income_statement_alias" time="3.056" /><testcase classname="tests.test_accounting_phases5_9.TestBalanceSheetReport" name="test_get_balance_sheet" time="3.055" /><testcase classname="tests.test_accounting_phases5_9.TestBalanceSheetReport" name="test_get_balance_sheet_as_of_date" time="3.103" /><testcase classname="tests.test_accounting_phases5_9.TestBalanceSheetReport" name="test_balance_sheet_equation" time="3.052" /><testcase classname="tests.test_accounting_phases5_9.TestTrialBalanceReport" name="test_get_trial_balance" time="3.157" /><testcase classname="tests.test_accounting_phases5_9.TestTrialBalanceReport" name="test_trial_balance_is_balanced" time="3.037" /><testcase classname="tests.test_accounting_phases5_9.TestCashFlowReport" name="test_get_cash_flow" time="5.611" /><testcase classname="tests.test_accounting_phases5_9.TestCashFlowReport" name="test_cash_flow_reconciliation" time="5.703" /><testcase classname="tests.test_accounting_phases5_9.TestExpenseBreakdownReport" name="test_get_expense_breakdown" time="3.105" /><testcase classname="tests.test_accounting_phases5_9.TestExpenseBreakdownReport" name="test_expense_breakdown_with_date_range" time="3.103" /><testcase classname="tests.test_accounting_phases5_9.TestInvalidReportType" name="test_invalid_report_type" time="2.273" /><testcase classname="tests.test_accounting_phases5_9.TestOfflineCapabilityGuard" name="test_get_offline_package_unauthorized" time="0.314" /><testcase classname="tests.test_accounting_phases5_9.TestOfflineCapabilityGuard" name="test_sync_offline_unauthorized" time="0.085" /><testcase classname="tests.test_accounting_phases5_9.TestOfflineCapabilityGuard" name="test_get_changes_unauthorized" time="0.086" /><testcase classname="tests.test_accounting_phases5_9.TestOfflinePackage" name="test_get_offline_package" time="3.712" /><testcase classname="tests.test_accounting_phases5_9.TestOfflinePackage" name="test_get_offline_package_default_action" time="3.866" /><testcase classname="tests.test_accounting_phases5_9.TestOfflineSync" name="test_sync_offline_expenses" time="5.212" /><testcase classname="tests.test_accounting_phases5_9.TestOfflineSync" name="test_sync_offline_idempotent" time="3.012" /><testcase classname="tests.test_accounting_phases5_9.TestOfflineSync" name="test_sync_offline_invalid_account" time="3.209" /><testcase classname="tests.test_accounting_phases5_9.TestOfflineSync" name="test_sync_offline_missing_required_fields" time="2.302" /><testcase classname="tests.test_accounting_phases5_9.TestOfflineChanges" name="test_get_changes_since_sync" time="3.167" /><testcase classname="tests.test_accounting_phases5_9.TestOfflineChanges" name="test_get_changes_missing_last_sync" time="2.194" /><testcase classname="tests.test_accounting_phases5_9.TestOfflineInvalidAction" name="test_invalid_get_action" time="2.209" /><testcase classname="tests.test_accounting_phases5_9.TestOfflineInvalidAction" name="test_invalid_post_action" time="2.204" /><testcase classname="tests.test_accounting_phases5_9.TestEntitlementsCapabilityGuard" name="test_get_entitlement_summary_unauthorized" time="0.276" /><testcase classname="tests.test_accounting_phases5_9.TestEntitlementsCapabilityGuard" name="test_check_feature_unauthorized" time="0.086" /><testcase classname="tests.test_accounting_phases5_9.TestEntitlementsCapabilityGuard" name="test_check_usage_unauthorized" time="0.083" /><testcase classname="tests.test_accounting_phases5_9.TestEntitlementSummary" name="test_get_entitlement_summary" time="3.161" /><testcase classname="tests.test_accounting_phases5_9.TestEntitlementSummary" name="test_get_entitlement_summary_default_action" time="3.320" /><testcase classname="tests.test_accounting_phases5_9.TestFeatureEntitlement" name="test_check_advanced_reports_feature" time="2.208" /><testcase classname="tests.test_accounting_phases5_9.TestFeatureEntitlement" name="test_check_multi_currency_feature" time="2.199" /><testcase classname="tests.test_accounting_phases5_9.TestFeatureEntitlement" name="test_check_tax_reports_feature" time="2.200" /><testcase classname="tests.test_accounting_phases5_9.TestFeatureEntitlement" name="test_check_offline_sync_feature" time="2.190" /><testcase classname="tests.test_accounting_phases5_9.TestFeatureEntitlement" name="test_check_api_access_feature" time="2.210" /><testcase classname="tests.test_accounting_phases5_9.TestFeatureEntitlement" name="test_check_max_periods_limit" time="2.188" /><testcase classname="tests.test_accounting_phases5_9.TestFeatureEntitlement" name="test_check_missing_feature" time="1.790" /><testcase classname="tests.test_accounting_phases5_9.TestFeatureEntitlement" name="test_check_invalid_feature" time="1.699" /><testcase classname="tests.test_accounting_phases5_9.TestUsageEntitlement" name="test_check_expenses_usage" time="2.698" /><testcase classname="tests.test_accounting_phases5_9.TestUsageEntitlement" name="test_check_periods_usage" time="2.710" /><testcase classname="tests.test_accounting_phases5_9.TestUsageEntitlement" name="test_check_attachments_usage" time="2.191" /><testcase classname="tests.test_accounting_phases5_9.TestUsageEntitlement" name="test_check_missing_resource" time="1.694" /><testcase classname="tests.test_accounting_phases5_9.TestUsageEntitlement" name="test_check_invalid_resource" time="1.696" /><testcase classname="tests.test_accounting_phases5_9.TestEntitlementInvalidAction" name="test_invalid_action" time="1.796" /><testcase classname="tests.test_accounting_phases5_9.TestValidationCapabilityGuard" name="test_validate_unauthorized" time="0.589" /><testcase classname="tests.test_accounting_phases5_9.TestModuleValidation" name="test_run_module_validation" time="4.318" /><testcase classname="tests.test_accounting_phases5_9.TestModuleValidation" name="test_validation_checks_pass" time="4.235" /><testcase classname="tests.test_accounting_phases5_9.TestCrossCuttingBehavior" name="test_all_endpoints_return_json" time="16.638" /><testcase classname="tests.test_accounting_phases5_9.TestCrossCuttingBehavior" name="test_currency_is_ngn" time="6.115" /></testsuite></testsuites>