<?xml version="1.0" encoding="utf-8"?><testsuites name="pytest tests"><testsuite name="pytest" errors="0" failures="0" skipped="0" tests="82" time="209.970" timestamp="2026-01-02T18:53:06.756993+00:00" hostname="agent-env-4cfe4e7c-470c-469a-acf5-66e9deb5a3b6"><testcase classname="tests.test_accounting_phases5_9.TestTaxCapabilityGuard" name="test_get_tax_codes_unauthorized" time="0.100" /><testcase classname="tests.test_accounting_phases5_9.TestTaxCapabilityGuard" name="test_calculate_tax_unauthorized" time="0.084" /><testcase classname="tests.test_accounting_phases5_9.TestTaxCapabilityGuard" name="test_get_vat_summary_unauthorized" time="0.081" /><testcase classname="tests.test_accounting_phases5_9.TestTaxCapabilityGuard" name="test_generate_vat_summary_unauthorized" time="0.086" /><testcase classname="tests.test_accounting_phases5_9.TestTaxCapabilityGuard" name="test_finalize_vat_unauthorized" time="0.079" /><testcase classname="tests.test_accounting_phases5_9.TestTaxCapabilityGuard" name="test_get_vat_history_unauthorized" time="0.082" /><testcase classname="tests.test_accounting_phases5_9.TestTaxCapabilityGuard" name="test_get_vat_annual_unauthorized" time="0.077" /><testcase classname="tests.test_accounting_phases5_9.TestTaxCodes" name="test_get_tax_codes" time="12.153" /><testcase classname="tests.test_accounting_phases5_9.TestTaxCodes" name="test_get_tax_codes_default_action" time="2.171" /><testcase classname="tests.test_accounting_phases5_9.TestTaxCalculation" name="test_calculate_tax_from_net" time="2.158" /><testcase classname="tests.test_accounting_phases5_9.TestTaxCalculation" name="test_calculate_tax_from_gross" time="2.156" /><testcase classname="tests.test_accounting_phases5_9.TestTaxCalculation" name="test_calculate_tax_zero_rated" time="2.160" /><testcase classname="tests.test_accounting_phases5_9.TestTaxCalculation" name="test_calculate_withholding_tax" time="2.254" /><testcase classname="tests.test_accounting_phases5_9.TestTaxCalculation" name="test_calculate_tax_missing_amount" time="2.194" /><testcase classname="tests.test_accounting_phases5_9.TestTaxCalculation" name="test_calculate_tax_invalid_code" time="2.208" /><testcase classname="tests.test_accounting_phases5_9.TestVATSummary" name="test_get_vat_summary" time="4.291" /><testcase classname="tests.test_accounting_phases5_9.TestVATSummary" name="test_get_vat_summary_missing_period" time="2.160" /><testcase classname="tests.test_accounting_phases5_9.TestVATSummary" name="test_generate_vat_summary" time="5.949" /><testcase classname="tests.test_accounting_phases5_9.TestVATSummary" name="test_generate_vat_summary_missing_period" time="2.163" /><testcase classname="tests.test_accounting_phases5_9.TestVATSummary" name="test_get_vat_history" time="2.910" /><testcase classname="tests.test_accounting_phases5_9.TestVATSummary" name="test_get_vat_history_by_year" time="2.858" /><testcase classname="tests.test_accounting_phases5_9.TestVATSummary" name="test_get_vat_annual_summary" time="2.905" /><testcase classname="tests.test_accounting_phases5_9.TestVATSummary" name="test_get_vat_annual_missing_year" time="2.192" /><testcase classname="tests.test_accounting_phases5_9.TestVATFinalization" name="test_finalize_vat_requires_generated_summary" time="2.767" /><testcase classname="tests.test_accounting_phases5_9.TestVATFinalization" name="test_finalize_vat_missing_period" time="2.161" /><testcase classname="tests.test_accounting_phases5_9.TestReportsCapabilityGuard" name="test_profit_loss_unauthorized" time="0.096" /><testcase classname="tests.test_accounting_phases5_9.TestReportsCapabilityGuard" name="test_balance_sheet_unauthorized" time="0.082" /><testcase classname="tests.test_accounting_phases5_9.TestReportsCapabilityGuard" name="test_trial_balance_unauthorized" time="0.095" /><testcase classname="tests.test_accounting_phases5_9.TestReportsCapabilityGuard" name="test_cash_flow_unauthorized" time="0.086" /><testcase classname="tests.test_accounting_phases5_9.TestReportsCapabilityGuard" name="test_expense_breakdown_unauthorized" time="0.087" /><testcase classname="tests.test_accounting_phases5_9.TestProfitAndLossReport" name="test_get_profit_loss_report" time="3.156" /><testcase classname="tests.test_accounting_phases5_9.TestProfitAndLossReport" name="test_get_profit_loss_with_period" time="3.590" /><testcase classname="tests.test_accounting_phases5_9.TestProfitAndLossReport" name="test_get_profit_loss_with_date_range" time="3.058" /><testcase classname="tests.test_accounting_phases5_9.TestProfitAndLossReport" name="test_get_pnl_alias" time="3.175" /><testcase classname="tests.test_accounting_phases5_9.TestProfitAndLossReport" name="test_get_income_statement_alias" time="3.063" /><testcase classname="tests.test_accounting_phases5_9.TestBalanceSheetReport" name="test_get_balance_sheet" time="3.050" /><testcase classname="tests.test_accounting_phases5_9.TestBalanceSheetReport" name="test_get_balance_sheet_as_of_date" time="3.158" /><testcase classname="tests.test_accounting_phases5_9.TestBalanceSheetReport" name="test_balance_sheet_equation" time="3.252" /><testcase classname="tests.test_accounting_phases5_9.TestTrialBalanceReport" name="test_get_trial_balance" time="3.262" /><testcase classname="tests.test_accounting_phases5_9.TestTrialBalanceReport" name="test_trial_balance_is_balanced" time="3.157" /><testcase classname="tests.test_accounting_phases5_9.TestCashFlowReport" name="test_get_cash_flow" time="5.802" /><testcase classname="tests.test_accounting_phases5_9.TestCashFlowReport" name="test_cash_flow_reconciliation" time="5.659" /><testcase classname="tests.test_accounting_phases5_9.TestExpenseBreakdownReport" name="test_get_expense_breakdown" time="3.200" /><testcase classname="tests.test_accounting_phases5_9.TestExpenseBreakdownReport" name="test_expense_breakdown_with_date_range" time="3.061" /><testcase classname="tests.test_accounting_phases5_9.TestInvalidReportType" name="test_invalid_report_type" time="2.430" /><testcase classname="tests.test_accounting_phases5_9.TestOfflineCapabilityGuard" name="test_get_offline_package_unauthorized" time="0.113" /><testcase classname="tests.test_accounting_phases5_9.TestOfflineCapabilityGuard" name="test_sync_offline_unauthorized" time="0.096" /><testcase classname="tests.test_accounting_phases5_9.TestOfflineCapabilityGuard" name="test_get_changes_unauthorized" time="0.083" /><testcase classname="tests.test_accounting_phases5_9.TestOfflinePackage" name="test_get_offline_package" time="3.672" /><testcase classname="tests.test_accounting_phases5_9.TestOfflinePackage" name="test_get_offline_package_default_action" time="3.656" /><testcase classname="tests.test_accounting_phases5_9.TestOfflineSync" name="test_sync_offline_expenses" time="5.508" /><testcase classname="tests.test_accounting_phases5_9.TestOfflineSync" name="test_sync_offline_idempotent" time="3.047" /><testcase classname="tests.test_accounting_phases5_9.TestOfflineSync" name="test_sync_offline_invalid_account" time="3.211" /><testcase classname="tests.test_accounting_phases5_9.TestOfflineSync" name="test_sync_offline_missing_required_fields" time="2.169" /><testcase classname="tests.test_accounting_phases5_9.TestOfflineChanges" name="test_get_changes_since_sync" time="3.158" /><testcase classname="tests.test_accounting_phases5_9.TestOfflineChanges" name="test_get_changes_missing_last_sync" time="2.198" /><testcase classname="tests.test_accounting_phases5_9.TestOfflineInvalidAction" name="test_invalid_get_action" time="2.169" /><testcase classname="tests.test_accounting_phases5_9.TestOfflineInvalidAction" name="test_invalid_post_action" time="2.304" /><testcase classname="tests.test_accounting_phases5_9.TestEntitlementsCapabilityGuard" name="test_get_entitlement_summary_unauthorized" time="0.137" /><testcase classname="tests.test_accounting_phases5_9.TestEntitlementsCapabilityGuard" name="test_check_feature_unauthorized" time="0.121" /><testcase classname="tests.test_accounting_phases5_9.TestEntitlementsCapabilityGuard" name="test_check_usage_unauthorized" time="0.083" /><testcase classname="tests.test_accounting_phases5_9.TestEntitlementSummary" name="test_get_entitlement_summary" time="3.155" /><testcase classname="tests.test_accounting_phases5_9.TestEntitlementSummary" name="test_get_entitlement_summary_default_action" time="3.153" /><testcase classname="tests.test_accounting_phases5_9.TestFeatureEntitlement" name="test_check_advanced_reports_feature" time="2.152" /><testcase classname="tests.test_accounting_phases5_9.TestFeatureEntitlement" name="test_check_multi_currency_feature" time="2.211" /><testcase classname="tests.test_accounting_phases5_9.TestFeatureEntitlement" name="test_check_tax_reports_feature" time="2.182" /><testcase classname="tests.test_accounting_phases5_9.TestFeatureEntitlement" name="test_check_offline_sync_feature" time="2.303" /><testcase classname="tests.test_accounting_phases5_9.TestFeatureEntitlement" name="test_check_api_access_feature" time="2.197" /><testcase classname="tests.test_accounting_phases5_9.TestFeatureEntitlement" name="test_check_max_periods_limit" time="2.158" /><testcase classname="tests.test_accounting_phases5_9.TestFeatureEntitlement" name="test_check_missing_feature" time="1.694" /><testcase classname="tests.test_accounting_phases5_9.TestFeatureEntitlement" name="test_check_invalid_feature" time="1.698" /><testcase classname="tests.test_accounting_phases5_9.TestUsageEntitlement" name="test_check_expenses_usage" time="2.693" /><testcase classname="tests.test_accounting_phases5_9.TestUsageEntitlement" name="test_check_periods_usage" time="2.664" /><testcase classname="tests.test_accounting_phases5_9.TestUsageEntitlement" name="test_check_attachments_usage" time="2.263" /><testcase classname="tests.test_accounting_phases5_9.TestUsageEntitlement" name="test_check_missing_resource" time="1.698" /><testcase classname="tests.test_accounting_phases5_9.TestUsageEntitlement" name="test_check_invalid_resource" time="1.694" /><testcase classname="tests.test_accounting_phases5_9.TestEntitlementInvalidAction" name="test_invalid_action" time="1.658" /><testcase classname="tests.test_accounting_phases5_9.TestValidationCapabilityGuard" name="test_validate_unauthorized" time="0.139" /><testcase classname="tests.test_accounting_phases5_9.TestModuleValidation" name="test_run_module_validation" time="4.160" /><testcase classname="tests.test_accounting_phases5_9.TestModuleValidation" name="test_validation_checks_pass" time="4.167" /><testcase classname="tests.test_accounting_phases5_9.TestCrossCuttingBehavior" name="test_all_endpoints_return_json" time="16.602" /><testcase classname="tests.test_accounting_phases5_9.TestCrossCuttingBehavior" name="test_currency_is_ngn" time="6.602" /></testsuite></testsuites>