<?xml version="1.0" encoding="utf-8"?><testsuites name="pytest tests"><testsuite name="pytest" errors="0" failures="0" skipped="0" tests="18" time="37.230" timestamp="2026-01-01T17:17:46.854230+00:00" hostname="agent-env-2df6b777-070c-49da-ae9d-90ee8f646c9c"><testcase classname="tests.test_admin_users.TestListUsers" name="test_list_users_success" time="4.794" /><testcase classname="tests.test_admin_users.TestListUsers" name="test_list_users_filter_by_role" time="3.314" /><testcase classname="tests.test_admin_users.TestListUsers" name="test_list_users_search" time="3.713" /><testcase classname="tests.test_admin_users.TestListUsers" name="test_list_users_pagination" time="3.500" /><testcase classname="tests.test_admin_users.TestListUsers" name="test_list_users_requires_auth" time="0.091" /><testcase classname="tests.test_admin_users.TestListUsers" name="test_list_users_invalid_session" time="0.560" /><testcase classname="tests.test_admin_users.TestGetUserDetail" name="test_get_user_detail_success" time="2.930" /><testcase classname="tests.test_admin_users.TestGetUserDetail" name="test_get_user_detail_with_memberships" time="3.026" /><testcase classname="tests.test_admin_users.TestGetUserDetail" name="test_get_user_detail_not_found" time="1.958" /><testcase classname="tests.test_admin_users.TestGetUserDetail" name="test_get_user_detail_requires_auth" time="0.082" /><testcase classname="tests.test_admin_users.TestUpdateUserRole" name="test_promote_user_to_super_admin" time="2.990" /><testcase classname="tests.test_admin_users.TestUpdateUserRole" name="test_demote_user_to_user" time="2.938" /><testcase classname="tests.test_admin_users.TestUpdateUserRole" name="test_cannot_demote_yourself" time="1.468" /><testcase classname="tests.test_admin_users.TestUpdateUserRole" name="test_invalid_role_rejected" time="1.484" /><testcase classname="tests.test_admin_users.TestUpdateUserRole" name="test_update_nonexistent_user" time="1.959" /><testcase classname="tests.test_admin_users.TestUpdateUserRole" name="test_update_requires_auth" time="0.082" /><testcase classname="tests.test_admin_users.TestSecurityEdgeCases" name="test_wrong_cookie_name_rejected" time="0.128" /><testcase classname="tests.test_admin_users.TestSecurityEdgeCases" name="test_malformed_user_id" time="2.131" /></testsuite></testsuites>