<?xml version="1.0" encoding="utf-8"?><testsuites name="pytest tests"><testsuite name="pytest" errors="0" failures="0" skipped="0" tests="41" time="128.934" timestamp="2026-01-03T06:48:28.642766+00:00" hostname="agent-env-afae15c2-c617-4279-9ab4-54e58a7cd4f3"><testcase classname="tests.test_analytics_marketing_modules.TestAnalyticsUnauthenticated" name="test_analytics_status_requires_auth" time="0.114" /><testcase classname="tests.test_analytics_marketing_modules.TestAnalyticsUnauthenticated" name="test_analytics_manifest_requires_auth" time="0.059" /><testcase classname="tests.test_analytics_marketing_modules.TestAnalyticsUnauthenticated" name="test_analytics_dashboards_requires_auth" time="0.055" /><testcase classname="tests.test_analytics_marketing_modules.TestAnalyticsUnauthenticated" name="test_analytics_reports_requires_auth" time="0.052" /><testcase classname="tests.test_analytics_marketing_modules.TestMarketingUnauthenticated" name="test_marketing_status_requires_auth" time="0.081" /><testcase classname="tests.test_analytics_marketing_modules.TestMarketingUnauthenticated" name="test_marketing_manifest_requires_auth" time="0.056" /><testcase classname="tests.test_analytics_marketing_modules.TestMarketingUnauthenticated" name="test_marketing_workflows_requires_auth" time="0.055" /><testcase classname="tests.test_analytics_marketing_modules.TestMarketingUnauthenticated" name="test_marketing_templates_requires_auth" time="0.055" /><testcase classname="tests.test_analytics_marketing_modules.TestAnalyticsAuthenticated" name="test_analytics_status" time="8.911" /><testcase classname="tests.test_analytics_marketing_modules.TestAnalyticsAuthenticated" name="test_analytics_manifest" time="1.634" /><testcase classname="tests.test_analytics_marketing_modules.TestAnalyticsAuthenticated" name="test_analytics_initialize" time="2.618" /><testcase classname="tests.test_analytics_marketing_modules.TestAnalyticsAuthenticated" name="test_analytics_overview" time="7.158" /><testcase classname="tests.test_analytics_marketing_modules.TestAnalyticsAuthenticated" name="test_analytics_metrics" time="5.568" /><testcase classname="tests.test_analytics_marketing_modules.TestAnalyticsAuthenticated" name="test_analytics_dashboards_list" time="2.325" /><testcase classname="tests.test_analytics_marketing_modules.TestAnalyticsAuthenticated" name="test_analytics_dashboard_detail" time="6.361" /><testcase classname="tests.test_analytics_marketing_modules.TestAnalyticsAuthenticated" name="test_analytics_reports_list" time="2.120" /><testcase classname="tests.test_analytics_marketing_modules.TestAnalyticsAuthenticated" name="test_analytics_sales_report" time="7.048" /><testcase classname="tests.test_analytics_marketing_modules.TestAnalyticsAuthenticated" name="test_analytics_inventory_report" time="6.165" /><testcase classname="tests.test_analytics_marketing_modules.TestAnalyticsAuthenticated" name="test_analytics_insights" time="2.119" /><testcase classname="tests.test_analytics_marketing_modules.TestAnalyticsAuthenticated" name="test_analytics_generate_insights" time="5.578" /><testcase classname="tests.test_analytics_marketing_modules.TestAnalyticsAuthenticated" name="test_analytics_entitlements" time="2.518" /><testcase classname="tests.test_analytics_marketing_modules.TestAnalyticsAuthenticated" name="test_analytics_validate" time="1.730" /><testcase classname="tests.test_analytics_marketing_modules.TestAnalyticsAuthenticated" name="test_analytics_metric_definitions" time="2.136" /><testcase classname="tests.test_analytics_marketing_modules.TestAnalyticsAuthenticated" name="test_analytics_top_products" time="2.944" /><testcase classname="tests.test_analytics_marketing_modules.TestAnalyticsAuthenticated" name="test_analytics_sales_by_channel" time="2.143" /><testcase classname="tests.test_analytics_marketing_modules.TestMarketingAuthenticated" name="test_marketing_status" time="9.010" /><testcase classname="tests.test_analytics_marketing_modules.TestMarketingAuthenticated" name="test_marketing_manifest" time="1.632" /><testcase classname="tests.test_analytics_marketing_modules.TestMarketingAuthenticated" name="test_marketing_initialize" time="2.626" /><testcase classname="tests.test_analytics_marketing_modules.TestMarketingAuthenticated" name="test_marketing_workflows_list" time="2.615" /><testcase classname="tests.test_analytics_marketing_modules.TestMarketingAuthenticated" name="test_marketing_templates" time="3.198" /><testcase classname="tests.test_analytics_marketing_modules.TestMarketingAuthenticated" name="test_marketing_create_workflow" time="5.064" /><testcase classname="tests.test_analytics_marketing_modules.TestMarketingAuthenticated" name="test_marketing_workflow_statistics" time="2.233" /><testcase classname="tests.test_analytics_marketing_modules.TestMarketingAuthenticated" name="test_marketing_run_statistics" time="2.131" /><testcase classname="tests.test_analytics_marketing_modules.TestMarketingAuthenticated" name="test_marketing_entitlements" time="3.525" /><testcase classname="tests.test_analytics_marketing_modules.TestMarketingAuthenticated" name="test_marketing_validate" time="1.739" /><testcase classname="tests.test_analytics_marketing_modules.TestNigeriaFirstFeatures" name="test_analytics_ngn_default" time="8.938" /><testcase classname="tests.test_analytics_marketing_modules.TestNigeriaFirstFeatures" name="test_analytics_lagos_timezone" time="2.139" /><testcase classname="tests.test_analytics_marketing_modules.TestNigeriaFirstFeatures" name="test_marketing_sms_first" time="2.131" /><testcase classname="tests.test_analytics_marketing_modules.TestNigeriaFirstFeatures" name="test_marketing_lagos_timezone" time="2.238" /><testcase classname="tests.test_analytics_marketing_modules.TestModuleConstraints" name="test_analytics_read_only_validation" time="8.401" /><testcase classname="tests.test_analytics_marketing_modules.TestModuleConstraints" name="test_marketing_no_direct_messaging" time="1.636" /></testsuite></testsuites>