<?xml version="1.0" encoding="utf-8"?><testsuites name="pytest tests"><testsuite name="pytest" errors="0" failures="0" skipped="3" tests="26" time="53.729" timestamp="2026-01-03T11:13:26.247519+00:00" hostname="agent-env-2144da2d-e3dd-422d-98e5-9afa04736729"><testcase classname="tests.test_auth_v2_identity_layer.TestSignupOptions" name="test_get_signup_options_returns_all_data" time="0.142" /><testcase classname="tests.test_auth_v2_identity_layer.TestSignupStart" name="test_signup_start_with_phone_sends_otp" time="2.710" /><testcase classname="tests.test_auth_v2_identity_layer.TestSignupStart" name="test_signup_start_with_email_sends_otp" time="2.606" /><testcase classname="tests.test_auth_v2_identity_layer.TestSignupStart" name="test_signup_start_with_nigerian_phone_formats" time="5.209" /><testcase classname="tests.test_auth_v2_identity_layer.TestSignupStart" name="test_signup_start_invalid_phone_rejected" time="1.607" /><testcase classname="tests.test_auth_v2_identity_layer.TestSignupStart" name="test_signup_start_missing_identity_rejected" time="0.073" /><testcase classname="tests.test_auth_v2_identity_layer.TestSignupStart" name="test_signup_start_with_referral_code" time="3.118" /><testcase classname="tests.test_auth_v2_identity_layer.TestOtpVerification" name="test_signup_otp_verify_invalid_code" time="2.699"><skipped type="pytest.skip" message="Rate limited: IP_RATE_LIMITED">/app/tests/test_auth_v2_identity_layer.py:189: Rate limited: IP_RATE_LIMITED</skipped></testcase><testcase classname="tests.test_auth_v2_identity_layer.TestOtpVerification" name="test_signup_otp_verify_invalid_session" time="0.590" /><testcase classname="tests.test_auth_v2_identity_layer.TestIdentify" name="test_identify_phone_detects_type" time="0.583" /><testcase classname="tests.test_auth_v2_identity_layer.TestIdentify" name="test_identify_email_detects_type" time="0.580" /><testcase classname="tests.test_auth_v2_identity_layer.TestIdentify" name="test_identify_missing_identifier" time="0.074" /><testcase classname="tests.test_auth_v2_identity_layer.TestLoginOtp" name="test_login_otp_initiates_for_existing_user" time="1.604" /><testcase classname="tests.test_auth_v2_identity_layer.TestLoginOtp" name="test_login_otp_fails_for_nonexistent_user" time="0.579" /><testcase classname="tests.test_auth_v2_identity_layer.TestSignupIntent" name="test_signup_intent_requires_valid_session" time="0.618" /><testcase classname="tests.test_auth_v2_identity_layer.TestSignupIntent" name="test_signup_intent_validates_intent_value" time="2.597"><skipped type="pytest.skip" message="Rate limited: IP_RATE_LIMITED">/app/tests/test_auth_v2_identity_layer.py:336: Rate limited: IP_RATE_LIMITED</skipped></testcase><testcase classname="tests.test_auth_v2_identity_layer.TestSignupBusiness" name="test_signup_business_requires_valid_session" time="0.592" /><testcase classname="tests.test_auth_v2_identity_layer.TestSignupBusiness" name="test_signup_business_validates_business_name" time="2.600"><skipped type="pytest.skip" message="Rate limited: IP_RATE_LIMITED">/app/tests/test_auth_v2_identity_layer.py:387: Rate limited: IP_RATE_LIMITED</skipped></testcase><testcase classname="tests.test_auth_v2_identity_layer.TestSignupDiscovery" name="test_signup_discovery_requires_valid_session" time="0.617" /><testcase classname="tests.test_auth_v2_identity_layer.TestSignupComplete" name="test_signup_complete_requires_valid_session" time="0.579" /><testcase classname="tests.test_auth_v2_identity_layer.TestRateLimiting" name="test_rate_limiting_prevents_abuse" time="15.781" /><testcase classname="tests.test_auth_v2_identity_layer.TestPhoneNormalization" name="test_phone_normalization_080_prefix" time="2.706" /><testcase classname="tests.test_auth_v2_identity_layer.TestPhoneNormalization" name="test_phone_normalization_234_prefix" time="2.615" /><testcase classname="tests.test_auth_v2_identity_layer.TestPhoneNormalization" name="test_phone_normalization_without_plus" time="2.586" /><testcase classname="tests.test_auth_v2_identity_layer.TestUnknownActions" name="test_unknown_get_action" time="0.090" /><testcase classname="tests.test_auth_v2_identity_layer.TestUnknownActions" name="test_unknown_post_action" time="0.076" /></testsuite></testsuites>