<?xml version="1.0" encoding="utf-8"?><testsuites name="pytest tests"><testsuite name="pytest" errors="0" failures="0" skipped="0" tests="14" time="18.826" timestamp="2026-01-03T21:20:11.620211+00:00" hostname="agent-env-5360f6b7-0e22-46a1-8ecb-cf7b506d734c"><testcase classname="tests.test_auth_bug_fixes.TestDebugOtpEndpoint" name="test_otp_logs_returns_valid_response" time="0.135" /><testcase classname="tests.test_auth_bug_fixes.TestDebugOtpEndpoint" name="test_otp_logs_with_identifier_filter" time="0.095" /><testcase classname="tests.test_auth_bug_fixes.TestAuthSessionAPI" name="test_session_returns_unauthenticated_for_no_cookie" time="0.087" /><testcase classname="tests.test_auth_bug_fixes.TestAuthSessionAPI" name="test_session_structure_when_authenticated" time="0.092" /><testcase classname="tests.test_auth_bug_fixes.TestAuthV2Endpoints" name="test_signup_options_returns_valid_data" time="0.590" /><testcase classname="tests.test_auth_bug_fixes.TestAuthV2Endpoints" name="test_identify_endpoint_with_email" time="0.698" /><testcase classname="tests.test_auth_bug_fixes.TestAuthV2Endpoints" name="test_identify_endpoint_with_phone" time="0.587" /><testcase classname="tests.test_auth_bug_fixes.TestProtectedRouteRedirects" name="test_dashboard_redirects_to_login" time="3.005" /><testcase classname="tests.test_auth_bug_fixes.TestProtectedRouteRedirects" name="test_pos_redirects_to_login" time="2.614" /><testcase classname="tests.test_auth_bug_fixes.TestProtectedRouteRedirects" name="test_partner_portal_redirects_to_login" time="2.586" /><testcase classname="tests.test_auth_bug_fixes.TestProtectedRouteRedirects" name="test_capabilities_redirects_to_login" time="0.992" /><testcase classname="tests.test_auth_bug_fixes.TestPublicPages" name="test_login_v2_page_loads" time="1.933" /><testcase classname="tests.test_auth_bug_fixes.TestPublicPages" name="test_signup_v2_page_loads" time="2.592" /><testcase classname="tests.test_auth_bug_fixes.TestPublicPages" name="test_home_page_loads" time="2.703" /></testsuite></testsuites>