<?xml version="1.0" encoding="utf-8"?><testsuites name="pytest tests"><testsuite name="pytest" errors="0" failures="0" skipped="0" tests="42" time="87.737" timestamp="2026-01-03T07:27:00.303039+00:00" hostname="agent-env-afae15c2-c617-4279-9ab4-54e58a7cd4f3"><testcase classname="tests.test_b2b_payments_modules.TestUnauthenticatedAccess" name="test_b2b_status_requires_auth" time="0.199" /><testcase classname="tests.test_b2b_payments_modules.TestUnauthenticatedAccess" name="test_b2b_manifest_requires_auth" time="0.072" /><testcase classname="tests.test_b2b_payments_modules.TestUnauthenticatedAccess" name="test_b2b_profiles_requires_auth" time="0.075" /><testcase classname="tests.test_b2b_payments_modules.TestUnauthenticatedAccess" name="test_b2b_price_tiers_requires_auth" time="0.076" /><testcase classname="tests.test_b2b_payments_modules.TestUnauthenticatedAccess" name="test_b2b_invoices_requires_auth" time="0.077" /><testcase classname="tests.test_b2b_payments_modules.TestUnauthenticatedAccess" name="test_b2b_bulk_orders_requires_auth" time="0.080" /><testcase classname="tests.test_b2b_payments_modules.TestUnauthenticatedAccess" name="test_b2b_entitlements_requires_auth" time="0.074" /><testcase classname="tests.test_b2b_payments_modules.TestUnauthenticatedAccess" name="test_b2b_validate_requires_auth" time="0.072" /><testcase classname="tests.test_b2b_payments_modules.TestUnauthenticatedAccess" name="test_payments_status_requires_auth" time="0.074" /><testcase classname="tests.test_b2b_payments_modules.TestUnauthenticatedAccess" name="test_payments_manifest_requires_auth" time="0.071" /><testcase classname="tests.test_b2b_payments_modules.TestUnauthenticatedAccess" name="test_payments_wallets_requires_auth" time="0.073" /><testcase classname="tests.test_b2b_payments_modules.TestUnauthenticatedAccess" name="test_payments_payments_requires_auth" time="0.071" /><testcase classname="tests.test_b2b_payments_modules.TestUnauthenticatedAccess" name="test_payments_refunds_requires_auth" time="0.077" /><testcase classname="tests.test_b2b_payments_modules.TestUnauthenticatedAccess" name="test_payments_statistics_requires_auth" time="0.068" /><testcase classname="tests.test_b2b_payments_modules.TestUnauthenticatedAccess" name="test_payments_entitlements_requires_auth" time="0.072" /><testcase classname="tests.test_b2b_payments_modules.TestUnauthenticatedAccess" name="test_payments_validate_requires_auth" time="0.071" /><testcase classname="tests.test_b2b_payments_modules.TestAuthenticatedB2BModule" name="test_b2b_status" time="12.100" /><testcase classname="tests.test_b2b_payments_modules.TestAuthenticatedB2BModule" name="test_b2b_manifest" time="1.648" /><testcase classname="tests.test_b2b_payments_modules.TestAuthenticatedB2BModule" name="test_b2b_initialize" time="9.791" /><testcase classname="tests.test_b2b_payments_modules.TestAuthenticatedB2BModule" name="test_b2b_price_tiers" time="2.163" /><testcase classname="tests.test_b2b_payments_modules.TestAuthenticatedB2BModule" name="test_b2b_profiles" time="2.356" /><testcase classname="tests.test_b2b_payments_modules.TestAuthenticatedB2BModule" name="test_b2b_invoices" time="2.137" /><testcase classname="tests.test_b2b_payments_modules.TestAuthenticatedB2BModule" name="test_b2b_bulk_orders" time="2.158" /><testcase classname="tests.test_b2b_payments_modules.TestAuthenticatedB2BModule" name="test_b2b_entitlements" time="3.058" /><testcase classname="tests.test_b2b_payments_modules.TestAuthenticatedB2BModule" name="test_b2b_validate" time="1.653" /><testcase classname="tests.test_b2b_payments_modules.TestAuthenticatedPaymentsModule" name="test_payments_status" time="2.789" /><testcase classname="tests.test_b2b_payments_modules.TestAuthenticatedPaymentsModule" name="test_payments_manifest" time="1.639" /><testcase classname="tests.test_b2b_payments_modules.TestAuthenticatedPaymentsModule" name="test_payments_initialize" time="4.322" /><testcase classname="tests.test_b2b_payments_modules.TestAuthenticatedPaymentsModule" name="test_payments_wallets" time="2.133" /><testcase classname="tests.test_b2b_payments_modules.TestAuthenticatedPaymentsModule" name="test_payments_list" time="2.133" /><testcase classname="tests.test_b2b_payments_modules.TestAuthenticatedPaymentsModule" name="test_payments_refunds" time="2.129" /><testcase classname="tests.test_b2b_payments_modules.TestAuthenticatedPaymentsModule" name="test_payments_statistics" time="2.235" /><testcase classname="tests.test_b2b_payments_modules.TestAuthenticatedPaymentsModule" name="test_payments_entitlements" time="3.052" /><testcase classname="tests.test_b2b_payments_modules.TestAuthenticatedPaymentsModule" name="test_payments_validate" time="1.651" /><testcase classname="tests.test_b2b_payments_modules.TestAuthenticatedPaymentsModule" name="test_payments_create_intent" time="4.073" /><testcase classname="tests.test_b2b_payments_modules.TestAuthenticatedPaymentsModule" name="test_payments_record_cash" time="8.990" /><testcase classname="tests.test_b2b_payments_modules.TestNigeriaFirstFeatures" name="test_b2b_ngn_default_currency" time="2.751" /><testcase classname="tests.test_b2b_payments_modules.TestNigeriaFirstFeatures" name="test_payments_ngn_default_currency" time="2.678" /><testcase classname="tests.test_b2b_payments_modules.TestNigeriaFirstFeatures" name="test_payments_cash_enabled" time="2.661" /><testcase classname="tests.test_b2b_payments_modules.TestNigeriaFirstFeatures" name="test_payments_offline_cash_enabled" time="2.651" /><testcase classname="tests.test_b2b_payments_modules.TestNigeriaFirstFeatures" name="test_b2b_manifest_nigeria_features" time="1.657" /><testcase classname="tests.test_b2b_payments_modules.TestNigeriaFirstFeatures" name="test_payments_manifest_nigeria_features" time="1.753" /></testsuite></testsuites>