<?xml version="1.0" encoding="utf-8"?><testsuites name="pytest tests"><testsuite name="pytest" errors="0" failures="0" skipped="0" tests="24" time="23.585" timestamp="2026-01-02T17:02:45.280070+00:00" hostname="agent-env-162b69ad-974a-443b-88a9-177370b6dd43"><testcase classname="tests.test_capability_guards.TestPOSCapabilityGuard" name="test_pos_products_get_returns_403_when_inactive" time="0.765" /><testcase classname="tests.test_capability_guards.TestPOSCapabilityGuard" name="test_pos_products_post_returns_403_when_inactive" time="0.586" /><testcase classname="tests.test_capability_guards.TestPOSCapabilityGuard" name="test_pos_inventory_get_returns_403_when_inactive" time="0.582" /><testcase classname="tests.test_capability_guards.TestPOSCapabilityGuard" name="test_pos_inventory_post_returns_403_when_inactive" time="0.573" /><testcase classname="tests.test_capability_guards.TestSVMCapabilityGuard" name="test_svm_cart_get_returns_403_when_inactive" time="0.589" /><testcase classname="tests.test_capability_guards.TestSVMCapabilityGuard" name="test_svm_cart_post_returns_403_when_inactive" time="0.572" /><testcase classname="tests.test_capability_guards.TestSVMCapabilityGuard" name="test_svm_cart_delete_returns_403_when_inactive" time="0.576" /><testcase classname="tests.test_capability_guards.TestSVMCapabilityGuard" name="test_svm_orders_get_returns_403_when_inactive" time="0.578" /><testcase classname="tests.test_capability_guards.TestSVMCapabilityGuard" name="test_svm_orders_post_returns_403_when_inactive" time="0.572" /><testcase classname="tests.test_capability_guards.TestMVMCapabilityGuard" name="test_mvm_vendors_get_returns_403_when_inactive" time="0.585" /><testcase classname="tests.test_capability_guards.TestMVMCapabilityGuard" name="test_mvm_vendors_post_returns_403_when_inactive" time="0.568" /><testcase classname="tests.test_capability_guards.TestMVMCapabilityGuard" name="test_mvm_orders_get_returns_403_when_inactive" time="0.572" /><testcase classname="tests.test_capability_guards.TestMVMCapabilityGuard" name="test_mvm_orders_post_returns_403_when_inactive" time="0.570" /><testcase classname="tests.test_capability_guards.TestInventoryCapabilityGuard" name="test_inventory_warehouses_requires_auth" time="0.074" /><testcase classname="tests.test_capability_guards.TestInventoryCapabilityGuard" name="test_inventory_transfers_requires_auth" time="0.068" /><testcase classname="tests.test_capability_guards.TestInventoryCapabilityGuard" name="test_inventory_warehouses_post_requires_auth" time="0.073" /><testcase classname="tests.test_capability_guards.TestInventoryCapabilityGuard" name="test_inventory_transfers_post_requires_auth" time="0.068" /><testcase classname="tests.test_capability_guards.TestCapabilityGuardErrorFormat" name="test_error_response_has_all_required_fields" time="0.570" /><testcase classname="tests.test_capability_guards.TestCapabilityGuardErrorFormat" name="test_error_message_is_user_friendly" time="0.647" /><testcase classname="tests.test_capability_guards.TestTenantIdValidation" name="test_pos_requires_tenant_id" time="0.103" /><testcase classname="tests.test_capability_guards.TestTenantIdValidation" name="test_svm_requires_tenant_id" time="0.070" /><testcase classname="tests.test_capability_guards.TestTenantIdValidation" name="test_mvm_requires_tenant_id" time="0.072" /><testcase classname="tests.test_capability_guards.TestCapabilityTenantEndpoint" name="test_capabilities_tenant_requires_auth" time="0.187" /><testcase classname="tests.test_capability_guards.TestCapabilityTenantEndpoint" name="test_public_capabilities_endpoint_works" time="13.815" /></testsuite></testsuites>