<?xml version="1.0" encoding="utf-8"?><testsuites name="pytest tests"><testsuite name="pytest" errors="0" failures="0" skipped="0" tests="36" time="360.729" timestamp="2026-01-02T16:21:29.541344+00:00" hostname="agent-env-162b69ad-974a-443b-88a9-177370b6dd43"><testcase classname="tests.test_capability_framework.TestPublicCapabilitiesAPI" name="test_get_capabilities_returns_200" time="14.182" /><testcase classname="tests.test_capability_framework.TestPublicCapabilitiesAPI" name="test_get_capabilities_returns_json" time="14.082" /><testcase classname="tests.test_capability_framework.TestPublicCapabilitiesAPI" name="test_get_capabilities_has_required_fields" time="13.804" /><testcase classname="tests.test_capability_framework.TestPublicCapabilitiesAPI" name="test_get_capabilities_returns_26_capabilities" time="13.812" /><testcase classname="tests.test_capability_framework.TestPublicCapabilitiesAPI" name="test_capabilities_have_required_structure" time="13.775" /><testcase classname="tests.test_capability_framework.TestPublicCapabilitiesAPI" name="test_core_capabilities_exist" time="13.795" /><testcase classname="tests.test_capability_framework.TestPublicCapabilitiesAPI" name="test_commerce_capabilities_exist" time="13.845" /><testcase classname="tests.test_capability_framework.TestPublicCapabilitiesAPI" name="test_education_capabilities_exist" time="13.827" /><testcase classname="tests.test_capability_framework.TestPublicCapabilitiesAPI" name="test_hospitality_capabilities_exist" time="13.811" /><testcase classname="tests.test_capability_framework.TestPublicCapabilitiesAPI" name="test_healthcare_capabilities_exist" time="13.801" /><testcase classname="tests.test_capability_framework.TestPublicCapabilitiesAPI" name="test_domain_filter_works" time="13.686" /><testcase classname="tests.test_capability_framework.TestPublicCapabilitiesAPI" name="test_by_domain_grouping" time="14.446" /><testcase classname="tests.test_capability_framework.TestPublicCapabilitiesAPI" name="test_dependencies_are_arrays" time="13.784" /><testcase classname="tests.test_capability_framework.TestPublicCapabilitiesAPI" name="test_mvm_depends_on_svm" time="13.763" /><testcase classname="tests.test_capability_framework.TestPublicCapabilitiesAPI" name="test_hotel_reservations_depends_on_hotel_rooms" time="13.749" /><testcase classname="tests.test_capability_framework.TestAuthenticatedEndpoints" name="test_tenant_capabilities_requires_auth" time="0.143" /><testcase classname="tests.test_capability_framework.TestAuthenticatedEndpoints" name="test_admin_capabilities_requires_auth" time="0.076" /><testcase classname="tests.test_capability_framework.TestAuthenticatedEndpoints" name="test_seed_capabilities_requires_auth" time="0.082" /><testcase classname="tests.test_capability_framework.TestAuthenticatedEndpoints" name="test_activate_capability_requires_auth" time="0.085" /><testcase classname="tests.test_capability_framework.TestAuthenticatedEndpoints" name="test_deactivate_capability_requires_auth" time="0.166" /><testcase classname="tests.test_capability_framework.TestCapabilityDomains" name="test_all_domains_present" time="13.889" /><testcase classname="tests.test_capability_framework.TestCapabilityDomains" name="test_core_domain_has_2_capabilities" time="13.769" /><testcase classname="tests.test_capability_framework.TestCapabilityDomains" name="test_commerce_domain_has_8_capabilities" time="13.745" /><testcase classname="tests.test_capability_framework.TestCapabilityDomains" name="test_finance_domain_has_3_capabilities" time="13.649" /><testcase classname="tests.test_capability_framework.TestCapabilityDomains" name="test_general_domain_has_3_capabilities" time="13.717" /><testcase classname="tests.test_capability_framework.TestCapabilityMetadata" name="test_capabilities_have_icons" time="13.735" /><testcase classname="tests.test_capability_framework.TestCapabilityMetadata" name="test_capabilities_have_sort_order" time="13.771" /><testcase classname="tests.test_capability_framework.TestCapabilityMetadata" name="test_capabilities_have_descriptions" time="13.778" /><testcase classname="tests.test_capability_framework.TestCapabilityMetadata" name="test_include_metadata_param" time="13.711" /><testcase classname="tests.test_capability_framework.TestEndpointExistence" name="test_capabilities_endpoint_exists" time="13.724" /><testcase classname="tests.test_capability_framework.TestEndpointExistence" name="test_tenant_capabilities_endpoint_exists" time="0.075" /><testcase classname="tests.test_capability_framework.TestEndpointExistence" name="test_admin_capabilities_endpoint_exists" time="0.076" /><testcase classname="tests.test_capability_framework.TestEndpointExistence" name="test_seed_endpoint_exists" time="0.075" /><testcase classname="tests.test_capability_framework.TestEndpointExistence" name="test_activate_endpoint_exists" time="0.078" /><testcase classname="tests.test_capability_framework.TestEndpointExistence" name="test_deactivate_endpoint_exists" time="0.160" /><testcase classname="tests.test_capability_framework.TestCapabilityKeys" name="test_all_capability_keys_present" time="13.897" /></testsuite></testsuites>