<?xml version="1.0" encoding="utf-8"?><testsuites name="pytest tests"><testsuite name="pytest" errors="0" failures="0" skipped="0" tests="19" time="3.150" timestamp="2026-01-05T23:00:22.024322+00:00" hostname="agent-env-f8289864-42c3-4fde-9ba5-229c347e5798"><testcase classname="tests.test_civic_suite.TestCivicMainAPI" name="test_civic_main_endpoint_returns_config_and_stats" time="0.154" /><testcase classname="tests.test_civic_suite.TestCivicMainAPI" name="test_civic_post_get_demo_data" time="0.111" /><testcase classname="tests.test_civic_suite.TestConstituentsAPI" name="test_get_constituents_list" time="0.099" /><testcase classname="tests.test_civic_suite.TestConstituentsAPI" name="test_get_constituents_with_status_filter" time="0.099" /><testcase classname="tests.test_civic_suite.TestConstituentsAPI" name="test_get_constituents_with_type_filter" time="0.097" /><testcase classname="tests.test_civic_suite.TestConstituentsAPI" name="test_get_wards_list" time="0.093" /><testcase classname="tests.test_civic_suite.TestDuesAPI" name="test_get_dues_list" time="0.646" /><testcase classname="tests.test_civic_suite.TestDuesAPI" name="test_get_dues_stats" time="0.102" /><testcase classname="tests.test_civic_suite.TestDuesAPI" name="test_get_overdue_list" time="0.101" /><testcase classname="tests.test_civic_suite.TestServiceRequestsAPI" name="test_get_service_requests_list" time="0.236" /><testcase classname="tests.test_civic_suite.TestServiceRequestsAPI" name="test_get_service_requests_stats" time="0.159" /><testcase classname="tests.test_civic_suite.TestCertificatesAPI" name="test_get_certificates_list" time="0.220" /><testcase classname="tests.test_civic_suite.TestCertificatesAPI" name="test_get_certificates_stats" time="0.092" /><testcase classname="tests.test_civic_suite.TestEventsAPI" name="test_get_events_list" time="0.213" /><testcase classname="tests.test_civic_suite.TestEventsAPI" name="test_get_upcoming_events" time="0.089" /><testcase classname="tests.test_civic_suite.TestEventsAPI" name="test_get_events_stats" time="0.092" /><testcase classname="tests.test_civic_suite.TestVotingAPI" name="test_get_polls_list" time="0.209" /><testcase classname="tests.test_civic_suite.TestVotingAPI" name="test_get_active_polls" time="0.093" /><testcase classname="tests.test_civic_suite.TestVotingAPI" name="test_get_voting_stats" time="0.096" /></testsuite></testsuites>