<?xml version="1.0" encoding="utf-8"?><testsuites name="pytest tests"><testsuite name="pytest" errors="0" failures="0" skipped="0" tests="48" time="135.168" timestamp="2026-01-02T09:54:19.862550+00:00" hostname="agent-env-c4e6a5b9-f83b-4d0b-9120-48454952e240"><testcase classname="tests.test_commerce_wallet_phase_b2.TestWalletCreation" name="test_create_customer_wallet" time="1.761" /><testcase classname="tests.test_commerce_wallet_phase_b2.TestWalletCreation" name="test_create_vendor_wallet" time="1.065" /><testcase classname="tests.test_commerce_wallet_phase_b2.TestWalletCreation" name="test_create_platform_wallet" time="1.073" /><testcase classname="tests.test_commerce_wallet_phase_b2.TestWalletCreation" name="test_customer_wallet_requires_customer_id" time="0.073" /><testcase classname="tests.test_commerce_wallet_phase_b2.TestWalletCreation" name="test_vendor_wallet_requires_vendor_id" time="0.071" /><testcase classname="tests.test_commerce_wallet_phase_b2.TestWalletCreation" name="test_platform_wallet_no_owner" time="0.068" /><testcase classname="tests.test_commerce_wallet_phase_b2.TestWalletCreation" name="test_get_or_create_returns_existing" time="1.642" /><testcase classname="tests.test_commerce_wallet_phase_b2.TestWalletRetrieval" name="test_get_wallet_by_id" time="0.769" /><testcase classname="tests.test_commerce_wallet_phase_b2.TestWalletRetrieval" name="test_get_wallet_without_ledger" time="0.580" /><testcase classname="tests.test_commerce_wallet_phase_b2.TestWalletRetrieval" name="test_get_wallet_not_found" time="0.570" /><testcase classname="tests.test_commerce_wallet_phase_b2.TestWalletRetrieval" name="test_get_wallet_wrong_tenant" time="0.807" /><testcase classname="tests.test_commerce_wallet_phase_b2.TestWalletRetrieval" name="test_list_wallets_for_tenant" time="0.672" /><testcase classname="tests.test_commerce_wallet_phase_b2.TestWalletRetrieval" name="test_list_wallets_filter_by_type" time="0.575" /><testcase classname="tests.test_commerce_wallet_phase_b2.TestWalletRetrieval" name="test_list_wallets_filter_by_customer_id" time="0.568" /><testcase classname="tests.test_commerce_wallet_phase_b2.TestCreditOperations" name="test_credit_sale_proceeds" time="1.733" /><testcase classname="tests.test_commerce_wallet_phase_b2.TestCreditOperations" name="test_credit_platform_fee" time="1.699" /><testcase classname="tests.test_commerce_wallet_phase_b2.TestCreditOperations" name="test_credit_refund" time="1.700" /><testcase classname="tests.test_commerce_wallet_phase_b2.TestCreditOperations" name="test_credit_adjustment" time="1.730" /><testcase classname="tests.test_commerce_wallet_phase_b2.TestCreditOperations" name="test_credit_idempotency" time="2.991" /><testcase classname="tests.test_commerce_wallet_phase_b2.TestCreditOperations" name="test_credit_requires_credit_entry_type" time="0.580" /><testcase classname="tests.test_commerce_wallet_phase_b2.TestCreditOperations" name="test_credit_requires_positive_amount" time="0.086" /><testcase classname="tests.test_commerce_wallet_phase_b2.TestDebitOperations" name="test_debit_payout" time="4.513" /><testcase classname="tests.test_commerce_wallet_phase_b2.TestDebitOperations" name="test_debit_platform_fee" time="3.430" /><testcase classname="tests.test_commerce_wallet_phase_b2.TestDebitOperations" name="test_debit_idempotency" time="4.756" /><testcase classname="tests.test_commerce_wallet_phase_b2.TestDebitOperations" name="test_debit_insufficient_balance" time="4.079" /><testcase classname="tests.test_commerce_wallet_phase_b2.TestDebitOperations" name="test_debit_requires_debit_entry_type" time="2.404" /><testcase classname="tests.test_commerce_wallet_phase_b2.TestHoldOperations" name="test_create_hold" time="4.505" /><testcase classname="tests.test_commerce_wallet_phase_b2.TestHoldOperations" name="test_release_hold" time="6.979" /><testcase classname="tests.test_commerce_wallet_phase_b2.TestHoldOperations" name="test_capture_hold" time="6.301" /><testcase classname="tests.test_commerce_wallet_phase_b2.TestHoldOperations" name="test_hold_insufficient_available_balance" time="7.235" /><testcase classname="tests.test_commerce_wallet_phase_b2.TestHoldOperations" name="test_hold_requires_hold_id" time="3.385" /><testcase classname="tests.test_commerce_wallet_phase_b2.TestTransferOperations" name="test_transfer_funds" time="6.890" /><testcase classname="tests.test_commerce_wallet_phase_b2.TestTransferOperations" name="test_transfer_idempotency" time="8.794" /><testcase classname="tests.test_commerce_wallet_phase_b2.TestTransferOperations" name="test_transfer_insufficient_balance" time="6.363" /><testcase classname="tests.test_commerce_wallet_phase_b2.TestTransferOperations" name="test_transfer_same_wallet_fails" time="3.981" /><testcase classname="tests.test_commerce_wallet_phase_b2.TestWalletStatusUpdate" name="test_update_status_to_frozen" time="2.178" /><testcase classname="tests.test_commerce_wallet_phase_b2.TestWalletStatusUpdate" name="test_update_status_back_to_active" time="3.298" /><testcase classname="tests.test_commerce_wallet_phase_b2.TestWalletStatusUpdate" name="test_frozen_wallet_cannot_credit" time="3.357" /><testcase classname="tests.test_commerce_wallet_phase_b2.TestWalletStatusUpdate" name="test_invalid_status_rejected" time="1.729" /><testcase classname="tests.test_commerce_wallet_phase_b2.TestRecalculateBalance" name="test_recalculate_balance" time="6.122" /><testcase classname="tests.test_commerce_wallet_phase_b2.TestLedgerEntries" name="test_get_ledger_entries" time="5.804" /><testcase classname="tests.test_commerce_wallet_phase_b2.TestLedgerEntries" name="test_filter_by_entry_type" time="5.529" /><testcase classname="tests.test_commerce_wallet_phase_b2.TestLedgerEntries" name="test_filter_by_reference_type" time="5.589" /><testcase classname="tests.test_commerce_wallet_phase_b2.TestLedgerEntries" name="test_ledger_pagination" time="5.774" /><testcase classname="tests.test_commerce_wallet_phase_b2.TestValidationAndEdgeCases" name="test_missing_tenant_id" time="0.498" /><testcase classname="tests.test_commerce_wallet_phase_b2.TestValidationAndEdgeCases" name="test_invalid_wallet_type" time="0.067" /><testcase classname="tests.test_commerce_wallet_phase_b2.TestValidationAndEdgeCases" name="test_missing_action" time="0.070" /><testcase classname="tests.test_commerce_wallet_phase_b2.TestValidationAndEdgeCases" name="test_missing_idempotency_key" time="0.597" /></testsuite></testsuites>