<?xml version="1.0" encoding="utf-8"?><testsuites name="pytest tests"><testsuite name="pytest" errors="0" failures="0" skipped="0" tests="46" time="37.813" timestamp="2026-01-03T08:36:06.003653+00:00" hostname="agent-env-245ec560-57c7-4b6b-90bf-7006d3aa3f68"><testcase classname="tests.test_compliance_ai_modules.TestComplianceModuleStatus" name="test_compliance_status" time="1.281" /><testcase classname="tests.test_compliance_ai_modules.TestComplianceModuleStatus" name="test_compliance_validate" time="0.078" /><testcase classname="tests.test_compliance_ai_modules.TestComplianceModuleStatus" name="test_compliance_manifest" time="0.073" /><testcase classname="tests.test_compliance_ai_modules.TestComplianceProfile" name="test_compliance_profile_requires_tenant" time="0.075" /><testcase classname="tests.test_compliance_ai_modules.TestComplianceProfile" name="test_compliance_profile_get" time="1.676" /><testcase classname="tests.test_compliance_ai_modules.TestComplianceProfile" name="test_tax_config_requires_tenant" time="0.075" /><testcase classname="tests.test_compliance_ai_modules.TestComplianceProfile" name="test_tax_config_get" time="0.772" /><testcase classname="tests.test_compliance_ai_modules.TestComplianceTaxComputation" name="test_compute_tax_missing_params" time="0.076" /><testcase classname="tests.test_compliance_ai_modules.TestComplianceTaxComputation" name="test_compute_tax_success" time="1.969" /><testcase classname="tests.test_compliance_ai_modules.TestComplianceTaxComputation" name="test_list_computations_requires_tenant" time="0.096" /><testcase classname="tests.test_compliance_ai_modules.TestComplianceTaxComputation" name="test_list_computations" time="1.207" /><testcase classname="tests.test_compliance_ai_modules.TestComplianceReporting" name="test_generate_report_missing_params" time="0.080" /><testcase classname="tests.test_compliance_ai_modules.TestComplianceReporting" name="test_generate_vat_summary_report" time="3.595" /><testcase classname="tests.test_compliance_ai_modules.TestComplianceReporting" name="test_generate_compliance_status_report" time="4.336" /><testcase classname="tests.test_compliance_ai_modules.TestComplianceReporting" name="test_list_reports_requires_tenant" time="0.086" /><testcase classname="tests.test_compliance_ai_modules.TestComplianceReporting" name="test_list_reports" time="1.191" /><testcase classname="tests.test_compliance_ai_modules.TestComplianceHealthCheck" name="test_health_check_requires_tenant" time="0.080" /><testcase classname="tests.test_compliance_ai_modules.TestComplianceHealthCheck" name="test_health_check" time="0.866" /><testcase classname="tests.test_compliance_ai_modules.TestAIModuleStatus" name="test_ai_status" time="2.280" /><testcase classname="tests.test_compliance_ai_modules.TestAIModuleStatus" name="test_ai_validate" time="0.074" /><testcase classname="tests.test_compliance_ai_modules.TestAIModuleStatus" name="test_ai_manifest" time="0.084" /><testcase classname="tests.test_compliance_ai_modules.TestAIModuleStatus" name="test_ai_action_types" time="0.072" /><testcase classname="tests.test_compliance_ai_modules.TestAIInsights" name="test_list_insights_requires_tenant" time="0.081" /><testcase classname="tests.test_compliance_ai_modules.TestAIInsights" name="test_list_insights" time="1.809" /><testcase classname="tests.test_compliance_ai_modules.TestAIInsights" name="test_generate_insight_missing_explanation" time="0.109" /><testcase classname="tests.test_compliance_ai_modules.TestAIInsights" name="test_generate_insight_missing_data_sources" time="0.084" /><testcase classname="tests.test_compliance_ai_modules.TestAIInsights" name="test_generate_insight_success" time="1.696" /><testcase classname="tests.test_compliance_ai_modules.TestAIInsights" name="test_generate_sample_insights" time="1.680" /><testcase classname="tests.test_compliance_ai_modules.TestAIRecommendations" name="test_list_recommendations_requires_tenant" time="0.088" /><testcase classname="tests.test_compliance_ai_modules.TestAIRecommendations" name="test_list_recommendations" time="1.825" /><testcase classname="tests.test_compliance_ai_modules.TestAIRecommendations" name="test_create_recommendation_missing_explanation" time="0.092" /><testcase classname="tests.test_compliance_ai_modules.TestAIRecommendations" name="test_create_recommendation_missing_expected_outcome" time="0.083" /><testcase classname="tests.test_compliance_ai_modules.TestAIRecommendations" name="test_create_recommendation_success" time="1.127" /><testcase classname="tests.test_compliance_ai_modules.TestAIAutomationRules" name="test_list_rules_requires_tenant" time="0.082" /><testcase classname="tests.test_compliance_ai_modules.TestAIAutomationRules" name="test_list_rules" time="1.215" /><testcase classname="tests.test_compliance_ai_modules.TestAIAutomationRules" name="test_create_rule_invalid_action_type" time="0.119" /><testcase classname="tests.test_compliance_ai_modules.TestAIAutomationRules" name="test_create_rule_success" time="1.085" /><testcase classname="tests.test_compliance_ai_modules.TestAIAutomationRules" name="test_trigger_rule" time="2.572" /><testcase classname="tests.test_compliance_ai_modules.TestComplianceEdgeCases" name="test_unknown_action" time="0.084" /><testcase classname="tests.test_compliance_ai_modules.TestComplianceEdgeCases" name="test_post_unknown_action" time="0.076" /><testcase classname="tests.test_compliance_ai_modules.TestAIEdgeCases" name="test_unknown_action" time="0.085" /><testcase classname="tests.test_compliance_ai_modules.TestAIEdgeCases" name="test_post_unknown_action" time="0.087" /><testcase classname="tests.test_compliance_ai_modules.TestNigeriaFirstFeatures" name="test_compliance_nigeria_vat_rate" time="0.677" /><testcase classname="tests.test_compliance_ai_modules.TestNigeriaFirstFeatures" name="test_compliance_informal_business_support" time="0.570" /><testcase classname="tests.test_compliance_ai_modules.TestNigeriaFirstFeatures" name="test_ai_human_in_the_loop" time="1.157" /><testcase classname="tests.test_compliance_ai_modules.TestNigeriaFirstFeatures" name="test_ai_simple_explanations" time="1.066" /></testsuite></testsuites>