<?xml version="1.0" encoding="utf-8"?><testsuites name="pytest tests"><testsuite name="pytest" errors="0" failures="0" skipped="0" tests="18" time="55.790" timestamp="2026-01-05T21:28:17.084170+00:00" hostname="agent-env-6c046f77-ec5d-4889-a1a2-82c6c570cae3"><testcase classname="tests.test_education_suite.TestAuthentication" name="test_login_valid_credentials" time="2.977" /><testcase classname="tests.test_education_suite.TestAuthentication" name="test_login_invalid_credentials" time="0.580" /><testcase classname="tests.test_education_suite.TestEducationMainAPI" name="test_education_config_requires_auth" time="2.511" /><testcase classname="tests.test_education_suite.TestEducationMainAPI" name="test_education_config_returns_labels" time="3.748" /><testcase classname="tests.test_education_suite.TestEducationMainAPI" name="test_education_solution_package" time="3.713" /><testcase classname="tests.test_education_suite.TestEducationMainAPI" name="test_education_invalid_action" time="3.807" /><testcase classname="tests.test_education_suite.TestStudentsAPI" name="test_students_requires_auth" time="2.477" /><testcase classname="tests.test_education_suite.TestStudentsAPI" name="test_students_list_no_tenant" time="3.715" /><testcase classname="tests.test_education_suite.TestAcademicAPI" name="test_academic_requires_auth" time="2.449" /><testcase classname="tests.test_education_suite.TestAcademicAPI" name="test_academic_overview_no_tenant" time="3.775" /><testcase classname="tests.test_education_suite.TestGradesAPI" name="test_grades_requires_auth" time="2.720" /><testcase classname="tests.test_education_suite.TestGradesAPI" name="test_grades_scale_no_tenant" time="3.727" /><testcase classname="tests.test_education_suite.TestAttendanceAPI" name="test_attendance_requires_auth" time="2.485" /><testcase classname="tests.test_education_suite.TestAttendanceAPI" name="test_attendance_overview_no_tenant" time="3.772" /><testcase classname="tests.test_education_suite.TestFeesAPI" name="test_fees_requires_auth" time="2.467" /><testcase classname="tests.test_education_suite.TestFeesAPI" name="test_fees_structures_no_tenant" time="3.930" /><testcase classname="tests.test_education_suite.TestReportCardsAPI" name="test_report_cards_requires_auth" time="2.464" /><testcase classname="tests.test_education_suite.TestReportCardsAPI" name="test_report_cards_remark_suggestions_no_tenant" time="4.390" /></testsuite></testsuites>