<?xml version="1.0" encoding="utf-8"?><testsuites name="pytest tests"><testsuite name="pytest" errors="0" failures="0" skipped="0" tests="30" time="126.944" timestamp="2026-01-07T09:41:49.596440+00:00" hostname="agent-env-cad57752-5db9-46eb-b0ae-c1fcac47ebc5"><testcase classname="tests.test_education_suite_s3.TestAuthenticationFlow" name="test_login_school_admin" time="2.597" /><testcase classname="tests.test_education_suite_s3.TestAuthenticationFlow" name="test_login_partner_owner" time="2.492" /><testcase classname="tests.test_education_suite_s3.TestEducationMainAPI" name="test_education_config_requires_auth" time="2.620" /><testcase classname="tests.test_education_suite_s3.TestEducationMainAPI" name="test_education_stats_requires_auth" time="2.641" /><testcase classname="tests.test_education_suite_s3.TestEducationMainAPI" name="test_education_config_capability_check" time="4.636" /><testcase classname="tests.test_education_suite_s3.TestEducationMainAPI" name="test_education_stats_capability_check" time="4.749" /><testcase classname="tests.test_education_suite_s3.TestStudentsAPI" name="test_students_requires_auth" time="2.625" /><testcase classname="tests.test_education_suite_s3.TestStudentsAPI" name="test_students_list_capability_check" time="4.714" /><testcase classname="tests.test_education_suite_s3.TestGuardiansAPI" name="test_guardians_requires_auth" time="2.603" /><testcase classname="tests.test_education_suite_s3.TestGuardiansAPI" name="test_guardians_list_capability_check" time="4.795" /><testcase classname="tests.test_education_suite_s3.TestStaffAPI" name="test_staff_requires_auth" time="2.615" /><testcase classname="tests.test_education_suite_s3.TestStaffAPI" name="test_staff_list_capability_check" time="4.649" /><testcase classname="tests.test_education_suite_s3.TestAcademicAPI" name="test_academic_requires_auth" time="2.599" /><testcase classname="tests.test_education_suite_s3.TestAcademicAPI" name="test_academic_sessions_capability_check" time="4.760" /><testcase classname="tests.test_education_suite_s3.TestAcademicAPI" name="test_academic_classes_capability_check" time="4.613" /><testcase classname="tests.test_education_suite_s3.TestAcademicAPI" name="test_academic_subjects_capability_check" time="4.588" /><testcase classname="tests.test_education_suite_s3.TestEnrollmentsAPI" name="test_enrollments_requires_auth" time="2.578" /><testcase classname="tests.test_education_suite_s3.TestEnrollmentsAPI" name="test_enrollments_list_capability_check" time="4.722" /><testcase classname="tests.test_education_suite_s3.TestAttendanceAPI" name="test_attendance_requires_auth" time="2.582" /><testcase classname="tests.test_education_suite_s3.TestAttendanceAPI" name="test_attendance_list_capability_check" time="4.593" /><testcase classname="tests.test_education_suite_s3.TestAssessmentsAPI" name="test_assessments_requires_auth" time="2.582" /><testcase classname="tests.test_education_suite_s3.TestAssessmentsAPI" name="test_assessments_list_capability_check" time="4.684" /><testcase classname="tests.test_education_suite_s3.TestFeesAPI" name="test_fees_requires_auth" time="2.598" /><testcase classname="tests.test_education_suite_s3.TestFeesAPI" name="test_fees_structures_capability_check" time="4.597" /><testcase classname="tests.test_education_suite_s3.TestGradesAPI" name="test_grades_requires_auth" time="2.592" /><testcase classname="tests.test_education_suite_s3.TestGradesAPI" name="test_grades_boundaries_capability_check" time="4.765" /><testcase classname="tests.test_education_suite_s3.TestGradesAPI" name="test_grades_calculate_capability_check" time="4.594" /><testcase classname="tests.test_education_suite_s3.TestReportCardsAPI" name="test_report_cards_requires_auth" time="2.567" /><testcase classname="tests.test_education_suite_s3.TestReportCardsAPI" name="test_report_cards_remark_suggestions_capability_check" time="4.609" /><testcase classname="tests.test_education_suite_s3.TestCapabilityRegistration" name="test_education_capability_in_registry" time="20.519" /></testsuite></testsuites>