<?xml version="1.0" encoding="utf-8"?><testsuites name="pytest tests"><testsuite name="pytest" errors="0" failures="8" skipped="0" tests="53" time="213.805" timestamp="2026-01-02T17:59:12.633467+00:00" hostname="agent-env-4cfe4e7c-470c-469a-acf5-66e9deb5a3b6"><testcase classname="tests.test_expense_tracking_phase4.TestCapabilityGuard" name="test_list_expenses_unauthorized" time="1.716" /><testcase classname="tests.test_expense_tracking_phase4.TestCapabilityGuard" name="test_create_expense_unauthorized" time="0.082" /><testcase classname="tests.test_expense_tracking_phase4.TestCapabilityGuard" name="test_get_expense_unauthorized" time="0.529" /><testcase classname="tests.test_expense_tracking_phase4.TestCapabilityGuard" name="test_update_expense_unauthorized" time="0.129" /><testcase classname="tests.test_expense_tracking_phase4.TestCapabilityGuard" name="test_delete_expense_unauthorized" time="0.126" /><testcase classname="tests.test_expense_tracking_phase4.TestCapabilityGuard" name="test_submit_expense_unauthorized" time="0.717" /><testcase classname="tests.test_expense_tracking_phase4.TestCapabilityGuard" name="test_approve_expense_unauthorized" time="0.113" /><testcase classname="tests.test_expense_tracking_phase4.TestCapabilityGuard" name="test_reject_expense_unauthorized" time="0.162" /><testcase classname="tests.test_expense_tracking_phase4.TestCapabilityGuard" name="test_post_expense_unauthorized" time="0.189" /><testcase classname="tests.test_expense_tracking_phase4.TestCapabilityGuard" name="test_get_categories_unauthorized" time="0.377" /><testcase classname="tests.test_expense_tracking_phase4.TestCapabilityGuard" name="test_get_summary_unauthorized" time="0.264" /><testcase classname="tests.test_expense_tracking_phase4.TestExpenseCategories" name="test_get_expense_categories" time="13.389" /><testcase classname="tests.test_expense_tracking_phase4.TestExpenseCRUD" name="test_create_expense_cash" time="5.653" /><testcase classname="tests.test_expense_tracking_phase4.TestExpenseCRUD" name="test_create_expense_bank_transfer" time="5.807" /><testcase classname="tests.test_expense_tracking_phase4.TestExpenseCRUD" name="test_create_expense_mobile_money" time="5.777" /><testcase classname="tests.test_expense_tracking_phase4.TestExpenseCRUD" name="test_create_expense_with_vat" time="5.666" /><testcase classname="tests.test_expense_tracking_phase4.TestExpenseCRUD" name="test_create_expense_credit" time="5.726" /><testcase classname="tests.test_expense_tracking_phase4.TestExpenseCRUD" name="test_get_expense_by_id" time="3.627" /><testcase classname="tests.test_expense_tracking_phase4.TestExpenseCRUD" name="test_get_expense_not_found" time="2.694" /><testcase classname="tests.test_expense_tracking_phase4.TestExpenseCRUD" name="test_update_expense_draft" time="3.615" /><testcase classname="tests.test_expense_tracking_phase4.TestExpenseCRUD" name="test_list_expenses" time="3.706" /><testcase classname="tests.test_expense_tracking_phase4.TestExpenseCRUD" name="test_list_expenses_filter_by_status" time="3.598" /><testcase classname="tests.test_expense_tracking_phase4.TestExpenseCRUD" name="test_list_expenses_filter_by_payment_method" time="3.600" /><testcase classname="tests.test_expense_tracking_phase4.TestExpenseCRUD" name="test_list_expenses_filter_by_vendor" time="3.598" /><testcase classname="tests.test_expense_tracking_phase4.TestExpenseCRUD" name="test_list_expenses_filter_by_amount_range" time="3.914" /><testcase classname="tests.test_expense_tracking_phase4.TestExpenseCRUD" name="test_delete_expense_draft" time="11.082" /><testcase classname="tests.test_expense_tracking_phase4.TestExpenseValidation" name="test_create_expense_missing_required_fields" time="2.185" /><testcase classname="tests.test_expense_tracking_phase4.TestExpenseValidation" name="test_create_expense_invalid_amount" time="2.282" /><testcase classname="tests.test_expense_tracking_phase4.TestExpenseValidation" name="test_create_expense_invalid_payment_method" time="2.180" /><testcase classname="tests.test_expense_tracking_phase4.TestExpenseValidation" name="test_create_expense_invalid_account_code" time="2.684"><failure message="assert 520 == 500&#10; +  where 520 = &lt;Response [520]&gt;.status_code">tests/test_expense_tracking_phase4.py:469: in test_create_expense_invalid_account_code
    assert response.status_code == 500  # Account not found error
    ^^^^^^^^^^^^^^^^^^^^^^^^^^^^^^^^^^
E   assert 520 == 500
E    +  where 520 = &lt;Response [520]&gt;.status_code</failure></testcase><testcase classname="tests.test_expense_tracking_phase4.TestExpenseValidation" name="test_update_expense_invalid_amount" time="2.194" /><testcase classname="tests.test_expense_tracking_phase4.TestExpenseWorkflow" name="test_submit_expense" time="3.209" /><testcase classname="tests.test_expense_tracking_phase4.TestExpenseWorkflow" name="test_cannot_update_submitted_expense" time="2.704"><failure message="assert 520 == 500&#10; +  where 520 = &lt;Response [520]&gt;.status_code">tests/test_expense_tracking_phase4.py:507: in test_cannot_update_submitted_expense
    assert response.status_code == 500  # Service throws error
    ^^^^^^^^^^^^^^^^^^^^^^^^^^^^^^^^^^
E   assert 520 == 500
E    +  where 520 = &lt;Response [520]&gt;.status_code</failure></testcase><testcase classname="tests.test_expense_tracking_phase4.TestExpenseWorkflow" name="test_cannot_delete_submitted_expense" time="2.800"><failure message="assert 520 == 500&#10; +  where 520 = &lt;Response [520]&gt;.status_code">tests/test_expense_tracking_phase4.py:515: in test_cannot_delete_submitted_expense
    assert response.status_code == 500
E   assert 520 == 500
E    +  where 520 = &lt;Response [520]&gt;.status_code</failure></testcase><testcase classname="tests.test_expense_tracking_phase4.TestExpenseWorkflow" name="test_cannot_submit_already_submitted" time="2.705"><failure message="assert 520 == 500&#10; +  where 520 = &lt;Response [520]&gt;.status_code">tests/test_expense_tracking_phase4.py:523: in test_cannot_submit_already_submitted
    assert response.status_code == 500
E   assert 520 == 500
E    +  where 520 = &lt;Response [520]&gt;.status_code</failure></testcase><testcase classname="tests.test_expense_tracking_phase4.TestExpenseWorkflow" name="test_approve_expense" time="3.210" /><testcase classname="tests.test_expense_tracking_phase4.TestExpenseWorkflow" name="test_cannot_approve_non_submitted" time="2.698"><failure message="assert 520 == 500&#10; +  where 520 = &lt;Response [520]&gt;.status_code">tests/test_expense_tracking_phase4.py:545: in test_cannot_approve_non_submitted
    assert response.status_code == 500
E   assert 520 == 500
E    +  where 520 = &lt;Response [520]&gt;.status_code</failure></testcase><testcase classname="tests.test_expense_tracking_phase4.TestExpenseWorkflow" name="test_post_expense_creates_journal" time="10.319" /><testcase classname="tests.test_expense_tracking_phase4.TestExpenseWorkflow" name="test_posted_expense_has_journal_details" time="4.132" /><testcase classname="tests.test_expense_tracking_phase4.TestExpenseWorkflow" name="test_cannot_update_posted_expense" time="2.707"><failure message="assert 520 == 500&#10; +  where 520 = &lt;Response [520]&gt;.status_code">tests/test_expense_tracking_phase4.py:589: in test_cannot_update_posted_expense
    assert response.status_code == 500
E   assert 520 == 500
E    +  where 520 = &lt;Response [520]&gt;.status_code</failure></testcase><testcase classname="tests.test_expense_tracking_phase4.TestExpenseWorkflow" name="test_cannot_delete_posted_expense" time="2.716"><failure message="assert 520 == 500&#10; +  where 520 = &lt;Response [520]&gt;.status_code">tests/test_expense_tracking_phase4.py:597: in test_cannot_delete_posted_expense
    assert response.status_code == 500
E   assert 520 == 500
E    +  where 520 = &lt;Response [520]&gt;.status_code</failure></testcase><testcase classname="tests.test_expense_tracking_phase4.TestExpenseRejection" name="test_reject_expense_requires_reason" time="5.524" /><testcase classname="tests.test_expense_tracking_phase4.TestExpenseRejection" name="test_reject_expense" time="3.206" /><testcase classname="tests.test_expense_tracking_phase4.TestExpenseRejection" name="test_can_update_rejected_expense" time="3.640" /><testcase classname="tests.test_expense_tracking_phase4.TestExpenseRejection" name="test_cannot_reject_non_submitted" time="2.706"><failure message="assert 520 == 500&#10; +  where 520 = &lt;Response [520]&gt;.status_code">tests/test_expense_tracking_phase4.py:658: in test_cannot_reject_non_submitted
    assert response.status_code == 500
E   assert 520 == 500
E    +  where 520 = &lt;Response [520]&gt;.status_code</failure></testcase><testcase classname="tests.test_expense_tracking_phase4.TestDirectPost" name="test_post_draft_expense_directly" time="10.861" /><testcase classname="tests.test_expense_tracking_phase4.TestVATExpensePosting" name="test_post_expense_with_vat" time="16.296" /><testcase classname="tests.test_expense_tracking_phase4.TestCreditExpensePosting" name="test_post_credit_expense" time="14.977" /><testcase classname="tests.test_expense_tracking_phase4.TestExpenseSummary" name="test_get_summary_by_category" time="3.626" /><testcase classname="tests.test_expense_tracking_phase4.TestExpenseSummary" name="test_get_summary_by_payment_method" time="2.798" /><testcase classname="tests.test_expense_tracking_phase4.TestExpenseSummary" name="test_get_summary_with_date_range" time="3.602" /><testcase classname="tests.test_expense_tracking_phase4.TestInvalidActions" name="test_invalid_action" time="7.320" /><testcase classname="tests.test_expense_tracking_phase4.TestJournalEntryBalance" name="test_verify_journal_entry_via_journals_api" time="4.447" /></testsuite></testsuites>