<?xml version="1.0" encoding="utf-8"?><testsuites name="pytest tests"><testsuite name="pytest" errors="0" failures="0" skipped="0" tests="22" time="18.252" timestamp="2026-01-04T21:26:52.371892+00:00" hostname="agent-env-34db755c-690e-4f51-97f7-75d5caebbf8d"><testcase classname="tests.test_governance_apis.TestGovernanceAPIsUnauthenticated" name="test_impersonation_api_requires_auth" time="0.355" /><testcase classname="tests.test_governance_apis.TestGovernanceAPIsUnauthenticated" name="test_impersonation_status_requires_auth" time="0.094" /><testcase classname="tests.test_governance_apis.TestGovernanceAPIsUnauthenticated" name="test_impersonation_logs_requires_auth" time="0.096" /><testcase classname="tests.test_governance_apis.TestGovernanceAPIsUnauthenticated" name="test_impersonation_post_requires_auth" time="0.103" /><testcase classname="tests.test_governance_apis.TestGovernanceAPIsUnauthenticated" name="test_partners_api_requires_auth" time="0.272" /><testcase classname="tests.test_governance_apis.TestGovernanceAPIsUnauthenticated" name="test_partners_post_requires_auth" time="0.152" /><testcase classname="tests.test_governance_apis.TestGovernanceAPIsUnauthenticated" name="test_partner_detail_requires_auth" time="0.511" /><testcase classname="tests.test_governance_apis.TestGovernanceAPIsUnauthenticated" name="test_health_api_requires_auth" time="0.215" /><testcase classname="tests.test_governance_apis.TestGovernanceAPIsUnauthenticated" name="test_financials_api_requires_auth" time="0.231" /><testcase classname="tests.test_governance_apis.TestGovernanceAPIsUnauthenticated" name="test_errors_api_requires_auth" time="0.242" /><testcase classname="tests.test_governance_apis.TestGovernanceAPIsUnauthenticated" name="test_errors_api_with_filters_requires_auth" time="0.095" /><testcase classname="tests.test_governance_apis.TestExistingAdminAPIs" name="test_tenants_api_requires_auth" time="0.228" /><testcase classname="tests.test_governance_apis.TestExistingAdminAPIs" name="test_users_api_requires_auth" time="0.227" /><testcase classname="tests.test_governance_apis.TestExistingAdminAPIs" name="test_audit_logs_api_requires_auth" time="0.237" /><testcase classname="tests.test_governance_apis.TestFrontendPagesLoad" name="test_homepage_loads" time="2.705" /><testcase classname="tests.test_governance_apis.TestFrontendPagesLoad" name="test_login_page_loads" time="1.598" /><testcase classname="tests.test_governance_apis.TestFrontendPagesLoad" name="test_admin_page_loads" time="1.585" /><testcase classname="tests.test_governance_apis.TestFrontendPagesLoad" name="test_impersonation_page_loads" time="1.892" /><testcase classname="tests.test_governance_apis.TestFrontendPagesLoad" name="test_partners_page_loads" time="1.780" /><testcase classname="tests.test_governance_apis.TestFrontendPagesLoad" name="test_health_page_loads" time="1.937" /><testcase classname="tests.test_governance_apis.TestFrontendPagesLoad" name="test_financials_page_loads" time="1.782" /><testcase classname="tests.test_governance_apis.TestFrontendPagesLoad" name="test_errors_page_loads" time="1.794" /></testsuite></testsuites>