<?xml version="1.0" encoding="utf-8"?><testsuites name="pytest tests"><testsuite name="pytest" errors="0" failures="0" skipped="0" tests="27" time="38.695" timestamp="2026-01-04T15:41:43.747808+00:00" hostname="agent-env-75e3f882-0a97-460a-a6bd-25b22f278a07"><testcase classname="tests.test_hardening_verification.TestPartnerSettingsAPI" name="test_partner_settings_get_requires_auth" time="0.160" /><testcase classname="tests.test_hardening_verification.TestPartnerSettingsAPI" name="test_partner_settings_put_requires_auth" time="0.116" /><testcase classname="tests.test_hardening_verification.TestPartnerSettingsPage" name="test_partner_settings_page_exists" time="2.914" /><testcase classname="tests.test_hardening_verification.TestClientPortalAPI" name="test_client_portal_api_requires_auth" time="0.115" /><testcase classname="tests.test_hardening_verification.TestPartnerDashboardPages" name="test_partner_dashboard_main" time="2.593" /><testcase classname="tests.test_hardening_verification.TestPartnerDashboardPages" name="test_partner_saas_dashboard" time="2.640" /><testcase classname="tests.test_hardening_verification.TestPartnerDashboardPages" name="test_partner_clients_page" time="2.615" /><testcase classname="tests.test_hardening_verification.TestPartnerDashboardPages" name="test_partner_packages_page" time="2.611" /><testcase classname="tests.test_hardening_verification.TestPartnerDashboardPages" name="test_partner_staff_page" time="2.692" /><testcase classname="tests.test_hardening_verification.TestPartnerDashboardPages" name="test_partner_settings_page" time="2.603" /><testcase classname="tests.test_hardening_verification.TestPartnerAPIs" name="test_partner_me_api" time="0.109" /><testcase classname="tests.test_hardening_verification.TestPartnerAPIs" name="test_partner_dashboard_api" time="0.104" /><testcase classname="tests.test_hardening_verification.TestPartnerAPIs" name="test_partner_clients_api" time="0.110" /><testcase classname="tests.test_hardening_verification.TestPartnerAPIs" name="test_partner_packages_api" time="0.110" /><testcase classname="tests.test_hardening_verification.TestPartnerAPIs" name="test_partner_staff_api" time="0.111" /><testcase classname="tests.test_hardening_verification.TestPartnerAPIs" name="test_partner_earnings_api" time="0.113" /><testcase classname="tests.test_hardening_verification.TestAuthenticationFlow" name="test_login_page_loads" time="1.598" /><testcase classname="tests.test_hardening_verification.TestAuthenticationFlow" name="test_login_v2_page_loads" time="1.601" /><testcase classname="tests.test_hardening_verification.TestAuthenticationFlow" name="test_signup_page_loads" time="2.628" /><testcase classname="tests.test_hardening_verification.TestAuthenticationFlow" name="test_signup_v2_page_loads" time="2.613" /><testcase classname="tests.test_hardening_verification.TestHealthAndNavigation" name="test_health_check" time="0.618" /><testcase classname="tests.test_hardening_verification.TestHealthAndNavigation" name="test_homepage_loads" time="2.625" /><testcase classname="tests.test_hardening_verification.TestHealthAndNavigation" name="test_partners_page_loads" time="2.745" /><testcase classname="tests.test_hardening_verification.TestHealthAndNavigation" name="test_capabilities_page_loads" time="2.635" /><testcase classname="tests.test_hardening_verification.TestOTPProviderArchitecture" name="test_auth_v2_login_otp_action_exists" time="0.619" /><testcase classname="tests.test_hardening_verification.TestOTPProviderArchitecture" name="test_auth_v2_otp_resend_action_exists" time="0.607" /><testcase classname="tests.test_hardening_verification.TestOTPProviderArchitecture" name="test_auth_v2_identify_action_exists" time="0.623" /></testsuite></testsuites>