<?xml version="1.0" encoding="utf-8"?><testsuites name="pytest tests"><testsuite name="pytest" errors="0" failures="0" skipped="0" tests="33" time="4.750" timestamp="2026-01-07T12:48:20.735179+00:00" hostname="agent-env-2eca56c1-77a9-4870-aa34-68977652e2f3"><testcase classname="tests.test_health_suite_s3_auth.TestHealthMainEndpoint" name="test_health_get_returns_401_unauthenticated" time="0.166" /><testcase classname="tests.test_health_suite_s3_auth.TestHealthMainEndpoint" name="test_health_post_returns_401_unauthenticated" time="0.131" /><testcase classname="tests.test_health_suite_s3_auth.TestPatientsEndpoint" name="test_patients_get_returns_401_unauthenticated" time="0.370" /><testcase classname="tests.test_health_suite_s3_auth.TestPatientsEndpoint" name="test_patients_post_returns_401_unauthenticated" time="0.089" /><testcase classname="tests.test_health_suite_s3_auth.TestPatientsEndpoint" name="test_patients_patch_returns_401_unauthenticated" time="0.123" /><testcase classname="tests.test_health_suite_s3_auth.TestGuardiansEndpoint" name="test_guardians_get_returns_401_unauthenticated" time="0.227" /><testcase classname="tests.test_health_suite_s3_auth.TestGuardiansEndpoint" name="test_guardians_post_returns_401_unauthenticated" time="0.108" /><testcase classname="tests.test_health_suite_s3_auth.TestGuardiansEndpoint" name="test_guardians_patch_returns_401_unauthenticated" time="0.086" /><testcase classname="tests.test_health_suite_s3_auth.TestGuardiansEndpoint" name="test_guardians_delete_returns_401_unauthenticated" time="0.089" /><testcase classname="tests.test_health_suite_s3_auth.TestProvidersEndpoint" name="test_providers_get_returns_401_unauthenticated" time="0.174" /><testcase classname="tests.test_health_suite_s3_auth.TestProvidersEndpoint" name="test_providers_post_returns_401_unauthenticated" time="0.127" /><testcase classname="tests.test_health_suite_s3_auth.TestProvidersEndpoint" name="test_providers_patch_returns_401_unauthenticated" time="0.089" /><testcase classname="tests.test_health_suite_s3_auth.TestFacilitiesEndpoint" name="test_facilities_get_returns_401_unauthenticated" time="0.199" /><testcase classname="tests.test_health_suite_s3_auth.TestFacilitiesEndpoint" name="test_facilities_post_returns_401_unauthenticated" time="0.100" /><testcase classname="tests.test_health_suite_s3_auth.TestFacilitiesEndpoint" name="test_facilities_patch_returns_401_unauthenticated" time="0.091" /><testcase classname="tests.test_health_suite_s3_auth.TestAppointmentsEndpoint" name="test_appointments_get_returns_401_unauthenticated" time="0.183" /><testcase classname="tests.test_health_suite_s3_auth.TestAppointmentsEndpoint" name="test_appointments_post_returns_401_unauthenticated" time="0.240" /><testcase classname="tests.test_health_suite_s3_auth.TestAppointmentsEndpoint" name="test_appointments_patch_returns_401_unauthenticated" time="0.081" /><testcase classname="tests.test_health_suite_s3_auth.TestVisitsEndpoint" name="test_visits_get_returns_401_unauthenticated" time="0.176" /><testcase classname="tests.test_health_suite_s3_auth.TestVisitsEndpoint" name="test_visits_post_returns_401_unauthenticated" time="0.083" /><testcase classname="tests.test_health_suite_s3_auth.TestVisitsEndpoint" name="test_visits_patch_returns_401_unauthenticated" time="0.119" /><testcase classname="tests.test_health_suite_s3_auth.TestEncountersEndpoint" name="test_encounters_get_returns_401_unauthenticated" time="0.223" /><testcase classname="tests.test_health_suite_s3_auth.TestEncountersEndpoint" name="test_encounters_post_returns_401_unauthenticated" time="0.081" /><testcase classname="tests.test_health_suite_s3_auth.TestEncountersEndpoint" name="test_encounters_patch_returns_401_unauthenticated" time="0.135" /><testcase classname="tests.test_health_suite_s3_auth.TestPrescriptionsEndpoint" name="test_prescriptions_get_returns_401_unauthenticated" time="0.238" /><testcase classname="tests.test_health_suite_s3_auth.TestPrescriptionsEndpoint" name="test_prescriptions_post_returns_401_unauthenticated" time="0.126" /><testcase classname="tests.test_health_suite_s3_auth.TestPrescriptionsEndpoint" name="test_prescriptions_patch_returns_401_unauthenticated" time="0.080" /><testcase classname="tests.test_health_suite_s3_auth.TestLabOrdersEndpoint" name="test_lab_orders_get_returns_401_unauthenticated" time="0.178" /><testcase classname="tests.test_health_suite_s3_auth.TestLabOrdersEndpoint" name="test_lab_orders_post_returns_401_unauthenticated" time="0.081" /><testcase classname="tests.test_health_suite_s3_auth.TestLabOrdersEndpoint" name="test_lab_orders_patch_returns_401_unauthenticated" time="0.078" /><testcase classname="tests.test_health_suite_s3_auth.TestBillingFactsEndpoint" name="test_billing_facts_get_returns_401_unauthenticated" time="0.169" /><testcase classname="tests.test_health_suite_s3_auth.TestBillingFactsEndpoint" name="test_billing_facts_post_returns_401_unauthenticated" time="0.082" /><testcase classname="tests.test_health_suite_s3_auth.TestBillingFactsEndpoint" name="test_billing_facts_patch_returns_401_unauthenticated" time="0.080" /></testsuite></testsuites>