<?xml version="1.0" encoding="utf-8"?><testsuites name="pytest tests"><testsuite name="pytest" errors="0" failures="0" skipped="12" tests="18" time="7.653" timestamp="2026-01-05T21:59:27.153972+00:00" hostname="agent-env-6c046f77-ec5d-4889-a1a2-82c6c570cae3"><testcase classname="tests.test_health_suite.TestHealthSuiteAuth" name="test_unauthenticated_access_denied" time="0.758" /><testcase classname="tests.test_health_suite.TestHealthSuiteMainAPI" name="test_config_endpoint_structure" time="2.518"><skipped type="pytest.skip" message="Authentication required - expected for demo user">/app/tests/test_health_suite.py:99: Authentication required - expected for demo user</skipped></testcase><testcase classname="tests.test_health_suite.TestHealthSuiteMainAPI" name="test_solution_package_endpoint" time="0.060"><skipped type="pytest.skip" message="Authentication required">/app/tests/test_health_suite.py:131: Authentication required</skipped></testcase><testcase classname="tests.test_health_suite.TestHealthSuiteMainAPI" name="test_doctors_endpoint" time="0.101"><skipped type="pytest.skip" message="Authentication required">/app/tests/test_health_suite.py:156: Authentication required</skipped></testcase><testcase classname="tests.test_health_suite.TestHealthSuiteMainAPI" name="test_invalid_action" time="0.105"><skipped type="pytest.skip" message="Authentication required">/app/tests/test_health_suite.py:180: Authentication required</skipped></testcase><testcase classname="tests.test_health_suite.TestPatientsAPI" name="test_patients_list_no_tenant" time="0.782"><skipped type="pytest.skip" message="Authentication required">/app/tests/test_health_suite.py:214: Authentication required</skipped></testcase><testcase classname="tests.test_health_suite.TestPatientsAPI" name="test_patients_stats_no_tenant" time="0.073"><skipped type="pytest.skip" message="Authentication required">/app/tests/test_health_suite.py:229: Authentication required</skipped></testcase><testcase classname="tests.test_health_suite.TestAppointmentsAPI" name="test_appointments_list_no_tenant" time="0.784"><skipped type="pytest.skip" message="Authentication required">/app/tests/test_health_suite.py:268: Authentication required</skipped></testcase><testcase classname="tests.test_health_suite.TestAppointmentsAPI" name="test_appointments_today_no_tenant" time="0.107"><skipped type="pytest.skip" message="Authentication required">/app/tests/test_health_suite.py:281: Authentication required</skipped></testcase><testcase classname="tests.test_health_suite.TestConsultationsAPI" name="test_consultations_list_no_tenant" time="0.803"><skipped type="pytest.skip" message="Authentication required">/app/tests/test_health_suite.py:317: Authentication required</skipped></testcase><testcase classname="tests.test_health_suite.TestConsultationsAPI" name="test_consultations_stats_no_tenant" time="0.068"><skipped type="pytest.skip" message="Authentication required">/app/tests/test_health_suite.py:330: Authentication required</skipped></testcase><testcase classname="tests.test_health_suite.TestPrescriptionsAPI" name="test_prescriptions_list_no_tenant" time="0.800"><skipped type="pytest.skip" message="Authentication required">/app/tests/test_health_suite.py:366: Authentication required</skipped></testcase><testcase classname="tests.test_health_suite.TestPrescriptionsAPI" name="test_prescriptions_medications_no_tenant" time="0.069"><skipped type="pytest.skip" message="Authentication required">/app/tests/test_health_suite.py:379: Authentication required</skipped></testcase><testcase classname="tests.test_health_suite.TestAPIEndpointsExist" name="test_main_health_suite_endpoint_exists" time="0.103" /><testcase classname="tests.test_health_suite.TestAPIEndpointsExist" name="test_patients_endpoint_exists" time="0.111" /><testcase classname="tests.test_health_suite.TestAPIEndpointsExist" name="test_appointments_endpoint_exists" time="0.108" /><testcase classname="tests.test_health_suite.TestAPIEndpointsExist" name="test_consultations_endpoint_exists" time="0.108" /><testcase classname="tests.test_health_suite.TestAPIEndpointsExist" name="test_prescriptions_endpoint_exists" time="0.102" /></testsuite></testsuites>