<?xml version="1.0" encoding="utf-8"?><testsuites name="pytest tests"><testsuite name="pytest" errors="0" failures="0" skipped="0" tests="17" time="7.860" timestamp="2026-01-07T13:05:40.440132+00:00" hostname="agent-env-2eca56c1-77a9-4870-aa34-68977652e2f3"><testcase classname="tests.test_health_suite_s4_demo.TestHealthDemoAPI" name="test_demo_endpoint_returns_401_unauthenticated" time="0.160" /><testcase classname="tests.test_health_suite_s4_demo.TestHealthDemoAPI" name="test_demo_endpoint_clear_returns_401_unauthenticated" time="0.112" /><testcase classname="tests.test_health_suite_s4_demo.TestHealthDemoAPI" name="test_demo_endpoint_reset_returns_401_unauthenticated" time="0.105" /><testcase classname="tests.test_health_suite_s4_demo.TestHealthDemoPage" name="test_health_demo_page_loads" time="2.698" /><testcase classname="tests.test_health_suite_s4_demo.TestHealthDemoPage" name="test_health_demo_page_contains_health_suite_script" time="2.573" /><testcase classname="tests.test_health_suite_s4_demo.TestHealthAPIAuthGuards" name="test_health_config_returns_401_unauthenticated" time="0.123" /><testcase classname="tests.test_health_suite_s4_demo.TestHealthAPIAuthGuards" name="test_health_stats_returns_401_unauthenticated" time="0.103" /><testcase classname="tests.test_health_suite_s4_demo.TestHealthAPIAuthGuards" name="test_health_patients_returns_401_unauthenticated" time="0.107" /><testcase classname="tests.test_health_suite_s4_demo.TestHealthAPIAuthGuards" name="test_health_visits_returns_401_unauthenticated" time="0.105" /><testcase classname="tests.test_health_suite_s4_demo.TestHealthAPIAuthGuards" name="test_health_encounters_returns_401_unauthenticated" time="0.114" /><testcase classname="tests.test_health_suite_s4_demo.TestHealthAPIAuthGuards" name="test_health_billing_facts_returns_401_unauthenticated" time="0.206" /><testcase classname="tests.test_health_suite_s4_demo.TestHealthAPIAuthGuards" name="test_health_providers_returns_401_unauthenticated" time="0.256" /><testcase classname="tests.test_health_suite_s4_demo.TestHealthAPIAuthGuards" name="test_health_facilities_returns_401_unauthenticated" time="0.221" /><testcase classname="tests.test_health_suite_s4_demo.TestHealthAPIAuthGuards" name="test_health_appointments_returns_401_unauthenticated" time="0.222" /><testcase classname="tests.test_health_suite_s4_demo.TestHealthAPIAuthGuards" name="test_health_prescriptions_returns_401_unauthenticated" time="0.212" /><testcase classname="tests.test_health_suite_s4_demo.TestHealthAPIAuthGuards" name="test_health_lab_orders_returns_401_unauthenticated" time="0.257" /><testcase classname="tests.test_health_suite_s4_demo.TestHealthAPIAuthGuards" name="test_health_guardians_returns_401_unauthenticated" time="0.217" /></testsuite></testsuites>