<?xml version="1.0" encoding="utf-8"?><testsuites name="pytest tests"><testsuite name="pytest" errors="0" failures="0" skipped="0" tests="27" time="3.037" timestamp="2026-01-05T23:34:16.947234+00:00" hostname="agent-env-05059497-8842-41cd-9ddb-351343ade146"><testcase classname="tests.test_hospitality_suite.TestHospitalityMainAPI" name="test_get_hospitality_config_and_stats" time="0.143" /><testcase classname="tests.test_hospitality_suite.TestHospitalityMainAPI" name="test_post_get_demo_data" time="0.112" /><testcase classname="tests.test_hospitality_suite.TestRoomsAPI" name="test_get_all_rooms" time="0.098" /><testcase classname="tests.test_hospitality_suite.TestRoomsAPI" name="test_filter_rooms_by_type" time="0.095" /><testcase classname="tests.test_hospitality_suite.TestRoomsAPI" name="test_filter_rooms_by_occupancy_status" time="0.093" /><testcase classname="tests.test_hospitality_suite.TestRoomsAPI" name="test_filter_rooms_by_cleaning_status" time="0.097" /><testcase classname="tests.test_hospitality_suite.TestRoomsAPI" name="test_check_room_availability" time="0.093" /><testcase classname="tests.test_hospitality_suite.TestReservationsAPI" name="test_get_all_reservations" time="0.094" /><testcase classname="tests.test_hospitality_suite.TestReservationsAPI" name="test_filter_reservations_by_status" time="0.092" /><testcase classname="tests.test_hospitality_suite.TestReservationsAPI" name="test_get_reservation_stats" time="0.095" /><testcase classname="tests.test_hospitality_suite.TestReservationsAPI" name="test_get_in_house_guests" time="0.090" /><testcase classname="tests.test_hospitality_suite.TestGuestsAPI" name="test_get_all_guests" time="0.091" /><testcase classname="tests.test_hospitality_suite.TestGuestsAPI" name="test_search_guests" time="0.125" /><testcase classname="tests.test_hospitality_suite.TestGuestsAPI" name="test_filter_guests_by_type" time="0.090" /><testcase classname="tests.test_hospitality_suite.TestGuestsAPI" name="test_get_vip_guests" time="0.094" /><testcase classname="tests.test_hospitality_suite.TestGuestsAPI" name="test_get_guest_stats" time="0.090" /><testcase classname="tests.test_hospitality_suite.TestHousekeepingAPI" name="test_get_all_tasks" time="0.094" /><testcase classname="tests.test_hospitality_suite.TestHousekeepingAPI" name="test_filter_tasks_by_status" time="0.089" /><testcase classname="tests.test_hospitality_suite.TestHousekeepingAPI" name="test_filter_tasks_by_priority" time="0.090" /><testcase classname="tests.test_hospitality_suite.TestHousekeepingAPI" name="test_get_pending_tasks" time="0.134" /><testcase classname="tests.test_hospitality_suite.TestHousekeepingAPI" name="test_get_room_status_board" time="0.093" /><testcase classname="tests.test_hospitality_suite.TestHousekeepingAPI" name="test_get_housekeeping_stats" time="0.092" /><testcase classname="tests.test_hospitality_suite.TestFolioAPI" name="test_get_all_folios" time="0.089" /><testcase classname="tests.test_hospitality_suite.TestFolioAPI" name="test_filter_folios_by_status" time="0.089" /><testcase classname="tests.test_hospitality_suite.TestFolioAPI" name="test_get_folio_stats" time="0.095" /><testcase classname="tests.test_hospitality_suite.TestReservationActions" name="test_check_in_confirmed_reservation" time="0.181" /><testcase classname="tests.test_hospitality_suite.TestHousekeepingActions" name="test_start_pending_task" time="0.230" /></testsuite></testsuites>