<?xml version="1.0" encoding="utf-8"?><testsuites name="pytest tests"><testsuite name="pytest" errors="0" failures="0" skipped="2" tests="44" time="140.972" timestamp="2026-01-03T03:08:58.526857+00:00" hostname="agent-env-a7a0bad5-a612-49cf-a39e-7153d2e4bfd6"><testcase classname="tests.test_hr_module.TestHrUnauthenticated" name="test_hr_config_requires_auth" time="0.102" /><testcase classname="tests.test_hr_module.TestHrUnauthenticated" name="test_hr_employees_requires_auth" time="0.085" /><testcase classname="tests.test_hr_module.TestHrUnauthenticated" name="test_hr_attendance_requires_auth" time="0.049" /><testcase classname="tests.test_hr_module.TestHrUnauthenticated" name="test_hr_leave_requires_auth" time="0.098" /><testcase classname="tests.test_hr_module.TestHrUnauthenticated" name="test_hr_payroll_requires_auth" time="0.095" /><testcase classname="tests.test_hr_module.TestHrUnauthenticated" name="test_hr_payslips_requires_auth" time="0.049" /><testcase classname="tests.test_hr_module.TestHrAuthenticated" name="test_01_get_hr_config" time="11.030" /><testcase classname="tests.test_hr_module.TestHrAuthenticated" name="test_02_initialize_hr" time="3.528" /><testcase classname="tests.test_hr_module.TestHrAuthenticated" name="test_03_update_hr_config" time="6.298" /><testcase classname="tests.test_hr_module.TestHrAuthenticated" name="test_04_create_staff_member" time="1.257" /><testcase classname="tests.test_hr_module.TestHrAuthenticated" name="test_05_list_employees" time="2.652" /><testcase classname="tests.test_hr_module.TestHrAuthenticated" name="test_06_create_employee_profile" time="0.551"><skipped type="pytest.skip" message="No staff member available for employee profile creation">/app/tests/test_hr_module.py:307: No staff member available for employee profile creation</skipped></testcase><testcase classname="tests.test_hr_module.TestHrAuthenticated" name="test_07_get_employee_by_id" time="5.868" /><testcase classname="tests.test_hr_module.TestHrAuthenticated" name="test_08_update_employee_profile" time="2.155" /><testcase classname="tests.test_hr_module.TestHrAuthenticated" name="test_09_list_attendance" time="2.245" /><testcase classname="tests.test_hr_module.TestHrAuthenticated" name="test_10_get_today_attendance_overview" time="2.145" /><testcase classname="tests.test_hr_module.TestHrAuthenticated" name="test_11_clock_in" time="3.645" /><testcase classname="tests.test_hr_module.TestHrAuthenticated" name="test_12_clock_out" time="3.624" /><testcase classname="tests.test_hr_module.TestHrAuthenticated" name="test_13_manual_attendance" time="6.188" /><testcase classname="tests.test_hr_module.TestHrAuthenticated" name="test_14_list_leave_requests" time="2.141" /><testcase classname="tests.test_hr_module.TestHrAuthenticated" name="test_15_get_leave_balances" time="2.142" /><testcase classname="tests.test_hr_module.TestHrAuthenticated" name="test_16_create_leave_request" time="5.622" /><testcase classname="tests.test_hr_module.TestHrAuthenticated" name="test_17_get_leave_request_by_id" time="2.265" /><testcase classname="tests.test_hr_module.TestHrAuthenticated" name="test_18_approve_leave_request" time="4.686" /><testcase classname="tests.test_hr_module.TestHrAuthenticated" name="test_19_get_leave_calendar" time="2.839" /><testcase classname="tests.test_hr_module.TestHrAuthenticated" name="test_20_list_payroll_periods" time="2.142" /><testcase classname="tests.test_hr_module.TestHrAuthenticated" name="test_21_create_payroll_period" time="3.724" /><testcase classname="tests.test_hr_module.TestHrAuthenticated" name="test_22_get_payroll_period_by_id" time="4.554" /><testcase classname="tests.test_hr_module.TestHrAuthenticated" name="test_23_open_payroll_period" time="2.162" /><testcase classname="tests.test_hr_module.TestHrAuthenticated" name="test_24_calculate_payroll" time="3.607" /><testcase classname="tests.test_hr_module.TestHrAuthenticated" name="test_25_get_payroll_calculations" time="3.159" /><testcase classname="tests.test_hr_module.TestHrAuthenticated" name="test_26_finalize_payroll" time="3.259" /><testcase classname="tests.test_hr_module.TestHrAuthenticated" name="test_27_generate_payslips" time="3.168" /><testcase classname="tests.test_hr_module.TestHrAuthenticated" name="test_28_list_payslips" time="2.316" /><testcase classname="tests.test_hr_module.TestHrAuthenticated" name="test_29_get_payroll_statistics" time="2.243" /><testcase classname="tests.test_hr_module.TestHrAuthenticated" name="test_30_get_payslip_by_id" time="4.852" /><testcase classname="tests.test_hr_module.TestHrAuthenticated" name="test_31_update_payslip_payment_status" time="2.771" /><testcase classname="tests.test_hr_module.TestHrAuthenticated" name="test_32_mark_payslip_delivered" time="2.159" /><testcase classname="tests.test_hr_module.TestHrAuthenticated" name="test_33_verify_ngn_currency_support" time="3.695" /><testcase classname="tests.test_hr_module.TestHrAuthenticated" name="test_34_verify_cash_payment_support" time="3.636" /><testcase classname="tests.test_hr_module.TestHrAuthenticated" name="test_35_verify_pay_frequency_options" time="0.000"><skipped type="pytest.skip" message="No staff member available">/app/tests/test_hr_module.py:932: No staff member available</skipped></testcase><testcase classname="tests.test_hr_module.TestHrAuthenticated" name="test_36_offline_attendance_idempotency" time="11.627" /><testcase classname="tests.test_hr_module.TestHrAuthenticated" name="test_37_verify_finalized_payroll_immutable" time="6.036" /><testcase classname="tests.test_hr_module.TestHrAuthenticated" name="test_38_verify_tenant_isolation" time="4.395" /></testsuite></testsuites>