<?xml version="1.0" encoding="utf-8"?><testsuites name="pytest tests"><testsuite name="pytest" errors="0" failures="0" skipped="0" tests="43" time="54.456" timestamp="2026-01-03T09:13:00.883067+00:00" hostname="agent-env-245ec560-57c7-4b6b-90bf-7006d3aa3f68"><testcase classname="tests.test_integrations_module.TestModuleConfiguration" name="test_get_module_status" time="2.311" /><testcase classname="tests.test_integrations_module.TestModuleConfiguration" name="test_get_module_manifest" time="0.074" /><testcase classname="tests.test_integrations_module.TestModuleConfiguration" name="test_validate_module" time="0.619" /><testcase classname="tests.test_integrations_module.TestModuleConfiguration" name="test_initialize_module" time="13.227" /><testcase classname="tests.test_integrations_module.TestProviderRegistry" name="test_list_providers" time="1.200" /><testcase classname="tests.test_integrations_module.TestProviderRegistry" name="test_get_provider_paystack" time="0.764" /><testcase classname="tests.test_integrations_module.TestProviderRegistry" name="test_get_nigeria_first_providers" time="0.572" /><testcase classname="tests.test_integrations_module.TestProviderRegistry" name="test_get_categories" time="0.074" /><testcase classname="tests.test_integrations_module.TestProviderRegistry" name="test_get_providers_by_category" time="0.568" /><testcase classname="tests.test_integrations_module.TestProviderRegistry" name="test_get_provider_not_found" time="0.567" /><testcase classname="tests.test_integrations_module.TestProviderRegistry" name="test_get_provider_missing_key" time="0.074" /><testcase classname="tests.test_integrations_module.TestIntegrationInstances" name="test_enable_integration" time="3.043" /><testcase classname="tests.test_integrations_module.TestIntegrationInstances" name="test_configure_credentials" time="2.855" /><testcase classname="tests.test_integrations_module.TestIntegrationInstances" name="test_list_tenant_instances" time="1.794" /><testcase classname="tests.test_integrations_module.TestIntegrationInstances" name="test_get_single_instance" time="1.178" /><testcase classname="tests.test_integrations_module.TestIntegrationInstances" name="test_suspend_instance" time="1.494" /><testcase classname="tests.test_integrations_module.TestIntegrationInstances" name="test_reactivate_instance" time="1.486" /><testcase classname="tests.test_integrations_module.TestIntegrationInstances" name="test_instances_missing_tenant_id" time="0.110" /><testcase classname="tests.test_integrations_module.TestIntegrationInstances" name="test_enable_integration_missing_fields" time="0.085" /><testcase classname="tests.test_integrations_module.TestWebhooks" name="test_create_webhook" time="2.464" /><testcase classname="tests.test_integrations_module.TestWebhooks" name="test_list_webhooks_for_instance" time="0.588" /><testcase classname="tests.test_integrations_module.TestWebhooks" name="test_webhooks_missing_instance_id" time="0.073" /><testcase classname="tests.test_integrations_module.TestWebhooks" name="test_create_webhook_missing_fields" time="0.117" /><testcase classname="tests.test_integrations_module.TestDeveloperApps" name="test_create_developer_app" time="1.659" /><testcase classname="tests.test_integrations_module.TestDeveloperApps" name="test_list_developer_apps" time="1.166" /><testcase classname="tests.test_integrations_module.TestDeveloperApps" name="test_generate_api_key" time="1.562" /><testcase classname="tests.test_integrations_module.TestDeveloperApps" name="test_validate_api_key_success" time="1.287" /><testcase classname="tests.test_integrations_module.TestDeveloperApps" name="test_validate_api_key_missing_scope" time="0.769" /><testcase classname="tests.test_integrations_module.TestDeveloperApps" name="test_validate_api_key_invalid" time="0.576" /><testcase classname="tests.test_integrations_module.TestDeveloperApps" name="test_revoke_api_key" time="1.067" /><testcase classname="tests.test_integrations_module.TestDeveloperApps" name="test_validate_revoked_key" time="0.772" /><testcase classname="tests.test_integrations_module.TestDeveloperApps" name="test_create_app_missing_fields" time="0.072" /><testcase classname="tests.test_integrations_module.TestAccessScopes" name="test_list_scopes" time="0.568" /><testcase classname="tests.test_integrations_module.TestAccessScopes" name="test_list_scopes_by_resource" time="0.578" /><testcase classname="tests.test_integrations_module.TestAuditLogging" name="test_query_integration_logs" time="1.192" /><testcase classname="tests.test_integrations_module.TestAuditLogging" name="test_query_logs_by_tenant" time="0.566" /><testcase classname="tests.test_integrations_module.TestAuditLogging" name="test_query_event_logs" time="0.566" /><testcase classname="tests.test_integrations_module.TestAuditLogging" name="test_get_integration_statistics" time="2.218" /><testcase classname="tests.test_integrations_module.TestAuditLogging" name="test_detect_security_anomalies" time="2.079" /><testcase classname="tests.test_integrations_module.TestEntitlements" name="test_get_entitlements" time="0.074" /><testcase classname="tests.test_integrations_module.TestCleanup" name="test_revoke_test_instance" time="2.076" /><testcase classname="tests.test_integrations_module.TestErrorHandling" name="test_unknown_action" time="0.072" /><testcase classname="tests.test_integrations_module.TestErrorHandling" name="test_unknown_post_action" time="0.072" /></testsuite></testsuites>