<?xml version="1.0" encoding="utf-8"?><testsuites name="pytest tests"><testsuite name="pytest" errors="0" failures="0" skipped="0" tests="21" time="2.910" timestamp="2026-01-03T10:37:26.415171+00:00" hostname="agent-env-2144da2d-e3dd-422d-98e5-9afa04736729"><testcase classname="tests.test_intent_cta_system.TestIntentDefinitionsAPI" name="test_get_all_intent_definitions" time="0.106" /><testcase classname="tests.test_intent_cta_system.TestIntentDefinitionsAPI" name="test_commerce_intents_present" time="0.082" /><testcase classname="tests.test_intent_cta_system.TestIntentDefinitionsAPI" name="test_intent_structure" time="0.077" /><testcase classname="tests.test_intent_cta_system.TestIntentSuggestionsAPI" name="test_get_suggestions_sell_in_store" time="0.075" /><testcase classname="tests.test_intent_cta_system.TestIntentSuggestionsAPI" name="test_get_suggestions_sell_online" time="0.082" /><testcase classname="tests.test_intent_cta_system.TestIntentSuggestionsAPI" name="test_get_suggestions_run_marketplace" time="0.078" /><testcase classname="tests.test_intent_cta_system.TestIntentSuggestionsAPI" name="test_get_suggestions_missing_key" time="0.080" /><testcase classname="tests.test_intent_cta_system.TestIntentCaptureAPI" name="test_capture_intent_sell_in_store" time="0.682" /><testcase classname="tests.test_intent_cta_system.TestIntentCaptureAPI" name="test_capture_intent_with_campaign" time="0.596" /><testcase classname="tests.test_intent_cta_system.TestIntentCaptureAPI" name="test_capture_intent_invalid_key" time="0.074" /><testcase classname="tests.test_intent_cta_system.TestIntentCaptureAPI" name="test_capture_intent_missing_key" time="0.076" /><testcase classname="tests.test_intent_cta_system.TestCTARoutesAPI" name="test_get_cta_routes" time="0.119" /><testcase classname="tests.test_intent_cta_system.TestIntentDefinitionAPI" name="test_get_single_intent_definition" time="0.075" /><testcase classname="tests.test_intent_cta_system.TestIntentDefinitionAPI" name="test_get_single_intent_not_found" time="0.073" /><testcase classname="tests.test_intent_cta_system.TestIntentDefinitionAPI" name="test_get_single_intent_missing_key" time="0.073" /><testcase classname="tests.test_intent_cta_system.TestIntentParseAPI" name="test_parse_intent_from_url" time="0.074" /><testcase classname="tests.test_intent_cta_system.TestIntentParseAPI" name="test_parse_url_missing" time="0.075" /><testcase classname="tests.test_intent_cta_system.TestBuildCTAUrlAPI" name="test_build_cta_url" time="0.080" /><testcase classname="tests.test_intent_cta_system.TestBuildCTAUrlAPI" name="test_build_cta_url_missing_fields" time="0.077" /><testcase classname="tests.test_intent_cta_system.TestErrorHandling" name="test_unknown_get_action" time="0.077" /><testcase classname="tests.test_intent_cta_system.TestErrorHandling" name="test_unknown_post_action" time="0.124" /></testsuite></testsuites>