<?xml version="1.0" encoding="utf-8"?><testsuites name="pytest tests"><testsuite name="pytest" errors="0" failures="0" skipped="0" tests="69" time="19.890" timestamp="2026-01-06T16:26:52.739366+00:00" hostname="agent-env-a4f9b000-2f1b-4358-9cdd-9f851f46687c"><testcase classname="tests.test_inventory_s6_verification.TestInventoryAuthEnforcement" name="test_warehouses_get_requires_auth" time="0.193" /><testcase classname="tests.test_inventory_s6_verification.TestInventoryAuthEnforcement" name="test_warehouses_post_requires_auth" time="0.122" /><testcase classname="tests.test_inventory_s6_verification.TestInventoryAuthEnforcement" name="test_warehouse_by_id_get_requires_auth" time="0.147" /><testcase classname="tests.test_inventory_s6_verification.TestInventoryAuthEnforcement" name="test_warehouse_by_id_patch_requires_auth" time="0.142" /><testcase classname="tests.test_inventory_s6_verification.TestInventoryAuthEnforcement" name="test_warehouse_by_id_delete_requires_auth" time="0.145" /><testcase classname="tests.test_inventory_s6_verification.TestInventoryAuthEnforcement" name="test_transfers_get_requires_auth" time="0.144" /><testcase classname="tests.test_inventory_s6_verification.TestInventoryAuthEnforcement" name="test_transfers_post_requires_auth" time="0.172" /><testcase classname="tests.test_inventory_s6_verification.TestInventoryAuthEnforcement" name="test_transfer_by_id_get_requires_auth" time="0.142" /><testcase classname="tests.test_inventory_s6_verification.TestInventoryAuthEnforcement" name="test_transfer_approve_requires_auth" time="0.165" /><testcase classname="tests.test_inventory_s6_verification.TestInventoryAuthEnforcement" name="test_transfer_submit_requires_auth" time="0.235" /><testcase classname="tests.test_inventory_s6_verification.TestInventoryAuthEnforcement" name="test_transfer_reject_requires_auth" time="0.214" /><testcase classname="tests.test_inventory_s6_verification.TestInventoryAuthEnforcement" name="test_transfer_receive_requires_auth" time="0.237" /><testcase classname="tests.test_inventory_s6_verification.TestInventoryAuthEnforcement" name="test_transfer_ship_requires_auth" time="0.266" /><testcase classname="tests.test_inventory_s6_verification.TestInventoryAuthEnforcement" name="test_transfer_cancel_requires_auth" time="0.216" /><testcase classname="tests.test_inventory_s6_verification.TestInventoryAuthEnforcement" name="test_audits_get_requires_auth" time="0.196" /><testcase classname="tests.test_inventory_s6_verification.TestInventoryAuthEnforcement" name="test_audits_post_requires_auth" time="0.133" /><testcase classname="tests.test_inventory_s6_verification.TestInventoryAuthEnforcement" name="test_audit_by_id_get_requires_auth" time="0.152" /><testcase classname="tests.test_inventory_s6_verification.TestInventoryAuthEnforcement" name="test_audit_start_requires_auth" time="0.163" /><testcase classname="tests.test_inventory_s6_verification.TestInventoryAuthEnforcement" name="test_audit_submit_requires_auth" time="0.235" /><testcase classname="tests.test_inventory_s6_verification.TestInventoryAuthEnforcement" name="test_audit_approve_requires_auth" time="0.235" /><testcase classname="tests.test_inventory_s6_verification.TestInventoryAuthEnforcement" name="test_audit_recount_requires_auth" time="0.230" /><testcase classname="tests.test_inventory_s6_verification.TestInventoryAuthEnforcement" name="test_audit_variance_requires_auth" time="0.261" /><testcase classname="tests.test_inventory_s6_verification.TestInventoryAuthEnforcement" name="test_audit_counts_requires_auth" time="0.226" /><testcase classname="tests.test_inventory_s6_verification.TestInventoryAuthEnforcement" name="test_audit_cancel_requires_auth" time="0.235" /><testcase classname="tests.test_inventory_s6_verification.TestInventoryAuthEnforcement" name="test_reorder_rules_get_requires_auth" time="0.198" /><testcase classname="tests.test_inventory_s6_verification.TestInventoryAuthEnforcement" name="test_reorder_rules_post_requires_auth" time="0.148" /><testcase classname="tests.test_inventory_s6_verification.TestInventoryAuthEnforcement" name="test_reorder_rule_by_id_patch_requires_auth" time="0.157" /><testcase classname="tests.test_inventory_s6_verification.TestInventoryAuthEnforcement" name="test_reorder_suggestions_get_requires_auth" time="0.175" /><testcase classname="tests.test_inventory_s6_verification.TestInventoryAuthEnforcement" name="test_reorder_suggestions_post_requires_auth" time="0.123" /><testcase classname="tests.test_inventory_s6_verification.TestInventoryAuthEnforcement" name="test_reorder_suggestion_approve_requires_auth" time="0.178" /><testcase classname="tests.test_inventory_s6_verification.TestInventoryAuthEnforcement" name="test_reorder_suggestion_reject_requires_auth" time="0.155" /><testcase classname="tests.test_inventory_s6_verification.TestInventoryAuthEnforcement" name="test_low_stock_get_requires_auth" time="0.183" /><testcase classname="tests.test_inventory_s6_verification.TestInventoryAuthEnforcement" name="test_offline_get_requires_auth" time="0.131" /><testcase classname="tests.test_inventory_s6_verification.TestInventoryAuthEnforcement" name="test_offline_post_requires_auth" time="0.127" /><testcase classname="tests.test_inventory_s6_verification.TestInventoryAuthEnforcement" name="test_offline_sync_requires_auth" time="0.115" /><testcase classname="tests.test_inventory_s6_verification.TestInventoryAuthEnforcement" name="test_offline_conflicts_requires_auth" time="0.114" /><testcase classname="tests.test_inventory_s6_verification.TestInventoryAuthEnforcement" name="test_events_get_requires_auth" time="0.156" /><testcase classname="tests.test_inventory_s6_verification.TestInventoryAuthEnforcement" name="test_entitlements_get_requires_auth" time="0.117" /><testcase classname="tests.test_inventory_s6_verification.TestInventoryAuthEnforcement" name="test_entitlements_check_requires_auth" time="0.121" /><testcase classname="tests.test_inventory_s6_verification.TestInventoryEndpointsExist" name="test_warehouses_endpoint_exists" time="0.113" /><testcase classname="tests.test_inventory_s6_verification.TestInventoryEndpointsExist" name="test_warehouse_by_id_endpoint_exists" time="0.138" /><testcase classname="tests.test_inventory_s6_verification.TestInventoryEndpointsExist" name="test_transfers_endpoint_exists" time="0.146" /><testcase classname="tests.test_inventory_s6_verification.TestInventoryEndpointsExist" name="test_transfer_by_id_endpoint_exists" time="0.158" /><testcase classname="tests.test_inventory_s6_verification.TestInventoryEndpointsExist" name="test_transfer_actions_exist" time="1.267" /><testcase classname="tests.test_inventory_s6_verification.TestInventoryEndpointsExist" name="test_audits_endpoint_exists" time="0.215" /><testcase classname="tests.test_inventory_s6_verification.TestInventoryEndpointsExist" name="test_audit_by_id_endpoint_exists" time="0.194" /><testcase classname="tests.test_inventory_s6_verification.TestInventoryEndpointsExist" name="test_audit_actions_exist" time="1.481" /><testcase classname="tests.test_inventory_s6_verification.TestInventoryEndpointsExist" name="test_reorder_rules_endpoint_exists" time="0.261" /><testcase classname="tests.test_inventory_s6_verification.TestInventoryEndpointsExist" name="test_reorder_rule_by_id_endpoint_exists" time="0.155" /><testcase classname="tests.test_inventory_s6_verification.TestInventoryEndpointsExist" name="test_reorder_suggestions_endpoint_exists" time="0.150" /><testcase classname="tests.test_inventory_s6_verification.TestInventoryEndpointsExist" name="test_reorder_suggestion_actions_exist" time="0.297" /><testcase classname="tests.test_inventory_s6_verification.TestInventoryEndpointsExist" name="test_low_stock_endpoint_exists" time="0.203" /><testcase classname="tests.test_inventory_s6_verification.TestInventoryEndpointsExist" name="test_offline_endpoint_exists" time="0.145" /><testcase classname="tests.test_inventory_s6_verification.TestInventoryEndpointsExist" name="test_offline_sync_endpoint_exists" time="0.117" /><testcase classname="tests.test_inventory_s6_verification.TestInventoryEndpointsExist" name="test_offline_conflicts_endpoint_exists" time="0.120" /><testcase classname="tests.test_inventory_s6_verification.TestInventoryEndpointsExist" name="test_events_endpoint_exists" time="0.118" /><testcase classname="tests.test_inventory_s6_verification.TestInventoryEndpointsExist" name="test_entitlements_endpoint_exists" time="0.122" /><testcase classname="tests.test_inventory_s6_verification.TestInventoryEndpointsExist" name="test_entitlements_check_endpoint_exists" time="0.122" /><testcase classname="tests.test_inventory_s6_verification.TestInventoryResponseFormat" name="test_warehouses_returns_json" time="0.116" /><testcase classname="tests.test_inventory_s6_verification.TestInventoryResponseFormat" name="test_transfers_returns_json" time="0.115" /><testcase classname="tests.test_inventory_s6_verification.TestInventoryResponseFormat" name="test_audits_returns_json" time="0.119" /><testcase classname="tests.test_inventory_s6_verification.TestInventoryResponseFormat" name="test_reorder_rules_returns_json" time="0.115" /><testcase classname="tests.test_inventory_s6_verification.TestInventoryResponseFormat" name="test_reorder_suggestions_returns_json" time="0.117" /><testcase classname="tests.test_inventory_s6_verification.TestInventoryResponseFormat" name="test_low_stock_returns_json" time="0.117" /><testcase classname="tests.test_inventory_s6_verification.TestInventoryResponseFormat" name="test_offline_returns_json" time="0.118" /><testcase classname="tests.test_inventory_s6_verification.TestInventoryResponseFormat" name="test_events_returns_json" time="0.124" /><testcase classname="tests.test_inventory_s6_verification.TestInventoryResponseFormat" name="test_entitlements_returns_json" time="0.120" /><testcase classname="tests.test_inventory_s6_verification.TestInventoryRouteCount" name="test_total_route_count" time="6.290" /><testcase classname="tests.test_inventory_s6_verification.TestCapabilityGuardCodeReview" name="test_capability_guard_documentation" time="0.000" /></testsuite></testsuites>