<?xml version="1.0" encoding="utf-8"?><testsuites name="pytest tests"><testsuite name="pytest" errors="0" failures="0" skipped="0" tests="47" time="5.466" timestamp="2026-01-02T15:06:56.439875+00:00" hostname="agent-env-fd12a78b-564f-4f8b-8412-d2c755f6d956"><testcase classname="tests.test_inventory_module.TestInventoryModuleAuth" name="test_warehouses_get_requires_auth" time="0.100" /><testcase classname="tests.test_inventory_module.TestInventoryModuleAuth" name="test_warehouses_post_requires_auth" time="0.081" /><testcase classname="tests.test_inventory_module.TestInventoryModuleAuth" name="test_transfers_get_requires_auth" time="0.344" /><testcase classname="tests.test_inventory_module.TestInventoryModuleAuth" name="test_transfers_post_requires_auth" time="0.081" /><testcase classname="tests.test_inventory_module.TestInventoryModuleAuth" name="test_audits_get_requires_auth" time="0.207" /><testcase classname="tests.test_inventory_module.TestInventoryModuleAuth" name="test_audits_post_requires_auth" time="0.156" /><testcase classname="tests.test_inventory_module.TestInventoryModuleAuth" name="test_reorder_rules_get_requires_auth" time="0.206" /><testcase classname="tests.test_inventory_module.TestInventoryModuleAuth" name="test_reorder_rules_post_requires_auth" time="0.078" /><testcase classname="tests.test_inventory_module.TestInventoryModuleAuth" name="test_reorder_suggestions_get_requires_auth" time="0.183" /><testcase classname="tests.test_inventory_module.TestInventoryModuleAuth" name="test_reorder_suggestions_post_requires_auth" time="0.077" /><testcase classname="tests.test_inventory_module.TestInventoryModuleAuth" name="test_low_stock_get_requires_auth" time="0.195" /><testcase classname="tests.test_inventory_module.TestInventoryModuleAuth" name="test_offline_get_requires_auth" time="0.179" /><testcase classname="tests.test_inventory_module.TestInventoryModuleAuth" name="test_offline_post_requires_auth" time="0.075" /><testcase classname="tests.test_inventory_module.TestInventoryModuleAuth" name="test_events_get_requires_auth" time="0.303" /><testcase classname="tests.test_inventory_module.TestInventoryModuleAuth" name="test_entitlements_get_requires_auth" time="0.204" /><testcase classname="tests.test_inventory_module.TestInventoryEndpointsExist" name="test_warehouses_endpoint_exists" time="0.084" /><testcase classname="tests.test_inventory_module.TestInventoryEndpointsExist" name="test_transfers_endpoint_exists" time="0.071" /><testcase classname="tests.test_inventory_module.TestInventoryEndpointsExist" name="test_audits_endpoint_exists" time="0.074" /><testcase classname="tests.test_inventory_module.TestInventoryEndpointsExist" name="test_reorder_rules_endpoint_exists" time="0.075" /><testcase classname="tests.test_inventory_module.TestInventoryEndpointsExist" name="test_reorder_suggestions_endpoint_exists" time="0.077" /><testcase classname="tests.test_inventory_module.TestInventoryEndpointsExist" name="test_low_stock_endpoint_exists" time="0.069" /><testcase classname="tests.test_inventory_module.TestInventoryEndpointsExist" name="test_offline_endpoint_exists" time="0.072" /><testcase classname="tests.test_inventory_module.TestInventoryEndpointsExist" name="test_events_endpoint_exists" time="0.069" /><testcase classname="tests.test_inventory_module.TestInventoryEndpointsExist" name="test_entitlements_endpoint_exists" time="0.065" /><testcase classname="tests.test_inventory_module.TestInventoryResponseFormat" name="test_warehouses_returns_json_error" time="0.068" /><testcase classname="tests.test_inventory_module.TestInventoryResponseFormat" name="test_transfers_returns_json_error" time="0.068" /><testcase classname="tests.test_inventory_module.TestInventoryResponseFormat" name="test_audits_returns_json_error" time="0.074" /><testcase classname="tests.test_inventory_module.TestInventoryResponseFormat" name="test_reorder_rules_returns_json_error" time="0.072" /><testcase classname="tests.test_inventory_module.TestInventoryResponseFormat" name="test_reorder_suggestions_returns_json_error" time="0.071" /><testcase classname="tests.test_inventory_module.TestInventoryResponseFormat" name="test_low_stock_returns_json_error" time="0.067" /><testcase classname="tests.test_inventory_module.TestInventoryResponseFormat" name="test_offline_returns_json_error" time="0.072" /><testcase classname="tests.test_inventory_module.TestInventoryResponseFormat" name="test_events_returns_json_error" time="0.067" /><testcase classname="tests.test_inventory_module.TestInventoryResponseFormat" name="test_entitlements_returns_json_error" time="0.066" /><testcase classname="tests.test_inventory_module.TestInventoryPostValidation" name="test_warehouses_post_accepts_json" time="0.067" /><testcase classname="tests.test_inventory_module.TestInventoryPostValidation" name="test_transfers_post_accepts_json" time="0.072" /><testcase classname="tests.test_inventory_module.TestInventoryPostValidation" name="test_audits_post_accepts_json" time="0.065" /><testcase classname="tests.test_inventory_module.TestInventoryPostValidation" name="test_reorder_rules_post_accepts_json" time="0.072" /><testcase classname="tests.test_inventory_module.TestInventoryPostValidation" name="test_reorder_suggestions_post_accepts_json" time="0.070" /><testcase classname="tests.test_inventory_module.TestInventoryPostValidation" name="test_offline_post_accepts_json" time="0.108" /><testcase classname="tests.test_inventory_module.TestInventoryQueryParams" name="test_warehouses_accepts_query_params" time="0.068" /><testcase classname="tests.test_inventory_module.TestInventoryQueryParams" name="test_transfers_accepts_query_params" time="0.068" /><testcase classname="tests.test_inventory_module.TestInventoryQueryParams" name="test_audits_accepts_query_params" time="0.073" /><testcase classname="tests.test_inventory_module.TestInventoryQueryParams" name="test_reorder_rules_accepts_query_params" time="0.072" /><testcase classname="tests.test_inventory_module.TestInventoryQueryParams" name="test_reorder_suggestions_accepts_query_params" time="0.070" /><testcase classname="tests.test_inventory_module.TestInventoryQueryParams" name="test_low_stock_accepts_query_params" time="0.075" /><testcase classname="tests.test_inventory_module.TestInventoryQueryParams" name="test_offline_accepts_query_params" time="0.071" /><testcase classname="tests.test_inventory_module.TestInventoryEndpointCount" name="test_all_inventory_endpoints_count" time="0.690" /></testsuite></testsuites>