<?xml version="1.0" encoding="utf-8"?><testsuites name="pytest tests"><testsuite name="pytest" errors="0" failures="0" skipped="0" tests="26" time="33.798" timestamp="2026-01-06T07:17:49.449419+00:00" hostname="agent-env-03c6487f-2154-42e4-a6f0-bca948f7a8f6"><testcase classname="tests.test_legal_practice_suite.TestTenantScoping" name="test_matters_without_tenant_returns_401" time="0.444" /><testcase classname="tests.test_legal_practice_suite.TestTenantScoping" name="test_deadlines_without_tenant_returns_401" time="0.529" /><testcase classname="tests.test_legal_practice_suite.TestTenantScoping" name="test_dashboard_without_tenant_returns_401" time="0.182" /><testcase classname="tests.test_legal_practice_suite.TestMattersAPI" name="test_get_matters_list" time="1.424" /><testcase classname="tests.test_legal_practice_suite.TestMattersAPI" name="test_matters_have_required_fields" time="0.783" /><testcase classname="tests.test_legal_practice_suite.TestMattersAPI" name="test_matters_tenant_scoped" time="0.780" /><testcase classname="tests.test_legal_practice_suite.TestMattersAPI" name="test_create_matter" time="1.650" /><testcase classname="tests.test_legal_practice_suite.TestMattersAPI" name="test_create_matter_missing_fields_returns_400" time="0.118" /><testcase classname="tests.test_legal_practice_suite.TestDeadlinesAPI" name="test_get_deadlines_list" time="0.774" /><testcase classname="tests.test_legal_practice_suite.TestDeadlinesAPI" name="test_deadlines_have_required_fields" time="0.774" /><testcase classname="tests.test_legal_practice_suite.TestDeadlinesAPI" name="test_create_deadline" time="1.493" /><testcase classname="tests.test_legal_practice_suite.TestTimeEntriesAPI" name="test_get_time_entries_list" time="1.045" /><testcase classname="tests.test_legal_practice_suite.TestTimeEntriesAPI" name="test_time_entries_have_ngn_amounts" time="0.790" /><testcase classname="tests.test_legal_practice_suite.TestTimeEntriesAPI" name="test_create_time_entry" time="1.457" /><testcase classname="tests.test_legal_practice_suite.TestRetainersAPI" name="test_get_retainers_list" time="0.878" /><testcase classname="tests.test_legal_practice_suite.TestRetainersAPI" name="test_retainers_have_ngn_currency" time="0.769" /><testcase classname="tests.test_legal_practice_suite.TestDocumentsAPI" name="test_get_documents_list" time="0.852" /><testcase classname="tests.test_legal_practice_suite.TestDocumentsAPI" name="test_documents_have_required_fields" time="0.770" /><testcase classname="tests.test_legal_practice_suite.TestFilingsAPI" name="test_get_filings_list" time="0.856" /><testcase classname="tests.test_legal_practice_suite.TestFilingsAPI" name="test_filings_have_court_info" time="0.784" /><testcase classname="tests.test_legal_practice_suite.TestPartiesAPI" name="test_get_parties_list" time="0.971" /><testcase classname="tests.test_legal_practice_suite.TestPartiesAPI" name="test_parties_have_required_fields" time="0.794" /><testcase classname="tests.test_legal_practice_suite.TestDashboardAPI" name="test_get_dashboard_stats" time="3.955" /><testcase classname="tests.test_legal_practice_suite.TestDashboardAPI" name="test_dashboard_matters_stats" time="3.664" /><testcase classname="tests.test_legal_practice_suite.TestDashboardAPI" name="test_dashboard_time_stats" time="3.542" /><testcase classname="tests.test_legal_practice_suite.TestDashboardAPI" name="test_dashboard_retainer_stats" time="3.572" /></testsuite></testsuites>