<?xml version="1.0" encoding="utf-8"?><testsuites name="pytest tests"><testsuite name="pytest" errors="0" failures="0" skipped="44" tests="96" time="119.158" timestamp="2026-01-02T20:16:48.829317+00:00" hostname="agent-env-d24e2baf-09ad-41a3-9dab-b4e587cbb13b"><testcase classname="tests.test_logistics_module.TestLogisticsUnauthenticated" name="test_get_logistics_config_requires_auth" time="0.355" /><testcase classname="tests.test_logistics_module.TestLogisticsUnauthenticated" name="test_post_logistics_init_requires_auth" time="0.075" /><testcase classname="tests.test_logistics_module.TestLogisticsUnauthenticated" name="test_put_logistics_config_requires_auth" time="0.074" /><testcase classname="tests.test_logistics_module.TestLogisticsUnauthenticated" name="test_get_zones_requires_auth" time="0.299" /><testcase classname="tests.test_logistics_module.TestLogisticsUnauthenticated" name="test_post_zones_requires_auth" time="0.068" /><testcase classname="tests.test_logistics_module.TestLogisticsUnauthenticated" name="test_get_agents_requires_auth" time="0.175" /><testcase classname="tests.test_logistics_module.TestLogisticsUnauthenticated" name="test_post_agents_requires_auth" time="0.076" /><testcase classname="tests.test_logistics_module.TestLogisticsUnauthenticated" name="test_get_assignments_requires_auth" time="0.080" /><testcase classname="tests.test_logistics_module.TestLogisticsUnauthenticated" name="test_post_assignments_requires_auth" time="0.068" /><testcase classname="tests.test_logistics_module.TestLogisticsUnauthenticated" name="test_get_quote_requires_auth" time="0.149" /><testcase classname="tests.test_logistics_module.TestLogisticsUnauthenticated" name="test_get_offline_requires_auth" time="0.070" /><testcase classname="tests.test_logistics_module.TestLogisticsUnauthenticated" name="test_post_offline_requires_auth" time="0.071" /><testcase classname="tests.test_logistics_module.TestLogisticsUnauthenticated" name="test_post_events_requires_auth" time="0.112" /><testcase classname="tests.test_logistics_module.TestLogisticsUnauthenticated" name="test_get_utils_requires_auth" time="0.084" /><testcase classname="tests.test_logistics_module.TestLogisticsUnauthenticated" name="test_get_validate_requires_auth" time="0.072" /><testcase classname="tests.test_logistics_module.TestLogisticsAuthenticated" name="test_get_logistics_config" time="1.999"><skipped type="pytest.skip" message="Could not authenticate">/app/tests/test_logistics_module.py:118: Could not authenticate</skipped></testcase><testcase classname="tests.test_logistics_module.TestLogisticsAuthenticated" name="test_initialize_logistics" time="0.001"><skipped type="pytest.skip" message="Could not authenticate">/app/tests/test_logistics_module.py:129: Could not authenticate</skipped></testcase><testcase classname="tests.test_logistics_module.TestLogisticsAuthenticated" name="test_update_logistics_config" time="0.000"><skipped type="pytest.skip" message="Could not authenticate">/app/tests/test_logistics_module.py:150: Could not authenticate</skipped></testcase><testcase classname="tests.test_logistics_module.TestLogisticsAuthenticated" name="test_get_zones" time="0.000"><skipped type="pytest.skip" message="Could not authenticate">/app/tests/test_logistics_module.py:170: Could not authenticate</skipped></testcase><testcase classname="tests.test_logistics_module.TestLogisticsAuthenticated" name="test_get_zones_with_filters" time="0.000"><skipped type="pytest.skip" message="Could not authenticate">/app/tests/test_logistics_module.py:180: Could not authenticate</skipped></testcase><testcase classname="tests.test_logistics_module.TestLogisticsAuthenticated" name="test_create_zone" time="0.000"><skipped type="pytest.skip" message="Could not authenticate">/app/tests/test_logistics_module.py:188: Could not authenticate</skipped></testcase><testcase classname="tests.test_logistics_module.TestLogisticsAuthenticated" name="test_get_zone_by_id" time="0.000"><skipped type="pytest.skip" message="Could not authenticate">/app/tests/test_logistics_module.py:210: Could not authenticate</skipped></testcase><testcase classname="tests.test_logistics_module.TestLogisticsAuthenticated" name="test_update_zone" time="0.000"><skipped type="pytest.skip" message="Could not authenticate">/app/tests/test_logistics_module.py:221: Could not authenticate</skipped></testcase><testcase classname="tests.test_logistics_module.TestLogisticsAuthenticated" name="test_add_pricing_rule_to_zone" time="0.000"><skipped type="pytest.skip" message="Could not authenticate">/app/tests/test_logistics_module.py:233: Could not authenticate</skipped></testcase><testcase classname="tests.test_logistics_module.TestLogisticsAuthenticated" name="test_delete_zone" time="0.000"><skipped type="pytest.skip" message="Could not authenticate">/app/tests/test_logistics_module.py:251: Could not authenticate</skipped></testcase><testcase classname="tests.test_logistics_module.TestLogisticsAuthenticated" name="test_get_delivery_quote" time="0.000"><skipped type="pytest.skip" message="Could not authenticate">/app/tests/test_logistics_module.py:265: Could not authenticate</skipped></testcase><testcase classname="tests.test_logistics_module.TestLogisticsAuthenticated" name="test_post_delivery_quote" time="0.000"><skipped type="pytest.skip" message="Could not authenticate">/app/tests/test_logistics_module.py:279: Could not authenticate</skipped></testcase><testcase classname="tests.test_logistics_module.TestLogisticsAuthenticated" name="test_get_agents" time="0.000"><skipped type="pytest.skip" message="Could not authenticate">/app/tests/test_logistics_module.py:297: Could not authenticate</skipped></testcase><testcase classname="tests.test_logistics_module.TestLogisticsAuthenticated" name="test_get_agents_with_filters" time="0.000"><skipped type="pytest.skip" message="Could not authenticate">/app/tests/test_logistics_module.py:307: Could not authenticate</skipped></testcase><testcase classname="tests.test_logistics_module.TestLogisticsAuthenticated" name="test_create_agent" time="0.000"><skipped type="pytest.skip" message="Could not authenticate">/app/tests/test_logistics_module.py:312: Could not authenticate</skipped></testcase><testcase classname="tests.test_logistics_module.TestLogisticsAuthenticated" name="test_get_agent_by_id" time="0.000"><skipped type="pytest.skip" message="Could not authenticate">/app/tests/test_logistics_module.py:334: Could not authenticate</skipped></testcase><testcase classname="tests.test_logistics_module.TestLogisticsAuthenticated" name="test_get_agent_with_performance" time="0.000"><skipped type="pytest.skip" message="Could not authenticate">/app/tests/test_logistics_module.py:344: Could not authenticate</skipped></testcase><testcase classname="tests.test_logistics_module.TestLogisticsAuthenticated" name="test_update_agent" time="0.000"><skipped type="pytest.skip" message="Could not authenticate">/app/tests/test_logistics_module.py:355: Could not authenticate</skipped></testcase><testcase classname="tests.test_logistics_module.TestLogisticsAuthenticated" name="test_update_agent_availability" time="0.000"><skipped type="pytest.skip" message="Could not authenticate">/app/tests/test_logistics_module.py:367: Could not authenticate</skipped></testcase><testcase classname="tests.test_logistics_module.TestLogisticsAuthenticated" name="test_update_agent_location" time="0.000"><skipped type="pytest.skip" message="Could not authenticate">/app/tests/test_logistics_module.py:380: Could not authenticate</skipped></testcase><testcase classname="tests.test_logistics_module.TestLogisticsAuthenticated" name="test_get_agent_performance" time="0.000"><skipped type="pytest.skip" message="Could not authenticate">/app/tests/test_logistics_module.py:394: Could not authenticate</skipped></testcase><testcase classname="tests.test_logistics_module.TestLogisticsAuthenticated" name="test_terminate_agent" time="0.000"><skipped type="pytest.skip" message="Could not authenticate">/app/tests/test_logistics_module.py:406: Could not authenticate</skipped></testcase><testcase classname="tests.test_logistics_module.TestLogisticsAuthenticated" name="test_get_assignments" time="0.000"><skipped type="pytest.skip" message="Could not authenticate">/app/tests/test_logistics_module.py:420: Could not authenticate</skipped></testcase><testcase classname="tests.test_logistics_module.TestLogisticsAuthenticated" name="test_get_assignments_with_filters" time="0.000"><skipped type="pytest.skip" message="Could not authenticate">/app/tests/test_logistics_module.py:430: Could not authenticate</skipped></testcase><testcase classname="tests.test_logistics_module.TestLogisticsAuthenticated" name="test_create_assignment" time="0.000"><skipped type="pytest.skip" message="Could not authenticate">/app/tests/test_logistics_module.py:435: Could not authenticate</skipped></testcase><testcase classname="tests.test_logistics_module.TestLogisticsAuthenticated" name="test_get_assignment_by_id" time="0.000"><skipped type="pytest.skip" message="Could not authenticate">/app/tests/test_logistics_module.py:464: Could not authenticate</skipped></testcase><testcase classname="tests.test_logistics_module.TestLogisticsAuthenticated" name="test_update_assignment" time="0.000"><skipped type="pytest.skip" message="Could not authenticate">/app/tests/test_logistics_module.py:474: Could not authenticate</skipped></testcase><testcase classname="tests.test_logistics_module.TestLogisticsAuthenticated" name="test_assign_agent_to_assignment" time="0.000"><skipped type="pytest.skip" message="Could not authenticate">/app/tests/test_logistics_module.py:487: Could not authenticate</skipped></testcase><testcase classname="tests.test_logistics_module.TestLogisticsAuthenticated" name="test_update_assignment_status" time="0.000"><skipped type="pytest.skip" message="Could not authenticate">/app/tests/test_logistics_module.py:500: Could not authenticate</skipped></testcase><testcase classname="tests.test_logistics_module.TestLogisticsAuthenticated" name="test_capture_proof_of_delivery" time="0.000"><skipped type="pytest.skip" message="Could not authenticate">/app/tests/test_logistics_module.py:513: Could not authenticate</skipped></testcase><testcase classname="tests.test_logistics_module.TestLogisticsAuthenticated" name="test_generate_delivery_pin" time="0.000"><skipped type="pytest.skip" message="Could not authenticate">/app/tests/test_logistics_module.py:527: Could not authenticate</skipped></testcase><testcase classname="tests.test_logistics_module.TestLogisticsAuthenticated" name="test_generate_delivery_otp" time="0.000"><skipped type="pytest.skip" message="Could not authenticate">/app/tests/test_logistics_module.py:541: Could not authenticate</skipped></testcase><testcase classname="tests.test_logistics_module.TestLogisticsAuthenticated" name="test_check_required_proofs" time="0.000"><skipped type="pytest.skip" message="Could not authenticate">/app/tests/test_logistics_module.py:555: Could not authenticate</skipped></testcase><testcase classname="tests.test_logistics_module.TestLogisticsAuthenticated" name="test_cancel_assignment" time="0.000"><skipped type="pytest.skip" message="Could not authenticate">/app/tests/test_logistics_module.py:569: Could not authenticate</skipped></testcase><testcase classname="tests.test_logistics_module.TestLogisticsAuthenticated" name="test_get_offline_package" time="0.000"><skipped type="pytest.skip" message="Could not authenticate">/app/tests/test_logistics_module.py:583: Could not authenticate</skipped></testcase><testcase classname="tests.test_logistics_module.TestLogisticsAuthenticated" name="test_sync_offline_changes" time="0.000"><skipped type="pytest.skip" message="Could not authenticate">/app/tests/test_logistics_module.py:596: Could not authenticate</skipped></testcase><testcase classname="tests.test_logistics_module.TestLogisticsAuthenticated" name="test_process_order_ready_event" time="0.000"><skipped type="pytest.skip" message="Could not authenticate">/app/tests/test_logistics_module.py:616: Could not authenticate</skipped></testcase><testcase classname="tests.test_logistics_module.TestLogisticsAuthenticated" name="test_process_order_cancelled_event" time="0.000"><skipped type="pytest.skip" message="Could not authenticate">/app/tests/test_logistics_module.py:638: Could not authenticate</skipped></testcase><testcase classname="tests.test_logistics_module.TestLogisticsAuthenticated" name="test_get_event_history" time="0.000"><skipped type="pytest.skip" message="Could not authenticate">/app/tests/test_logistics_module.py:649: Could not authenticate</skipped></testcase><testcase classname="tests.test_logistics_module.TestLogisticsAuthenticated" name="test_get_entitlements" time="0.000"><skipped type="pytest.skip" message="Could not authenticate">/app/tests/test_logistics_module.py:661: Could not authenticate</skipped></testcase><testcase classname="tests.test_logistics_module.TestLogisticsAuthenticated" name="test_get_statistics" time="0.000"><skipped type="pytest.skip" message="Could not authenticate">/app/tests/test_logistics_module.py:673: Could not authenticate</skipped></testcase><testcase classname="tests.test_logistics_module.TestLogisticsAuthenticated" name="test_get_usage" time="0.000"><skipped type="pytest.skip" message="Could not authenticate">/app/tests/test_logistics_module.py:685: Could not authenticate</skipped></testcase><testcase classname="tests.test_logistics_module.TestLogisticsAuthenticated" name="test_validate_module" time="0.000"><skipped type="pytest.skip" message="Could not authenticate">/app/tests/test_logistics_module.py:699: Could not authenticate</skipped></testcase><testcase classname="tests.test_logistics_module.TestLogisticsAuthenticated" name="test_get_module_manifest" time="0.000"><skipped type="pytest.skip" message="Could not authenticate">/app/tests/test_logistics_module.py:714: Could not authenticate</skipped></testcase><testcase classname="tests.test_logistics_authenticated.TestLogisticsAuthenticated" name="test_01_get_logistics_config" time="10.792" /><testcase classname="tests.test_logistics_authenticated.TestLogisticsAuthenticated" name="test_02_initialize_logistics" time="4.097" /><testcase classname="tests.test_logistics_authenticated.TestLogisticsAuthenticated" name="test_03_update_logistics_config" time="2.624" /><testcase classname="tests.test_logistics_authenticated.TestLogisticsAuthenticated" name="test_10_get_zones" time="2.120" /><testcase classname="tests.test_logistics_authenticated.TestLogisticsAuthenticated" name="test_11_get_zones_with_filters" time="2.316" /><testcase classname="tests.test_logistics_authenticated.TestLogisticsAuthenticated" name="test_12_create_zone" time="4.923" /><testcase classname="tests.test_logistics_authenticated.TestLogisticsAuthenticated" name="test_13_get_zone_by_id" time="2.327" /><testcase classname="tests.test_logistics_authenticated.TestLogisticsAuthenticated" name="test_14_update_zone" time="2.656" /><testcase classname="tests.test_logistics_authenticated.TestLogisticsAuthenticated" name="test_15_add_pricing_rule" time="2.614" /><testcase classname="tests.test_logistics_authenticated.TestLogisticsAuthenticated" name="test_20_get_delivery_quote" time="2.321" /><testcase classname="tests.test_logistics_authenticated.TestLogisticsAuthenticated" name="test_21_post_delivery_quote" time="2.316" /><testcase classname="tests.test_logistics_authenticated.TestLogisticsAuthenticated" name="test_30_get_agents" time="2.221" /><testcase classname="tests.test_logistics_authenticated.TestLogisticsAuthenticated" name="test_31_create_agent" time="4.533" /><testcase classname="tests.test_logistics_authenticated.TestLogisticsAuthenticated" name="test_32_get_agent_by_id" time="2.347" /><testcase classname="tests.test_logistics_authenticated.TestLogisticsAuthenticated" name="test_33_get_agent_with_performance" time="3.835" /><testcase classname="tests.test_logistics_authenticated.TestLogisticsAuthenticated" name="test_34_update_agent" time="2.282" /><testcase classname="tests.test_logistics_authenticated.TestLogisticsAuthenticated" name="test_35_update_agent_availability" time="2.125" /><testcase classname="tests.test_logistics_authenticated.TestLogisticsAuthenticated" name="test_36_update_agent_location" time="2.129" /><testcase classname="tests.test_logistics_authenticated.TestLogisticsAuthenticated" name="test_40_get_assignments" time="2.421" /><testcase classname="tests.test_logistics_authenticated.TestLogisticsAuthenticated" name="test_41_create_assignment" time="6.831" /><testcase classname="tests.test_logistics_authenticated.TestLogisticsAuthenticated" name="test_42_get_assignment_by_id" time="2.528" /><testcase classname="tests.test_logistics_authenticated.TestLogisticsAuthenticated" name="test_43_update_assignment" time="2.333" /><testcase classname="tests.test_logistics_authenticated.TestLogisticsAuthenticated" name="test_44_assign_agent" time="5.796" /><testcase classname="tests.test_logistics_authenticated.TestLogisticsAuthenticated" name="test_45_generate_delivery_pin" time="2.634" /><testcase classname="tests.test_logistics_authenticated.TestLogisticsAuthenticated" name="test_46_check_required_proofs" time="2.629" /><testcase classname="tests.test_logistics_authenticated.TestLogisticsAuthenticated" name="test_50_get_offline_package" time="2.618" /><testcase classname="tests.test_logistics_authenticated.TestLogisticsAuthenticated" name="test_51_sync_offline_changes" time="2.123" /><testcase classname="tests.test_logistics_authenticated.TestLogisticsAuthenticated" name="test_60_process_order_ready_event" time="2.650" /><testcase classname="tests.test_logistics_authenticated.TestLogisticsAuthenticated" name="test_61_get_event_history" time="1.683" /><testcase classname="tests.test_logistics_authenticated.TestLogisticsAuthenticated" name="test_70_get_entitlements" time="3.377" /><testcase classname="tests.test_logistics_authenticated.TestLogisticsAuthenticated" name="test_71_get_statistics" time="2.664" /><testcase classname="tests.test_logistics_authenticated.TestLogisticsAuthenticated" name="test_72_get_usage" time="2.610" /><testcase classname="tests.test_logistics_authenticated.TestLogisticsAuthenticated" name="test_80_validate_module" time="2.116" /><testcase classname="tests.test_logistics_authenticated.TestLogisticsAuthenticated" name="test_81_get_module_manifest" time="1.621" /><testcase classname="tests.test_logistics_authenticated.TestLogisticsAuthenticated" name="test_90_cancel_assignment" time="4.697" /><testcase classname="tests.test_logistics_authenticated.TestLogisticsAuthenticated" name="test_91_terminate_agent" time="2.718" /><testcase classname="tests.test_logistics_authenticated.TestLogisticsAuthenticated" name="test_92_delete_zone" time="2.618" /></testsuite></testsuites>