<?xml version="1.0" encoding="utf-8"?><testsuites name="pytest tests"><testsuite name="pytest" errors="0" failures="0" skipped="0" tests="25" time="2.581" timestamp="2026-01-06T00:16:59.715291+00:00" hostname="agent-env-130faac0-c74f-4973-bafd-af1d63bc31f7"><testcase classname="tests.test_logistics_suite.TestLogisticsSuiteMain" name="test_get_suite_config_and_stats" time="0.177" /><testcase classname="tests.test_logistics_suite.TestLogisticsSuiteMain" name="test_get_demo_data_action" time="0.097" /><testcase classname="tests.test_logistics_suite.TestFleetAPI" name="test_get_all_vehicles" time="0.089" /><testcase classname="tests.test_logistics_suite.TestFleetAPI" name="test_get_available_vehicles" time="0.091" /><testcase classname="tests.test_logistics_suite.TestFleetAPI" name="test_filter_vehicles_by_type" time="0.095" /><testcase classname="tests.test_logistics_suite.TestFleetAPI" name="test_filter_vehicles_by_status" time="0.087" /><testcase classname="tests.test_logistics_suite.TestFleetAPI" name="test_get_fleet_stats" time="0.089" /><testcase classname="tests.test_logistics_suite.TestDriversAPI" name="test_get_all_drivers" time="0.084" /><testcase classname="tests.test_logistics_suite.TestDriversAPI" name="test_get_available_drivers" time="0.096" /><testcase classname="tests.test_logistics_suite.TestDriversAPI" name="test_filter_drivers_by_status" time="0.087" /><testcase classname="tests.test_logistics_suite.TestDriversAPI" name="test_search_drivers" time="0.088" /><testcase classname="tests.test_logistics_suite.TestDriversAPI" name="test_get_driver_stats" time="0.087" /><testcase classname="tests.test_logistics_suite.TestJobsAPI" name="test_get_all_jobs" time="0.084" /><testcase classname="tests.test_logistics_suite.TestJobsAPI" name="test_get_pending_jobs" time="0.086" /><testcase classname="tests.test_logistics_suite.TestJobsAPI" name="test_get_active_jobs" time="0.089" /><testcase classname="tests.test_logistics_suite.TestJobsAPI" name="test_filter_jobs_by_status" time="0.086" /><testcase classname="tests.test_logistics_suite.TestJobsAPI" name="test_filter_jobs_by_priority" time="0.085" /><testcase classname="tests.test_logistics_suite.TestJobsAPI" name="test_get_job_stats" time="0.128" /><testcase classname="tests.test_logistics_suite.TestTrackingAPI" name="test_get_tracking_board" time="0.089" /><testcase classname="tests.test_logistics_suite.TestTrackingAPI" name="test_get_tracking_board_query" time="0.086" /><testcase classname="tests.test_logistics_suite.TestJobStatusUpdate" name="test_update_job_status" time="0.172" /><testcase classname="tests.test_logistics_suite.TestJobStatusUpdate" name="test_invalid_action_returns_error" time="0.098" /><testcase classname="tests.test_logistics_suite.TestDataIntegrity" name="test_vehicle_driver_relationship" time="0.084" /><testcase classname="tests.test_logistics_suite.TestDataIntegrity" name="test_driver_vehicle_relationship" time="0.089" /><testcase classname="tests.test_logistics_suite.TestDataIntegrity" name="test_job_assignment_data" time="0.086" /></testsuite></testsuites>