<?xml version="1.0" encoding="utf-8"?><testsuites name="pytest tests"><testsuite name="pytest" errors="0" failures="0" skipped="0" tests="68" time="1.413" timestamp="2026-01-02T00:49:55.171950+00:00" hostname="agent-env-ca071755-deb8-4b88-be94-b54094ac0fd4"><testcase classname="tests.test_mvm_module.TestTypeScriptCompilation" name="test_typescript_compiles_without_errors" time="1.324" /><testcase classname="tests.test_mvm_module.TestTypeScriptCompilation" name="test_all_lib_files_exist" time="0.000" /><testcase classname="tests.test_mvm_module.TestTypeScriptCompilation" name="test_prisma_schema_exists" time="0.000" /><testcase classname="tests.test_mvm_module.TestEventTypes" name="test_event_types_count" time="0.000" /><testcase classname="tests.test_mvm_module.TestEventTypes" name="test_all_events_have_mvm_prefix" time="0.000" /><testcase classname="tests.test_mvm_module.TestEventTypes" name="test_vendor_lifecycle_events_exist" time="0.000" /><testcase classname="tests.test_mvm_module.TestEventTypes" name="test_order_events_exist" time="0.000" /><testcase classname="tests.test_mvm_module.TestEventTypes" name="test_commission_events_exist" time="0.000" /><testcase classname="tests.test_mvm_module.TestEventTypes" name="test_idempotency_key_generation" time="0.000" /><testcase classname="tests.test_mvm_module.TestCommissionCalculation" name="test_percentage_commission_type" time="0.000" /><testcase classname="tests.test_mvm_module.TestCommissionCalculation" name="test_fixed_commission_type" time="0.000" /><testcase classname="tests.test_mvm_module.TestCommissionCalculation" name="test_tiered_commission_type" time="0.000" /><testcase classname="tests.test_mvm_module.TestCommissionCalculation" name="test_commission_rule_types" time="0.000" /><testcase classname="tests.test_mvm_module.TestCommissionCalculation" name="test_commission_result_structure" time="0.000" /><testcase classname="tests.test_mvm_module.TestCommissionCalculation" name="test_commission_validation" time="0.000" /><testcase classname="tests.test_mvm_module.TestCommissionCalculation" name="test_no_money_movement_in_commission" time="0.000" /><testcase classname="tests.test_mvm_module.TestOrderSplitting" name="test_order_splitting_engine_exists" time="0.000" /><testcase classname="tests.test_mvm_module.TestOrderSplitting" name="test_split_order_method" time="0.000" /><testcase classname="tests.test_mvm_module.TestOrderSplitting" name="test_group_items_by_vendor" time="0.000" /><testcase classname="tests.test_mvm_module.TestOrderSplitting" name="test_create_sub_order" time="0.000" /><testcase classname="tests.test_mvm_module.TestOrderSplitting" name="test_sub_order_status_types" time="0.000" /><testcase classname="tests.test_mvm_module.TestOrderSplitting" name="test_status_transitions" time="0.000" /><testcase classname="tests.test_mvm_module.TestOrderSplitting" name="test_commission_calculation_in_split" time="0.000" /><testcase classname="tests.test_mvm_module.TestOrderSplitting" name="test_no_payment_capture_in_splitter" time="0.000" /><testcase classname="tests.test_mvm_module.TestVendorEngine" name="test_vendor_engine_exists" time="0.000" /><testcase classname="tests.test_mvm_module.TestVendorEngine" name="test_vendor_status_types" time="0.000" /><testcase classname="tests.test_mvm_module.TestVendorEngine" name="test_vendor_status_transitions" time="0.000" /><testcase classname="tests.test_mvm_module.TestVendorEngine" name="test_churned_is_terminal_state" time="0.000" /><testcase classname="tests.test_mvm_module.TestVendorEngine" name="test_vendor_profile_validation" time="0.000" /><testcase classname="tests.test_mvm_module.TestVendorEngine" name="test_vendor_tier_engine" time="0.000" /><testcase classname="tests.test_mvm_module.TestVendorEngine" name="test_product_mapping_engine" time="0.000" /><testcase classname="tests.test_mvm_module.TestVendorEngine" name="test_vendors_are_not_tenants" time="0.000" /><testcase classname="tests.test_mvm_module.TestEntitlements" name="test_entitlement_service_exists" time="0.000" /><testcase classname="tests.test_mvm_module.TestEntitlements" name="test_entitlement_features" time="0.000" /><testcase classname="tests.test_mvm_module.TestEntitlements" name="test_entitlement_limits" time="0.000" /><testcase classname="tests.test_mvm_module.TestEntitlements" name="test_has_feature_method" time="0.000" /><testcase classname="tests.test_mvm_module.TestEntitlements" name="test_check_limit_method" time="0.000" /><testcase classname="tests.test_mvm_module.TestEntitlements" name="test_default_entitlements" time="0.000" /><testcase classname="tests.test_mvm_module.TestEntitlements" name="test_no_billing_logic_in_entitlements" time="0.000" /><testcase classname="tests.test_mvm_module.TestDatabaseSchema" name="test_all_tables_have_mvm_prefix" time="0.000" /><testcase classname="tests.test_mvm_module.TestDatabaseSchema" name="test_nine_tables_exist" time="0.000" /><testcase classname="tests.test_mvm_module.TestDatabaseSchema" name="test_vendor_model_exists" time="0.000" /><testcase classname="tests.test_mvm_module.TestDatabaseSchema" name="test_vendor_sub_order_model_exists" time="0.000" /><testcase classname="tests.test_mvm_module.TestDatabaseSchema" name="test_commission_rule_model_exists" time="0.000" /><testcase classname="tests.test_mvm_module.TestDatabaseSchema" name="test_payout_record_model_exists" time="0.000" /><testcase classname="tests.test_mvm_module.TestDatabaseSchema" name="test_no_core_schema_modifications" time="0.000" /><testcase classname="tests.test_mvm_module.TestArchitecturalConstraints" name="test_no_billing_logic" time="0.001" /><testcase classname="tests.test_mvm_module.TestArchitecturalConstraints" name="test_no_payment_execution" time="0.000" /><testcase classname="tests.test_mvm_module.TestArchitecturalConstraints" name="test_no_money_movement" time="0.000" /><testcase classname="tests.test_mvm_module.TestArchitecturalConstraints" name="test_payout_tracking_only" time="0.000" /><testcase classname="tests.test_mvm_module.TestMVMExtendsSVM" name="test_mvm_extends_svm_documentation" time="0.000" /><testcase classname="tests.test_mvm_module.TestMVMExtendsSVM" name="test_no_storefront_duplication" time="0.000" /><testcase classname="tests.test_mvm_module.TestMVMExtendsSVM" name="test_no_order_creation_duplication" time="0.000" /><testcase classname="tests.test_mvm_module.TestMVMExtendsSVM" name="test_references_parent_order" time="0.000" /><testcase classname="tests.test_mvm_module.TestMVMExtendsSVM" name="test_svm_peer_dependency" time="0.000" /><testcase classname="tests.test_mvm_module.TestModuleExports" name="test_vendor_engine_exports" time="0.000" /><testcase classname="tests.test_mvm_module.TestModuleExports" name="test_order_splitter_exports" time="0.000" /><testcase classname="tests.test_mvm_module.TestModuleExports" name="test_commission_engine_exports" time="0.000" /><testcase classname="tests.test_mvm_module.TestModuleExports" name="test_event_bus_exports" time="0.000" /><testcase classname="tests.test_mvm_module.TestModuleExports" name="test_entitlement_exports" time="0.000" /><testcase classname="tests.test_mvm_module.TestModuleExports" name="test_offline_behavior_exports" time="0.000" /><testcase classname="tests.test_mvm_module.TestModuleExports" name="test_vendor_dashboard_exports" time="0.000" /><testcase classname="tests.test_mvm_module.TestOfflineBehavior" name="test_offline_safe_actions_defined" time="0.000" /><testcase classname="tests.test_mvm_module.TestOfflineBehavior" name="test_online_required_actions_defined" time="0.000" /><testcase classname="tests.test_mvm_module.TestOfflineBehavior" name="test_connectivity_checker" time="0.000" /><testcase classname="tests.test_mvm_module.TestVendorDashboard" name="test_vendor_data_access_class" time="0.000" /><testcase classname="tests.test_mvm_module.TestVendorDashboard" name="test_data_isolation_documentation" time="0.000" /><testcase classname="tests.test_mvm_module.TestVendorDashboard" name="test_dashboard_view_types" time="0.000" /></testsuite></testsuites>