<?xml version="1.0" encoding="utf-8"?><testsuites name="pytest tests"><testsuite name="pytest" errors="0" failures="3" skipped="0" tests="68" time="1.479" timestamp="2026-01-02T00:49:28.344129+00:00" hostname="agent-env-ca071755-deb8-4b88-be94-b54094ac0fd4"><testcase classname="tests.test_mvm_module.TestTypeScriptCompilation" name="test_typescript_compiles_without_errors" time="1.355" /><testcase classname="tests.test_mvm_module.TestTypeScriptCompilation" name="test_all_lib_files_exist" time="0.000" /><testcase classname="tests.test_mvm_module.TestTypeScriptCompilation" name="test_prisma_schema_exists" time="0.000" /><testcase classname="tests.test_mvm_module.TestEventTypes" name="test_event_types_count" time="0.000" /><testcase classname="tests.test_mvm_module.TestEventTypes" name="test_all_events_have_mvm_prefix" time="0.001"><failure message="AssertionError: Events without 'mvm.' prefix: ['1.0', '1.0', '1.0']&#10;assert 3 == 0&#10; +  where 3 = len(['1.0', '1.0', '1.0'])">tests/test_mvm_module.py:170: in test_all_events_have_mvm_prefix
    assert len(non_mvm_events) == 0, f"Events without 'mvm.' prefix: {non_mvm_events}"
E   AssertionError: Events without 'mvm.' prefix: ['1.0', '1.0', '1.0']
E   assert 3 == 0
E    +  where 3 = len(['1.0', '1.0', '1.0'])</failure></testcase><testcase classname="tests.test_mvm_module.TestEventTypes" name="test_vendor_lifecycle_events_exist" time="0.000"><failure message="AssertionError: Missing event: mvm.vendor.registered&#10;assert 'mvm.vendor.registered' in &quot;/**\n * MVM Event Bus\n * \n * Centralized event system for Multi Vendor Marketplace module.\n * \n * RULES:\n * - All events are module-scoped (mvm.*)\n * - No analytics logic inside module - events sent to Core\n * - Core handles inventory, payments, notifications\n * - Idempotency enforced via unique keys\n */\n\n// ============================================================================\n// EVENT TYPES\n// ============================================================================\n\n/**\n * All MVM event types - module-scoped with 'mvm.' prefix\n */\nexport const MVM_EVENT_TYPES = {\n  // Vendor lifecycle\n  VENDOR_CREATED: 'mvm.vendor.created',\n  VENDOR_UPDATED: 'mvm.vendor.updated',\n  VENDOR_APPROVED: 'mvm.vendor.approved',\n  VENDOR_SUSPENDED: 'mvm.vendor.suspended',\n  VENDOR_REJECTED: 'mvm.vendor.rejected',\n  VENDOR_CHURNED: 'mvm.vendor.churned',\n  \n  // Vendor onboarding\n  VENDOR_ONBOARDING_STARTED: 'mvm.vendor.onboarding_started',\n  VENDOR_ONBOARDING_STEP_COMPLETED: 'mvm.vendor.onboarding_step_completed',\n  VENDOR_ONBOARDING_COMPLETED: 'mvm.vendor.onboarding_completed',\n  \n  // Vendor staff\n  VENDOR_STAFF_INVITED: 'mvm.vendor.staff_invited',\n  VENDOR...d\n): { eventType: MVMEventType; payload: CommissionEarnedPayload; idempotencyKey: string } {\n  return {\n    eventType: MVM_EVENT_TYPES.COMMISSION_EARNED,\n    payload,\n    idempotencyKey: generateIdempotencyKey(\n      MVM_EVENT_TYPES.COMMISSION_EARNED,\n      payload.subOrderId,\n      'earned'\n    )\n  }\n}\n\n// ============================================================================\n// SINGLETON\n// ============================================================================\n\nlet globalEmitter: MVMEventEmitter | null = null\n\nexport function initMVMEventEmitter(config: MVMEventEmitterConfig): MVMEventEmitter {\n  globalEmitter = new MVMEventEmitter(config)\n  return globalEmitter\n}\n\nexport function getMVMEventEmitter(): MVMEventEmitter | null {\n  return globalEmitter\n}\n\nexport async function emitMVMEvent&lt;T extends Record&lt;string, unknown&gt;&gt;(\n  eventType: MVMEventType,\n  payload: T,\n  idempotencyKey?: string\n): Promise&lt;{ success: boolean; eventId: string; error?: string }&gt; {\n  if (!globalEmitter) {\n    return { success: false, eventId: '', error: 'Event emitter not initialized' }\n  }\n  return globalEmitter.emit(eventType, payload, idempotencyKey)\n}\n&quot;">tests/test_mvm_module.py:182: in test_vendor_lifecycle_events_exist
    assert event in event_bus_content, f"Missing event: {event}"
E   AssertionError: Missing event: mvm.vendor.registered
E   assert 'mvm.vendor.registered' in "/**\n * MVM Event Bus\n * \n * Centralized event system for Multi Vendor Marketplace module.\n * \n * RULES:\n * - All events are module-scoped (mvm.*)\n * - No analytics logic inside module - events sent to Core\n * - Core handles inventory, payments, notifications\n * - Idempotency enforced via unique keys\n */\n\n// ============================================================================\n// EVENT TYPES\n// ============================================================================\n\n/**\n * All MVM event types - module-scoped with 'mvm.' prefix\n */\nexport const MVM_EVENT_TYPES = {\n  // Vendor lifecycle\n  VENDOR_CREATED: 'mvm.vendor.created',\n  VENDOR_UPDATED: 'mvm.vendor.updated',\n  VENDOR_APPROVED: 'mvm.vendor.approved',\n  VENDOR_SUSPENDED: 'mvm.vendor.suspended',\n  VENDOR_REJECTED: 'mvm.vendor.rejected',\n  VENDOR_CHURNED: 'mvm.vendor.churned',\n  \n  // Vendor onboarding\n  VENDOR_ONBOARDING_STARTED: 'mvm.vendor.onboarding_started',\n  VENDOR_ONBOARDING_STEP_COMPLETED: 'mvm.vendor.onboarding_step_completed',\n  VENDOR_ONBOARDING_COMPLETED: 'mvm.vendor.onboarding_completed',\n  \n  // Vendor staff\n  VENDOR_STAFF_INVITED: 'mvm.vendor.staff_invited',\n  VENDOR...d\n): { eventType: MVMEventType; payload: CommissionEarnedPayload; idempotencyKey: string } {\n  return {\n    eventType: MVM_EVENT_TYPES.COMMISSION_EARNED,\n    payload,\n    idempotencyKey: generateIdempotencyKey(\n      MVM_EVENT_TYPES.COMMISSION_EARNED,\n      payload.subOrderId,\n      'earned'\n    )\n  }\n}\n\n// ============================================================================\n// SINGLETON\n// ============================================================================\n\nlet globalEmitter: MVMEventEmitter | null = null\n\nexport function initMVMEventEmitter(config: MVMEventEmitterConfig): MVMEventEmitter {\n  globalEmitter = new MVMEventEmitter(config)\n  return globalEmitter\n}\n\nexport function getMVMEventEmitter(): MVMEventEmitter | null {\n  return globalEmitter\n}\n\nexport async function emitMVMEvent&lt;T extends Record&lt;string, unknown&gt;&gt;(\n  eventType: MVMEventType,\n  payload: T,\n  idempotencyKey?: string\n): Promise&lt;{ success: boolean; eventId: string; error?: string }&gt; {\n  if (!globalEmitter) {\n    return { success: false, eventId: '', error: 'Event emitter not initialized' }\n  }\n  return globalEmitter.emit(eventType, payload, idempotencyKey)\n}\n"</failure></testcase><testcase classname="tests.test_mvm_module.TestEventTypes" name="test_order_events_exist" time="0.000" /><testcase classname="tests.test_mvm_module.TestEventTypes" name="test_commission_events_exist" time="0.000" /><testcase classname="tests.test_mvm_module.TestEventTypes" name="test_idempotency_key_generation" time="0.000" /><testcase classname="tests.test_mvm_module.TestCommissionCalculation" name="test_percentage_commission_type" time="0.000" /><testcase classname="tests.test_mvm_module.TestCommissionCalculation" name="test_fixed_commission_type" time="0.000" /><testcase classname="tests.test_mvm_module.TestCommissionCalculation" name="test_tiered_commission_type" time="0.000" /><testcase classname="tests.test_mvm_module.TestCommissionCalculation" name="test_commission_rule_types" time="0.000" /><testcase classname="tests.test_mvm_module.TestCommissionCalculation" name="test_commission_result_structure" time="0.000" /><testcase classname="tests.test_mvm_module.TestCommissionCalculation" name="test_commission_validation" time="0.000" /><testcase classname="tests.test_mvm_module.TestCommissionCalculation" name="test_no_money_movement_in_commission" time="0.000" /><testcase classname="tests.test_mvm_module.TestOrderSplitting" name="test_order_splitting_engine_exists" time="0.000" /><testcase classname="tests.test_mvm_module.TestOrderSplitting" name="test_split_order_method" time="0.000" /><testcase classname="tests.test_mvm_module.TestOrderSplitting" name="test_group_items_by_vendor" time="0.000" /><testcase classname="tests.test_mvm_module.TestOrderSplitting" name="test_create_sub_order" time="0.000" /><testcase classname="tests.test_mvm_module.TestOrderSplitting" name="test_sub_order_status_types" time="0.000" /><testcase classname="tests.test_mvm_module.TestOrderSplitting" name="test_status_transitions" time="0.000" /><testcase classname="tests.test_mvm_module.TestOrderSplitting" name="test_commission_calculation_in_split" time="0.000" /><testcase classname="tests.test_mvm_module.TestOrderSplitting" name="test_no_payment_capture_in_splitter" time="0.000" /><testcase classname="tests.test_mvm_module.TestVendorEngine" name="test_vendor_engine_exists" time="0.000" /><testcase classname="tests.test_mvm_module.TestVendorEngine" name="test_vendor_status_types" time="0.000" /><testcase classname="tests.test_mvm_module.TestVendorEngine" name="test_vendor_status_transitions" time="0.000" /><testcase classname="tests.test_mvm_module.TestVendorEngine" name="test_churned_is_terminal_state" time="0.000" /><testcase classname="tests.test_mvm_module.TestVendorEngine" name="test_vendor_profile_validation" time="0.000" /><testcase classname="tests.test_mvm_module.TestVendorEngine" name="test_vendor_tier_engine" time="0.000" /><testcase classname="tests.test_mvm_module.TestVendorEngine" name="test_product_mapping_engine" time="0.000" /><testcase classname="tests.test_mvm_module.TestVendorEngine" name="test_vendors_are_not_tenants" time="0.000" /><testcase classname="tests.test_mvm_module.TestEntitlements" name="test_entitlement_service_exists" time="0.000" /><testcase classname="tests.test_mvm_module.TestEntitlements" name="test_entitlement_features" time="0.000" /><testcase classname="tests.test_mvm_module.TestEntitlements" name="test_entitlement_limits" time="0.000" /><testcase classname="tests.test_mvm_module.TestEntitlements" name="test_has_feature_method" time="0.000" /><testcase classname="tests.test_mvm_module.TestEntitlements" name="test_check_limit_method" time="0.000" /><testcase classname="tests.test_mvm_module.TestEntitlements" name="test_default_entitlements" time="0.000" /><testcase classname="tests.test_mvm_module.TestEntitlements" name="test_no_billing_logic_in_entitlements" time="0.000" /><testcase classname="tests.test_mvm_module.TestDatabaseSchema" name="test_all_tables_have_mvm_prefix" time="0.000" /><testcase classname="tests.test_mvm_module.TestDatabaseSchema" name="test_nine_tables_exist" time="0.000" /><testcase classname="tests.test_mvm_module.TestDatabaseSchema" name="test_vendor_model_exists" time="0.000" /><testcase classname="tests.test_mvm_module.TestDatabaseSchema" name="test_vendor_sub_order_model_exists" time="0.000" /><testcase classname="tests.test_mvm_module.TestDatabaseSchema" name="test_commission_rule_model_exists" time="0.000" /><testcase classname="tests.test_mvm_module.TestDatabaseSchema" name="test_payout_record_model_exists" time="0.000" /><testcase classname="tests.test_mvm_module.TestDatabaseSchema" name="test_no_core_schema_modifications" time="0.000" /><testcase classname="tests.test_mvm_module.TestArchitecturalConstraints" name="test_no_billing_logic" time="0.001" /><testcase classname="tests.test_mvm_module.TestArchitecturalConstraints" name="test_no_payment_execution" time="0.000" /><testcase classname="tests.test_mvm_module.TestArchitecturalConstraints" name="test_no_money_movement" time="0.000" /><testcase classname="tests.test_mvm_module.TestArchitecturalConstraints" name="test_payout_tracking_only" time="0.001"><failure message="assert ('does NOT move money' in &quot;/**\n * MVM Vendor Engine\n * \n * Manages vendor lifecycle, onboarding, and product mapping.\n * \n * RULES:\n * - Vendors are NOT tenants\n * - Vendors do NOT own customers\n * - Products come from Core catalog\n * - Inventory remains Core-owned\n */\n\n// ============================================================================\n// TYPES\n// ============================================================================\n\nexport type VendorStatus = \n  | 'PENDING_APPROVAL'\n  | 'APPROVED'\n  | 'SUSPENDED'\n  | 'REJECTED'\n  | 'CHURNED'\n\nexport type VendorStaffRole = 'OWNER' | 'MANAGER' | 'STAFF' | 'VIEWER'\n\nexport type OnboardingStep =\n  | 'REGISTERED'\n  | 'PROFILE_COMPLETED'\n  | 'BANK_INFO_ADDED'\n  | 'PRODUCTS_ADDED'\n  | 'AGREEMENT_SIGNED'\n  | 'COMPLETED'\n\nexport interface VendorProfile {\n  id: string\n  tenantId: string\n  name: string\n  slug: string\n  email: string\n  phone?: string\n  legalName?: string\n  taxId?: string\n  businessType?: string\n  description?: string\n  logo?: string\n  banner?: string\n  address?: VendorAddress\n  status: VendorStatus\n  isVerified: boolean\n  tierId?: string\n  tierName?: string\n  commissionRate: number\n  totalSales:...te.getMonth() + 1).toString().padStart(2, '0')}`)\n          break\n      }\n    }\n    \n    return labels\n  }\n}\n\n// ============================================================================\n// VENDOR NOTIFICATION PREFERENCES\n// ============================================================================\n\nexport interface VendorNotificationPreferences {\n  vendorId: string\n  \n  // Email notifications\n  email: {\n    newOrders: boolean\n    orderStatusChanges: boolean\n    payoutNotifications: boolean\n    reviewNotifications: boolean\n    promotionalUpdates: boolean\n    weeklyDigest: boolean\n  }\n  \n  // In-app notifications\n  inApp: {\n    newOrders: boolean\n    lowStock: boolean\n    reviews: boolean\n  }\n}\n\nexport const DEFAULT_NOTIFICATION_PREFERENCES: Omit&lt;VendorNotificationPreferences, 'vendorId'&gt; = {\n  email: {\n    newOrders: true,\n    orderStatusChanges: true,\n    payoutNotifications: true,\n    reviewNotifications: true,\n    promotionalUpdates: false,\n    weeklyDigest: true\n  },\n  inApp: {\n    newOrders: true,\n    lowStock: true,\n    reviews: true\n  }\n}\n\n// VendorDataAccess and DEFAULT_NOTIFICATION_PREFERENCES are exported inline\n\n&quot; or 'only tracks payout records' in &quot;/**\n * mvm vendor engine\n * \n * manages vendor lifecycle, onboarding, and product mapping.\n * \n * rules:\n * - vendors are not tenants\n * - vendors do not own customers\n * - products come from core catalog\n * - inventory remains core-owned\n */\n\n// ============================================================================\n// types\n// ============================================================================\n\nexport type vendorstatus = \n  | 'pending_approval'\n  | 'approved'\n  | 'suspended'\n  | 'rejected'\n  | 'churned'\n\nexport type vendorstaffrole = 'owner' | 'manager' | 'staff' | 'viewer'\n\nexport type onboardingstep =\n  | 'registered'\n  | 'profile_completed'\n  | 'bank_info_added'\n  | 'products_added'\n  | 'agreement_signed'\n  | 'completed'\n\nexport interface vendorprofile {\n  id: string\n  tenantid: string\n  name: string\n  slug: string\n  email: string\n  phone?: string\n  legalname?: string\n  taxid?: string\n  businesstype?: string\n  description?: string\n  logo?: string\n  banner?: string\n  address?: vendoraddress\n  status: vendorstatus\n  isverified: boolean\n  tierid?: string\n  tiername?: string\n  commissionrate: number\n  totalsales:...te.getmonth() + 1).tostring().padstart(2, '0')}`)\n          break\n      }\n    }\n    \n    return labels\n  }\n}\n\n// ============================================================================\n// vendor notification preferences\n// ============================================================================\n\nexport interface vendornotificationpreferences {\n  vendorid: string\n  \n  // email notifications\n  email: {\n    neworders: boolean\n    orderstatuschanges: boolean\n    payoutnotifications: boolean\n    reviewnotifications: boolean\n    promotionalupdates: boolean\n    weeklydigest: boolean\n  }\n  \n  // in-app notifications\n  inapp: {\n    neworders: boolean\n    lowstock: boolean\n    reviews: boolean\n  }\n}\n\nexport const default_notification_preferences: omit&lt;vendornotificationpreferences, 'vendorid'&gt; = {\n  email: {\n    neworders: true,\n    orderstatuschanges: true,\n    payoutnotifications: true,\n    reviewnotifications: true,\n    promotionalupdates: false,\n    weeklydigest: true\n  },\n  inapp: {\n    neworders: true,\n    lowstock: true,\n    reviews: true\n  }\n}\n\n// vendordataaccess and default_notification_preferences are exported inline\n\n&quot; or 'tracking only' in &quot;/**\n * mvm vendor engine\n * \n * manages vendor lifecycle, onboarding, and product mapping.\n * \n * rules:\n * - vendors are not tenants\n * - vendors do not own customers\n * - products come from core catalog\n * - inventory remains core-owned\n */\n\n// ============================================================================\n// types\n// ============================================================================\n\nexport type vendorstatus = \n  | 'pending_approval'\n  | 'approved'\n  | 'suspended'\n  | 'rejected'\n  | 'churned'\n\nexport type vendorstaffrole = 'owner' | 'manager' | 'staff' | 'viewer'\n\nexport type onboardingstep =\n  | 'registered'\n  | 'profile_completed'\n  | 'bank_info_added'\n  | 'products_added'\n  | 'agreement_signed'\n  | 'completed'\n\nexport interface vendorprofile {\n  id: string\n  tenantid: string\n  name: string\n  slug: string\n  email: string\n  phone?: string\n  legalname?: string\n  taxid?: string\n  businesstype?: string\n  description?: string\n  logo?: string\n  banner?: string\n  address?: vendoraddress\n  status: vendorstatus\n  isverified: boolean\n  tierid?: string\n  tiername?: string\n  commissionrate: number\n  totalsales:...te.getmonth() + 1).tostring().padstart(2, '0')}`)\n          break\n      }\n    }\n    \n    return labels\n  }\n}\n\n// ============================================================================\n// vendor notification preferences\n// ============================================================================\n\nexport interface vendornotificationpreferences {\n  vendorid: string\n  \n  // email notifications\n  email: {\n    neworders: boolean\n    orderstatuschanges: boolean\n    payoutnotifications: boolean\n    reviewnotifications: boolean\n    promotionalupdates: boolean\n    weeklydigest: boolean\n  }\n  \n  // in-app notifications\n  inapp: {\n    neworders: boolean\n    lowstock: boolean\n    reviews: boolean\n  }\n}\n\nexport const default_notification_preferences: omit&lt;vendornotificationpreferences, 'vendorid'&gt; = {\n  email: {\n    neworders: true,\n    orderstatuschanges: true,\n    payoutnotifications: true,\n    reviewnotifications: true,\n    promotionalupdates: false,\n    weeklydigest: true\n  },\n  inapp: {\n    neworders: true,\n    lowstock: true,\n    reviews: true\n  }\n}\n\n// vendordataaccess and default_notification_preferences are exported inline\n\n&quot;)&#10; +  where &quot;/**\n * mvm vendor engine\n * \n * manages vendor lifecycle, onboarding, and product mapping.\n * \n * rules:\n * - vendors are not tenants\n * - vendors do not own customers\n * - products come from core catalog\n * - inventory remains core-owned\n */\n\n// ============================================================================\n// types\n// ============================================================================\n\nexport type vendorstatus = \n  | 'pending_approval'\n  | 'approved'\n  | 'suspended'\n  | 'rejected'\n  | 'churned'\n\nexport type vendorstaffrole = 'owner' | 'manager' | 'staff' | 'viewer'\n\nexport type onboardingstep =\n  | 'registered'\n  | 'profile_completed'\n  | 'bank_info_added'\n  | 'products_added'\n  | 'agreement_signed'\n  | 'completed'\n\nexport interface vendorprofile {\n  id: string\n  tenantid: string\n  name: string\n  slug: string\n  email: string\n  phone?: string\n  legalname?: string\n  taxid?: string\n  businesstype?: string\n  description?: string\n  logo?: string\n  banner?: string\n  address?: vendoraddress\n  status: vendorstatus\n  isverified: boolean\n  tierid?: string\n  tiername?: string\n  commissionrate: number\n  totalsales:...te.getmonth() + 1).tostring().padstart(2, '0')}`)\n          break\n      }\n    }\n    \n    return labels\n  }\n}\n\n// ============================================================================\n// vendor notification preferences\n// ============================================================================\n\nexport interface vendornotificationpreferences {\n  vendorid: string\n  \n  // email notifications\n  email: {\n    neworders: boolean\n    orderstatuschanges: boolean\n    payoutnotifications: boolean\n    reviewnotifications: boolean\n    promotionalupdates: boolean\n    weeklydigest: boolean\n  }\n  \n  // in-app notifications\n  inapp: {\n    neworders: boolean\n    lowstock: boolean\n    reviews: boolean\n  }\n}\n\nexport const default_notification_preferences: omit&lt;vendornotificationpreferences, 'vendorid'&gt; = {\n  email: {\n    neworders: true,\n    orderstatuschanges: true,\n    payoutnotifications: true,\n    reviewnotifications: true,\n    promotionalupdates: false,\n    weeklydigest: true\n  },\n  inapp: {\n    neworders: true,\n    lowstock: true,\n    reviews: true\n  }\n}\n\n// vendordataaccess and default_notification_preferences are exported inline\n\n&quot; = &lt;built-in method lower of str object at 0xae36b6b877b0&gt;()&#10; +    where &lt;built-in method lower of str object at 0xae36b6b877b0&gt; = &quot;/**\n * MVM Vendor Engine\n * \n * Manages vendor lifecycle, onboarding, and product mapping.\n * \n * RULES:\n * - Vendors are NOT tenants\n * - Vendors do NOT own customers\n * - Products come from Core catalog\n * - Inventory remains Core-owned\n */\n\n// ============================================================================\n// TYPES\n// ============================================================================\n\nexport type VendorStatus = \n  | 'PENDING_APPROVAL'\n  | 'APPROVED'\n  | 'SUSPENDED'\n  | 'REJECTED'\n  | 'CHURNED'\n\nexport type VendorStaffRole = 'OWNER' | 'MANAGER' | 'STAFF' | 'VIEWER'\n\nexport type OnboardingStep =\n  | 'REGISTERED'\n  | 'PROFILE_COMPLETED'\n  | 'BANK_INFO_ADDED'\n  | 'PRODUCTS_ADDED'\n  | 'AGREEMENT_SIGNED'\n  | 'COMPLETED'\n\nexport interface VendorProfile {\n  id: string\n  tenantId: string\n  name: string\n  slug: string\n  email: string\n  phone?: string\n  legalName?: string\n  taxId?: string\n  businessType?: string\n  description?: string\n  logo?: string\n  banner?: string\n  address?: VendorAddress\n  status: VendorStatus\n  isVerified: boolean\n  tierId?: string\n  tierName?: string\n  commissionRate: number\n  totalSales:...te.getMonth() + 1).toString().padStart(2, '0')}`)\n          break\n      }\n    }\n    \n    return labels\n  }\n}\n\n// ============================================================================\n// VENDOR NOTIFICATION PREFERENCES\n// ============================================================================\n\nexport interface VendorNotificationPreferences {\n  vendorId: string\n  \n  // Email notifications\n  email: {\n    newOrders: boolean\n    orderStatusChanges: boolean\n    payoutNotifications: boolean\n    reviewNotifications: boolean\n    promotionalUpdates: boolean\n    weeklyDigest: boolean\n  }\n  \n  // In-app notifications\n  inApp: {\n    newOrders: boolean\n    lowStock: boolean\n    reviews: boolean\n  }\n}\n\nexport const DEFAULT_NOTIFICATION_PREFERENCES: Omit&lt;VendorNotificationPreferences, 'vendorId'&gt; = {\n  email: {\n    newOrders: true,\n    orderStatusChanges: true,\n    payoutNotifications: true,\n    reviewNotifications: true,\n    promotionalUpdates: false,\n    weeklyDigest: true\n  },\n  inApp: {\n    newOrders: true,\n    lowStock: true,\n    reviews: true\n  }\n}\n\n// VendorDataAccess and DEFAULT_NOTIFICATION_PREFERENCES are exported inline\n\n&quot;.lower&#10; +  and   &quot;/**\n * mvm vendor engine\n * \n * manages vendor lifecycle, onboarding, and product mapping.\n * \n * rules:\n * - vendors are not tenants\n * - vendors do not own customers\n * - products come from core catalog\n * - inventory remains core-owned\n */\n\n// ============================================================================\n// types\n// ============================================================================\n\nexport type vendorstatus = \n  | 'pending_approval'\n  | 'approved'\n  | 'suspended'\n  | 'rejected'\n  | 'churned'\n\nexport type vendorstaffrole = 'owner' | 'manager' | 'staff' | 'viewer'\n\nexport type onboardingstep =\n  | 'registered'\n  | 'profile_completed'\n  | 'bank_info_added'\n  | 'products_added'\n  | 'agreement_signed'\n  | 'completed'\n\nexport interface vendorprofile {\n  id: string\n  tenantid: string\n  name: string\n  slug: string\n  email: string\n  phone?: string\n  legalname?: string\n  taxid?: string\n  businesstype?: string\n  description?: string\n  logo?: string\n  banner?: string\n  address?: vendoraddress\n  status: vendorstatus\n  isverified: boolean\n  tierid?: string\n  tiername?: string\n  commissionrate: number\n  totalsales:...te.getmonth() + 1).tostring().padstart(2, '0')}`)\n          break\n      }\n    }\n    \n    return labels\n  }\n}\n\n// ============================================================================\n// vendor notification preferences\n// ============================================================================\n\nexport interface vendornotificationpreferences {\n  vendorid: string\n  \n  // email notifications\n  email: {\n    neworders: boolean\n    orderstatuschanges: boolean\n    payoutnotifications: boolean\n    reviewnotifications: boolean\n    promotionalupdates: boolean\n    weeklydigest: boolean\n  }\n  \n  // in-app notifications\n  inapp: {\n    neworders: boolean\n    lowstock: boolean\n    reviews: boolean\n  }\n}\n\nexport const default_notification_preferences: omit&lt;vendornotificationpreferences, 'vendorid'&gt; = {\n  email: {\n    neworders: true,\n    orderstatuschanges: true,\n    payoutnotifications: true,\n    reviewnotifications: true,\n    promotionalupdates: false,\n    weeklydigest: true\n  },\n  inapp: {\n    neworders: true,\n    lowstock: true,\n    reviews: true\n  }\n}\n\n// vendordataaccess and default_notification_preferences are exported inline\n\n&quot; = &lt;built-in method lower of str object at 0xae36b6b877b0&gt;()&#10; +    where &lt;built-in method lower of str object at 0xae36b6b877b0&gt; = &quot;/**\n * MVM Vendor Engine\n * \n * Manages vendor lifecycle, onboarding, and product mapping.\n * \n * RULES:\n * - Vendors are NOT tenants\n * - Vendors do NOT own customers\n * - Products come from Core catalog\n * - Inventory remains Core-owned\n */\n\n// ============================================================================\n// TYPES\n// ============================================================================\n\nexport type VendorStatus = \n  | 'PENDING_APPROVAL'\n  | 'APPROVED'\n  | 'SUSPENDED'\n  | 'REJECTED'\n  | 'CHURNED'\n\nexport type VendorStaffRole = 'OWNER' | 'MANAGER' | 'STAFF' | 'VIEWER'\n\nexport type OnboardingStep =\n  | 'REGISTERED'\n  | 'PROFILE_COMPLETED'\n  | 'BANK_INFO_ADDED'\n  | 'PRODUCTS_ADDED'\n  | 'AGREEMENT_SIGNED'\n  | 'COMPLETED'\n\nexport interface VendorProfile {\n  id: string\n  tenantId: string\n  name: string\n  slug: string\n  email: string\n  phone?: string\n  legalName?: string\n  taxId?: string\n  businessType?: string\n  description?: string\n  logo?: string\n  banner?: string\n  address?: VendorAddress\n  status: VendorStatus\n  isVerified: boolean\n  tierId?: string\n  tierName?: string\n  commissionRate: number\n  totalSales:...te.getMonth() + 1).toString().padStart(2, '0')}`)\n          break\n      }\n    }\n    \n    return labels\n  }\n}\n\n// ============================================================================\n// VENDOR NOTIFICATION PREFERENCES\n// ============================================================================\n\nexport interface VendorNotificationPreferences {\n  vendorId: string\n  \n  // Email notifications\n  email: {\n    newOrders: boolean\n    orderStatusChanges: boolean\n    payoutNotifications: boolean\n    reviewNotifications: boolean\n    promotionalUpdates: boolean\n    weeklyDigest: boolean\n  }\n  \n  // In-app notifications\n  inApp: {\n    newOrders: boolean\n    lowStock: boolean\n    reviews: boolean\n  }\n}\n\nexport const DEFAULT_NOTIFICATION_PREFERENCES: Omit&lt;VendorNotificationPreferences, 'vendorId'&gt; = {\n  email: {\n    newOrders: true,\n    orderStatusChanges: true,\n    payoutNotifications: true,\n    reviewNotifications: true,\n    promotionalUpdates: false,\n    weeklyDigest: true\n  },\n  inApp: {\n    newOrders: true,\n    lowStock: true,\n    reviews: true\n  }\n}\n\n// VendorDataAccess and DEFAULT_NOTIFICATION_PREFERENCES are exported inline\n\n&quot;.lower">tests/test_mvm_module.py:653: in test_payout_tracking_only
    assert 'does NOT move money' in all_lib_files_content or \
E   assert ('does NOT move money' in "/**\n * MVM Vendor Engine\n * \n * Manages vendor lifecycle, onboarding, and product mapping.\n * \n * RULES:\n * - Vendors are NOT tenants\n * - Vendors do NOT own customers\n * - Products come from Core catalog\n * - Inventory remains Core-owned\n */\n\n// ============================================================================\n// TYPES\n// ============================================================================\n\nexport type VendorStatus = \n  | 'PENDING_APPROVAL'\n  | 'APPROVED'\n  | 'SUSPENDED'\n  | 'REJECTED'\n  | 'CHURNED'\n\nexport type VendorStaffRole = 'OWNER' | 'MANAGER' | 'STAFF' | 'VIEWER'\n\nexport type OnboardingStep =\n  | 'REGISTERED'\n  | 'PROFILE_COMPLETED'\n  | 'BANK_INFO_ADDED'\n  | 'PRODUCTS_ADDED'\n  | 'AGREEMENT_SIGNED'\n  | 'COMPLETED'\n\nexport interface VendorProfile {\n  id: string\n  tenantId: string\n  name: string\n  slug: string\n  email: string\n  phone?: string\n  legalName?: string\n  taxId?: string\n  businessType?: string\n  description?: string\n  logo?: string\n  banner?: string\n  address?: VendorAddress\n  status: VendorStatus\n  isVerified: boolean\n  tierId?: string\n  tierName?: string\n  commissionRate: number\n  totalSales:...te.getMonth() + 1).toString().padStart(2, '0')}`)\n          break\n      }\n    }\n    \n    return labels\n  }\n}\n\n// ============================================================================\n// VENDOR NOTIFICATION PREFERENCES\n// ============================================================================\n\nexport interface VendorNotificationPreferences {\n  vendorId: string\n  \n  // Email notifications\n  email: {\n    newOrders: boolean\n    orderStatusChanges: boolean\n    payoutNotifications: boolean\n    reviewNotifications: boolean\n    promotionalUpdates: boolean\n    weeklyDigest: boolean\n  }\n  \n  // In-app notifications\n  inApp: {\n    newOrders: boolean\n    lowStock: boolean\n    reviews: boolean\n  }\n}\n\nexport const DEFAULT_NOTIFICATION_PREFERENCES: Omit&lt;VendorNotificationPreferences, 'vendorId'&gt; = {\n  email: {\n    newOrders: true,\n    orderStatusChanges: true,\n    payoutNotifications: true,\n    reviewNotifications: true,\n    promotionalUpdates: false,\n    weeklyDigest: true\n  },\n  inApp: {\n    newOrders: true,\n    lowStock: true,\n    reviews: true\n  }\n}\n\n// VendorDataAccess and DEFAULT_NOTIFICATION_PREFERENCES are exported inline\n\n" or 'only tracks payout records' in "/**\n * mvm vendor engine\n * \n * manages vendor lifecycle, onboarding, and product mapping.\n * \n * rules:\n * - vendors are not tenants\n * - vendors do not own customers\n * - products come from core catalog\n * - inventory remains core-owned\n */\n\n// ============================================================================\n// types\n// ============================================================================\n\nexport type vendorstatus = \n  | 'pending_approval'\n  | 'approved'\n  | 'suspended'\n  | 'rejected'\n  | 'churned'\n\nexport type vendorstaffrole = 'owner' | 'manager' | 'staff' | 'viewer'\n\nexport type onboardingstep =\n  | 'registered'\n  | 'profile_completed'\n  | 'bank_info_added'\n  | 'products_added'\n  | 'agreement_signed'\n  | 'completed'\n\nexport interface vendorprofile {\n  id: string\n  tenantid: string\n  name: string\n  slug: string\n  email: string\n  phone?: string\n  legalname?: string\n  taxid?: string\n  businesstype?: string\n  description?: string\n  logo?: string\n  banner?: string\n  address?: vendoraddress\n  status: vendorstatus\n  isverified: boolean\n  tierid?: string\n  tiername?: string\n  commissionrate: number\n  totalsales:...te.getmonth() + 1).tostring().padstart(2, '0')}`)\n          break\n      }\n    }\n    \n    return labels\n  }\n}\n\n// ============================================================================\n// vendor notification preferences\n// ============================================================================\n\nexport interface vendornotificationpreferences {\n  vendorid: string\n  \n  // email notifications\n  email: {\n    neworders: boolean\n    orderstatuschanges: boolean\n    payoutnotifications: boolean\n    reviewnotifications: boolean\n    promotionalupdates: boolean\n    weeklydigest: boolean\n  }\n  \n  // in-app notifications\n  inapp: {\n    neworders: boolean\n    lowstock: boolean\n    reviews: boolean\n  }\n}\n\nexport const default_notification_preferences: omit&lt;vendornotificationpreferences, 'vendorid'&gt; = {\n  email: {\n    neworders: true,\n    orderstatuschanges: true,\n    payoutnotifications: true,\n    reviewnotifications: true,\n    promotionalupdates: false,\n    weeklydigest: true\n  },\n  inapp: {\n    neworders: true,\n    lowstock: true,\n    reviews: true\n  }\n}\n\n// vendordataaccess and default_notification_preferences are exported inline\n\n" or 'tracking only' in "/**\n * mvm vendor engine\n * \n * manages vendor lifecycle, onboarding, and product mapping.\n * \n * rules:\n * - vendors are not tenants\n * - vendors do not own customers\n * - products come from core catalog\n * - inventory remains core-owned\n */\n\n// ============================================================================\n// types\n// ============================================================================\n\nexport type vendorstatus = \n  | 'pending_approval'\n  | 'approved'\n  | 'suspended'\n  | 'rejected'\n  | 'churned'\n\nexport type vendorstaffrole = 'owner' | 'manager' | 'staff' | 'viewer'\n\nexport type onboardingstep =\n  | 'registered'\n  | 'profile_completed'\n  | 'bank_info_added'\n  | 'products_added'\n  | 'agreement_signed'\n  | 'completed'\n\nexport interface vendorprofile {\n  id: string\n  tenantid: string\n  name: string\n  slug: string\n  email: string\n  phone?: string\n  legalname?: string\n  taxid?: string\n  businesstype?: string\n  description?: string\n  logo?: string\n  banner?: string\n  address?: vendoraddress\n  status: vendorstatus\n  isverified: boolean\n  tierid?: string\n  tiername?: string\n  commissionrate: number\n  totalsales:...te.getmonth() + 1).tostring().padstart(2, '0')}`)\n          break\n      }\n    }\n    \n    return labels\n  }\n}\n\n// ============================================================================\n// vendor notification preferences\n// ============================================================================\n\nexport interface vendornotificationpreferences {\n  vendorid: string\n  \n  // email notifications\n  email: {\n    neworders: boolean\n    orderstatuschanges: boolean\n    payoutnotifications: boolean\n    reviewnotifications: boolean\n    promotionalupdates: boolean\n    weeklydigest: boolean\n  }\n  \n  // in-app notifications\n  inapp: {\n    neworders: boolean\n    lowstock: boolean\n    reviews: boolean\n  }\n}\n\nexport const default_notification_preferences: omit&lt;vendornotificationpreferences, 'vendorid'&gt; = {\n  email: {\n    neworders: true,\n    orderstatuschanges: true,\n    payoutnotifications: true,\n    reviewnotifications: true,\n    promotionalupdates: false,\n    weeklydigest: true\n  },\n  inapp: {\n    neworders: true,\n    lowstock: true,\n    reviews: true\n  }\n}\n\n// vendordataaccess and default_notification_preferences are exported inline\n\n")
E    +  where "/**\n * mvm vendor engine\n * \n * manages vendor lifecycle, onboarding, and product mapping.\n * \n * rules:\n * - vendors are not tenants\n * - vendors do not own customers\n * - products come from core catalog\n * - inventory remains core-owned\n */\n\n// ============================================================================\n// types\n// ============================================================================\n\nexport type vendorstatus = \n  | 'pending_approval'\n  | 'approved'\n  | 'suspended'\n  | 'rejected'\n  | 'churned'\n\nexport type vendorstaffrole = 'owner' | 'manager' | 'staff' | 'viewer'\n\nexport type onboardingstep =\n  | 'registered'\n  | 'profile_completed'\n  | 'bank_info_added'\n  | 'products_added'\n  | 'agreement_signed'\n  | 'completed'\n\nexport interface vendorprofile {\n  id: string\n  tenantid: string\n  name: string\n  slug: string\n  email: string\n  phone?: string\n  legalname?: string\n  taxid?: string\n  businesstype?: string\n  description?: string\n  logo?: string\n  banner?: string\n  address?: vendoraddress\n  status: vendorstatus\n  isverified: boolean\n  tierid?: string\n  tiername?: string\n  commissionrate: number\n  totalsales:...te.getmonth() + 1).tostring().padstart(2, '0')}`)\n          break\n      }\n    }\n    \n    return labels\n  }\n}\n\n// ============================================================================\n// vendor notification preferences\n// ============================================================================\n\nexport interface vendornotificationpreferences {\n  vendorid: string\n  \n  // email notifications\n  email: {\n    neworders: boolean\n    orderstatuschanges: boolean\n    payoutnotifications: boolean\n    reviewnotifications: boolean\n    promotionalupdates: boolean\n    weeklydigest: boolean\n  }\n  \n  // in-app notifications\n  inapp: {\n    neworders: boolean\n    lowstock: boolean\n    reviews: boolean\n  }\n}\n\nexport const default_notification_preferences: omit&lt;vendornotificationpreferences, 'vendorid'&gt; = {\n  email: {\n    neworders: true,\n    orderstatuschanges: true,\n    payoutnotifications: true,\n    reviewnotifications: true,\n    promotionalupdates: false,\n    weeklydigest: true\n  },\n  inapp: {\n    neworders: true,\n    lowstock: true,\n    reviews: true\n  }\n}\n\n// vendordataaccess and default_notification_preferences are exported inline\n\n" = &lt;built-in method lower of str object at 0xae36b6b877b0&gt;()
E    +    where &lt;built-in method lower of str object at 0xae36b6b877b0&gt; = "/**\n * MVM Vendor Engine\n * \n * Manages vendor lifecycle, onboarding, and product mapping.\n * \n * RULES:\n * - Vendors are NOT tenants\n * - Vendors do NOT own customers\n * - Products come from Core catalog\n * - Inventory remains Core-owned\n */\n\n// ============================================================================\n// TYPES\n// ============================================================================\n\nexport type VendorStatus = \n  | 'PENDING_APPROVAL'\n  | 'APPROVED'\n  | 'SUSPENDED'\n  | 'REJECTED'\n  | 'CHURNED'\n\nexport type VendorStaffRole = 'OWNER' | 'MANAGER' | 'STAFF' | 'VIEWER'\n\nexport type OnboardingStep =\n  | 'REGISTERED'\n  | 'PROFILE_COMPLETED'\n  | 'BANK_INFO_ADDED'\n  | 'PRODUCTS_ADDED'\n  | 'AGREEMENT_SIGNED'\n  | 'COMPLETED'\n\nexport interface VendorProfile {\n  id: string\n  tenantId: string\n  name: string\n  slug: string\n  email: string\n  phone?: string\n  legalName?: string\n  taxId?: string\n  businessType?: string\n  description?: string\n  logo?: string\n  banner?: string\n  address?: VendorAddress\n  status: VendorStatus\n  isVerified: boolean\n  tierId?: string\n  tierName?: string\n  commissionRate: number\n  totalSales:...te.getMonth() + 1).toString().padStart(2, '0')}`)\n          break\n      }\n    }\n    \n    return labels\n  }\n}\n\n// ============================================================================\n// VENDOR NOTIFICATION PREFERENCES\n// ============================================================================\n\nexport interface VendorNotificationPreferences {\n  vendorId: string\n  \n  // Email notifications\n  email: {\n    newOrders: boolean\n    orderStatusChanges: boolean\n    payoutNotifications: boolean\n    reviewNotifications: boolean\n    promotionalUpdates: boolean\n    weeklyDigest: boolean\n  }\n  \n  // In-app notifications\n  inApp: {\n    newOrders: boolean\n    lowStock: boolean\n    reviews: boolean\n  }\n}\n\nexport const DEFAULT_NOTIFICATION_PREFERENCES: Omit&lt;VendorNotificationPreferences, 'vendorId'&gt; = {\n  email: {\n    newOrders: true,\n    orderStatusChanges: true,\n    payoutNotifications: true,\n    reviewNotifications: true,\n    promotionalUpdates: false,\n    weeklyDigest: true\n  },\n  inApp: {\n    newOrders: true,\n    lowStock: true,\n    reviews: true\n  }\n}\n\n// VendorDataAccess and DEFAULT_NOTIFICATION_PREFERENCES are exported inline\n\n".lower
E    +  and   "/**\n * mvm vendor engine\n * \n * manages vendor lifecycle, onboarding, and product mapping.\n * \n * rules:\n * - vendors are not tenants\n * - vendors do not own customers\n * - products come from core catalog\n * - inventory remains core-owned\n */\n\n// ============================================================================\n// types\n// ============================================================================\n\nexport type vendorstatus = \n  | 'pending_approval'\n  | 'approved'\n  | 'suspended'\n  | 'rejected'\n  | 'churned'\n\nexport type vendorstaffrole = 'owner' | 'manager' | 'staff' | 'viewer'\n\nexport type onboardingstep =\n  | 'registered'\n  | 'profile_completed'\n  | 'bank_info_added'\n  | 'products_added'\n  | 'agreement_signed'\n  | 'completed'\n\nexport interface vendorprofile {\n  id: string\n  tenantid: string\n  name: string\n  slug: string\n  email: string\n  phone?: string\n  legalname?: string\n  taxid?: string\n  businesstype?: string\n  description?: string\n  logo?: string\n  banner?: string\n  address?: vendoraddress\n  status: vendorstatus\n  isverified: boolean\n  tierid?: string\n  tiername?: string\n  commissionrate: number\n  totalsales:...te.getmonth() + 1).tostring().padstart(2, '0')}`)\n          break\n      }\n    }\n    \n    return labels\n  }\n}\n\n// ============================================================================\n// vendor notification preferences\n// ============================================================================\n\nexport interface vendornotificationpreferences {\n  vendorid: string\n  \n  // email notifications\n  email: {\n    neworders: boolean\n    orderstatuschanges: boolean\n    payoutnotifications: boolean\n    reviewnotifications: boolean\n    promotionalupdates: boolean\n    weeklydigest: boolean\n  }\n  \n  // in-app notifications\n  inapp: {\n    neworders: boolean\n    lowstock: boolean\n    reviews: boolean\n  }\n}\n\nexport const default_notification_preferences: omit&lt;vendornotificationpreferences, 'vendorid'&gt; = {\n  email: {\n    neworders: true,\n    orderstatuschanges: true,\n    payoutnotifications: true,\n    reviewnotifications: true,\n    promotionalupdates: false,\n    weeklydigest: true\n  },\n  inapp: {\n    neworders: true,\n    lowstock: true,\n    reviews: true\n  }\n}\n\n// vendordataaccess and default_notification_preferences are exported inline\n\n" = &lt;built-in method lower of str object at 0xae36b6b877b0&gt;()
E    +    where &lt;built-in method lower of str object at 0xae36b6b877b0&gt; = "/**\n * MVM Vendor Engine\n * \n * Manages vendor lifecycle, onboarding, and product mapping.\n * \n * RULES:\n * - Vendors are NOT tenants\n * - Vendors do NOT own customers\n * - Products come from Core catalog\n * - Inventory remains Core-owned\n */\n\n// ============================================================================\n// TYPES\n// ============================================================================\n\nexport type VendorStatus = \n  | 'PENDING_APPROVAL'\n  | 'APPROVED'\n  | 'SUSPENDED'\n  | 'REJECTED'\n  | 'CHURNED'\n\nexport type VendorStaffRole = 'OWNER' | 'MANAGER' | 'STAFF' | 'VIEWER'\n\nexport type OnboardingStep =\n  | 'REGISTERED'\n  | 'PROFILE_COMPLETED'\n  | 'BANK_INFO_ADDED'\n  | 'PRODUCTS_ADDED'\n  | 'AGREEMENT_SIGNED'\n  | 'COMPLETED'\n\nexport interface VendorProfile {\n  id: string\n  tenantId: string\n  name: string\n  slug: string\n  email: string\n  phone?: string\n  legalName?: string\n  taxId?: string\n  businessType?: string\n  description?: string\n  logo?: string\n  banner?: string\n  address?: VendorAddress\n  status: VendorStatus\n  isVerified: boolean\n  tierId?: string\n  tierName?: string\n  commissionRate: number\n  totalSales:...te.getMonth() + 1).toString().padStart(2, '0')}`)\n          break\n      }\n    }\n    \n    return labels\n  }\n}\n\n// ============================================================================\n// VENDOR NOTIFICATION PREFERENCES\n// ============================================================================\n\nexport interface VendorNotificationPreferences {\n  vendorId: string\n  \n  // Email notifications\n  email: {\n    newOrders: boolean\n    orderStatusChanges: boolean\n    payoutNotifications: boolean\n    reviewNotifications: boolean\n    promotionalUpdates: boolean\n    weeklyDigest: boolean\n  }\n  \n  // In-app notifications\n  inApp: {\n    newOrders: boolean\n    lowStock: boolean\n    reviews: boolean\n  }\n}\n\nexport const DEFAULT_NOTIFICATION_PREFERENCES: Omit&lt;VendorNotificationPreferences, 'vendorId'&gt; = {\n  email: {\n    newOrders: true,\n    orderStatusChanges: true,\n    payoutNotifications: true,\n    reviewNotifications: true,\n    promotionalUpdates: false,\n    weeklyDigest: true\n  },\n  inApp: {\n    newOrders: true,\n    lowStock: true,\n    reviews: true\n  }\n}\n\n// VendorDataAccess and DEFAULT_NOTIFICATION_PREFERENCES are exported inline\n\n".lower</failure></testcase><testcase classname="tests.test_mvm_module.TestMVMExtendsSVM" name="test_mvm_extends_svm_documentation" time="0.000" /><testcase classname="tests.test_mvm_module.TestMVMExtendsSVM" name="test_no_storefront_duplication" time="0.000" /><testcase classname="tests.test_mvm_module.TestMVMExtendsSVM" name="test_no_order_creation_duplication" time="0.000" /><testcase classname="tests.test_mvm_module.TestMVMExtendsSVM" name="test_references_parent_order" time="0.000" /><testcase classname="tests.test_mvm_module.TestMVMExtendsSVM" name="test_svm_peer_dependency" time="0.000" /><testcase classname="tests.test_mvm_module.TestModuleExports" name="test_vendor_engine_exports" time="0.000" /><testcase classname="tests.test_mvm_module.TestModuleExports" name="test_order_splitter_exports" time="0.000" /><testcase classname="tests.test_mvm_module.TestModuleExports" name="test_commission_engine_exports" time="0.000" /><testcase classname="tests.test_mvm_module.TestModuleExports" name="test_event_bus_exports" time="0.000" /><testcase classname="tests.test_mvm_module.TestModuleExports" name="test_entitlement_exports" time="0.000" /><testcase classname="tests.test_mvm_module.TestModuleExports" name="test_offline_behavior_exports" time="0.000" /><testcase classname="tests.test_mvm_module.TestModuleExports" name="test_vendor_dashboard_exports" time="0.000" /><testcase classname="tests.test_mvm_module.TestOfflineBehavior" name="test_offline_safe_actions_defined" time="0.000" /><testcase classname="tests.test_mvm_module.TestOfflineBehavior" name="test_online_required_actions_defined" time="0.000" /><testcase classname="tests.test_mvm_module.TestOfflineBehavior" name="test_connectivity_checker" time="0.000" /><testcase classname="tests.test_mvm_module.TestVendorDashboard" name="test_vendor_data_access_class" time="0.000" /><testcase classname="tests.test_mvm_module.TestVendorDashboard" name="test_data_isolation_documentation" time="0.000" /><testcase classname="tests.test_mvm_module.TestVendorDashboard" name="test_dashboard_view_types" time="0.000" /></testsuite></testsuites>