<?xml version="1.0" encoding="utf-8"?><testsuites name="pytest tests"><testsuite name="pytest" errors="0" failures="0" skipped="0" tests="31" time="55.262" timestamp="2026-01-06T15:52:51.301631+00:00" hostname="agent-env-a4f9b000-2f1b-4358-9cdd-9f851f46687c"><testcase classname="tests.test_mvm_s6_verification.TestCapabilityGuard" name="test_vendors_api_blocked_for_non_activated_tenant" time="0.729" /><testcase classname="tests.test_mvm_s6_verification.TestCapabilityGuard" name="test_orders_api_blocked_for_non_activated_tenant" time="0.609" /><testcase classname="tests.test_mvm_s6_verification.TestCapabilityGuard" name="test_commissions_api_blocked_for_non_activated_tenant" time="0.606" /><testcase classname="tests.test_mvm_s6_verification.TestCapabilityGuard" name="test_payouts_api_blocked_for_non_activated_tenant" time="0.606" /><testcase classname="tests.test_mvm_s6_verification.TestCapabilityGuard" name="test_dashboard_api_blocked_for_non_activated_tenant" time="0.639" /><testcase classname="tests.test_mvm_s6_verification.TestVendorCRUD" name="test_list_vendors" time="1.401" /><testcase classname="tests.test_mvm_s6_verification.TestVendorCRUD" name="test_get_vendor_by_id" time="1.352" /><testcase classname="tests.test_mvm_s6_verification.TestVendorCRUD" name="test_create_vendor" time="3.605" /><testcase classname="tests.test_mvm_s6_verification.TestVendorCRUD" name="test_create_vendor_duplicate_email_rejected" time="1.125" /><testcase classname="tests.test_mvm_s6_verification.TestVendorCRUD" name="test_create_vendor_missing_required_fields" time="0.611" /><testcase classname="tests.test_mvm_s6_verification.TestVendorLifecycle" name="test_approve_pending_vendor" time="1.344" /><testcase classname="tests.test_mvm_s6_verification.TestVendorLifecycle" name="test_verify_vendor" time="2.348" /><testcase classname="tests.test_mvm_s6_verification.TestVendorLifecycle" name="test_suspend_vendor" time="1.330" /><testcase classname="tests.test_mvm_s6_verification.TestVendorLifecycle" name="test_reinstate_suspended_vendor" time="1.347" /><testcase classname="tests.test_mvm_s6_verification.TestVendorLifecycle" name="test_invalid_status_transition_rejected" time="1.936" /><testcase classname="tests.test_mvm_s6_verification.TestCommissionCalculation" name="test_commission_list" time="1.953" /><testcase classname="tests.test_mvm_s6_verification.TestCommissionCalculation" name="test_commission_summary" time="1.649" /><testcase classname="tests.test_mvm_s6_verification.TestCommissionCalculation" name="test_commission_rate_verification" time="1.717" /><testcase classname="tests.test_mvm_s6_verification.TestOrderFlow" name="test_list_orders" time="1.130" /><testcase classname="tests.test_mvm_s6_verification.TestOrderFlow" name="test_create_order_with_split" time="6.533" /><testcase classname="tests.test_mvm_s6_verification.TestOrderFlow" name="test_order_validation_missing_vendor_id" time="0.626" /><testcase classname="tests.test_mvm_s6_verification.TestPayoutFlow" name="test_list_payouts" time="1.118" /><testcase classname="tests.test_mvm_s6_verification.TestPayoutFlow" name="test_eligible_vendors_for_payout" time="1.930" /><testcase classname="tests.test_mvm_s6_verification.TestPayoutFlow" name="test_vendor_payout_summary" time="2.141" /><testcase classname="tests.test_mvm_s6_verification.TestDashboard" name="test_admin_dashboard" time="2.344" /><testcase classname="tests.test_mvm_s6_verification.TestDashboard" name="test_vendor_dashboard" time="4.944" /><testcase classname="tests.test_mvm_s6_verification.TestTenantIsolation" name="test_vendor_data_isolated_per_tenant" time="1.906" /><testcase classname="tests.test_mvm_s6_verification.TestNigeriaFirstRequirements" name="test_currency_is_ngn" time="1.107" /><testcase classname="tests.test_mvm_s6_verification.TestNigeriaFirstRequirements" name="test_default_commission_rate_15_percent" time="2.304" /><testcase classname="tests.test_mvm_s6_verification.TestNigeriaFirstRequirements" name="test_vat_rate_7_5_percent" time="2.718" /><testcase classname="tests.test_mvm_s6_verification.TestNigeriaFirstRequirements" name="test_tier_based_commission_rates" time="1.419" /></testsuite></testsuites>