<?xml version="1.0" encoding="utf-8"?><testsuites name="pytest tests"><testsuite name="pytest" errors="0" failures="0" skipped="0" tests="23" time="24.256" timestamp="2026-01-05T17:07:37.626103+00:00" hostname="agent-env-463530c6-c1b4-443b-b777-10f5456b1d5f"><testcase classname="tests.test_parkhub_transport.TestParkHubAuthentication" name="test_login_with_valid_credentials" time="2.947" /><testcase classname="tests.test_parkhub_transport.TestParkHubConfigAPI" name="test_config_api_requires_auth" time="0.085" /><testcase classname="tests.test_parkhub_transport.TestParkHubConfigAPI" name="test_config_api_returns_labels" time="3.699" /><testcase classname="tests.test_parkhub_transport.TestParkHubConfigAPI" name="test_config_api_returns_mvm_config" time="1.416" /><testcase classname="tests.test_parkhub_transport.TestParkHubConfigAPI" name="test_config_api_returns_capability_bundle" time="1.413" /><testcase classname="tests.test_parkhub_transport.TestParkHubSolutionPackageAPI" name="test_solution_package_api_requires_auth" time="0.105" /><testcase classname="tests.test_parkhub_transport.TestParkHubSolutionPackageAPI" name="test_solution_package_api_returns_details" time="1.424" /><testcase classname="tests.test_parkhub_transport.TestParkHubSolutionPackageAPI" name="test_solution_package_api_returns_activation_checklist" time="1.418" /><testcase classname="tests.test_parkhub_transport.TestParkHubDemoDataAPI" name="test_demo_data_api_requires_auth" time="0.073" /><testcase classname="tests.test_parkhub_transport.TestParkHubDemoDataAPI" name="test_demo_data_api_returns_summary" time="1.422" /><testcase classname="tests.test_parkhub_transport.TestParkHubDemoDataAPI" name="test_demo_data_api_returns_credentials" time="1.414" /><testcase classname="tests.test_parkhub_transport.TestParkHubActivationAPI" name="test_activation_api_requires_auth" time="0.092" /><testcase classname="tests.test_parkhub_transport.TestParkHubActivationAPI" name="test_activation_api_requires_tenant_id" time="1.555" /><testcase classname="tests.test_parkhub_transport.TestParkHubActivationAPI" name="test_activation_api_requires_park_name" time="1.417" /><testcase classname="tests.test_parkhub_transport.TestParkHubActivationAPI" name="test_activation_api_success" time="1.417" /><testcase classname="tests.test_parkhub_transport.TestParkHubActivationAPI" name="test_check_activation_api" time="1.416" /><testcase classname="tests.test_parkhub_transport.TestParkHubInvalidActions" name="test_invalid_get_action" time="1.415" /><testcase classname="tests.test_parkhub_transport.TestParkHubInvalidActions" name="test_invalid_post_action" time="1.415" /><testcase classname="tests.test_parkhub_transport.TestCapabilityRegistryParkHub" name="test_parkhub_in_registry_file" time="0.000" /><testcase classname="tests.test_parkhub_transport.TestNoNewSchemas" name="test_no_parkhub_tables_in_schema" time="0.002" /><testcase classname="tests.test_parkhub_transport.TestNoNewSchemas" name="test_uses_existing_mvm_structures" time="0.000" /><testcase classname="tests.test_parkhub_transport.TestTripStatusWorkflow" name="test_trip_status_workflow_in_config" time="0.000" /><testcase classname="tests.test_parkhub_transport.TestDocumentation" name="test_parkhub_guide_exists" time="0.000" /></testsuite></testsuites>