<?xml version="1.0" encoding="utf-8"?><testsuites name="pytest tests"><testsuite name="pytest" errors="0" failures="2" skipped="13" tests="23" time="1.761" timestamp="2026-01-05T17:03:44.404626+00:00" hostname="agent-env-463530c6-c1b4-443b-b777-10f5456b1d5f"><testcase classname="tests.test_parkhub_transport.TestParkHubAuthentication" name="test_login_with_valid_credentials" time="0.680"><failure message="AssertionError: Login failed: {&quot;success&quot;:false,&quot;error&quot;:&quot;Internal server error&quot;,&quot;errorCode&quot;:&quot;INTERNAL_ERROR&quot;}&#10;assert 520 == 200&#10; +  where 520 = &lt;Response [520]&gt;.status_code">tests/test_parkhub_transport.py:53: in test_login_with_valid_credentials
    assert response.status_code == 200, f"Login failed: {response.text}"
E   AssertionError: Login failed: {"success":false,"error":"Internal server error","errorCode":"INTERNAL_ERROR"}
E   assert 520 == 200
E    +  where 520 = &lt;Response [520]&gt;.status_code</failure></testcase><testcase classname="tests.test_parkhub_transport.TestParkHubConfigAPI" name="test_config_api_requires_auth" time="0.174" /><testcase classname="tests.test_parkhub_transport.TestParkHubConfigAPI" name="test_config_api_returns_labels" time="0.086"><skipped type="pytest.skip" message="Authentication failed">/app/tests/test_parkhub_transport.py:84: Authentication failed</skipped></testcase><testcase classname="tests.test_parkhub_transport.TestParkHubConfigAPI" name="test_config_api_returns_mvm_config" time="0.000"><skipped type="pytest.skip" message="Authentication failed">/app/tests/test_parkhub_transport.py:111: Authentication failed</skipped></testcase><testcase classname="tests.test_parkhub_transport.TestParkHubConfigAPI" name="test_config_api_returns_capability_bundle" time="0.000"><skipped type="pytest.skip" message="Authentication failed">/app/tests/test_parkhub_transport.py:135: Authentication failed</skipped></testcase><testcase classname="tests.test_parkhub_transport.TestParkHubSolutionPackageAPI" name="test_solution_package_api_requires_auth" time="0.114" /><testcase classname="tests.test_parkhub_transport.TestParkHubSolutionPackageAPI" name="test_solution_package_api_returns_details" time="0.082"><skipped type="pytest.skip" message="Authentication failed">/app/tests/test_parkhub_transport.py:183: Authentication failed</skipped></testcase><testcase classname="tests.test_parkhub_transport.TestParkHubSolutionPackageAPI" name="test_solution_package_api_returns_activation_checklist" time="0.000"><skipped type="pytest.skip" message="Authentication failed">/app/tests/test_parkhub_transport.py:201: Authentication failed</skipped></testcase><testcase classname="tests.test_parkhub_transport.TestParkHubDemoDataAPI" name="test_demo_data_api_requires_auth" time="0.075" /><testcase classname="tests.test_parkhub_transport.TestParkHubDemoDataAPI" name="test_demo_data_api_returns_summary" time="0.121"><skipped type="pytest.skip" message="Authentication failed">/app/tests/test_parkhub_transport.py:243: Authentication failed</skipped></testcase><testcase classname="tests.test_parkhub_transport.TestParkHubDemoDataAPI" name="test_demo_data_api_returns_credentials" time="0.000"><skipped type="pytest.skip" message="Authentication failed">/app/tests/test_parkhub_transport.py:270: Authentication failed</skipped></testcase><testcase classname="tests.test_parkhub_transport.TestParkHubActivationAPI" name="test_activation_api_requires_auth" time="0.077" /><testcase classname="tests.test_parkhub_transport.TestParkHubActivationAPI" name="test_activation_api_requires_tenant_id" time="0.080"><skipped type="pytest.skip" message="Authentication failed">/app/tests/test_parkhub_transport.py:314: Authentication failed</skipped></testcase><testcase classname="tests.test_parkhub_transport.TestParkHubActivationAPI" name="test_activation_api_requires_park_name" time="0.000"><skipped type="pytest.skip" message="Authentication failed">/app/tests/test_parkhub_transport.py:327: Authentication failed</skipped></testcase><testcase classname="tests.test_parkhub_transport.TestParkHubActivationAPI" name="test_activation_api_success" time="0.000"><skipped type="pytest.skip" message="Authentication failed">/app/tests/test_parkhub_transport.py:339: Authentication failed</skipped></testcase><testcase classname="tests.test_parkhub_transport.TestParkHubActivationAPI" name="test_check_activation_api" time="0.000"><skipped type="pytest.skip" message="Authentication failed">/app/tests/test_parkhub_transport.py:368: Authentication failed</skipped></testcase><testcase classname="tests.test_parkhub_transport.TestParkHubInvalidActions" name="test_invalid_get_action" time="0.081"><skipped type="pytest.skip" message="Authentication failed">/app/tests/test_parkhub_transport.py:406: Authentication failed</skipped></testcase><testcase classname="tests.test_parkhub_transport.TestParkHubInvalidActions" name="test_invalid_post_action" time="0.000"><skipped type="pytest.skip" message="Authentication failed">/app/tests/test_parkhub_transport.py:417: Authentication failed</skipped></testcase><testcase classname="tests.test_parkhub_transport.TestCapabilityRegistryParkHub" name="test_parkhub_in_registry_file" time="0.000" /><testcase classname="tests.test_parkhub_transport.TestNoNewSchemas" name="test_no_parkhub_tables_in_schema" time="0.012"><failure message="AssertionError: Found forbidden pattern 'model bus' in schema.prisma&#10;assert 'model bus' not in 'generator c...rid])\n}\n\n'&#10;  &#10;  'model bus' is contained here:&#10;    generator client {&#10;      provider = &quot;prisma-client-js&quot;&#10;    }&#10;    &#10;    datasource db {...&#10;  &#10;  ...Full output truncated (6799 lines hidden), use '-vv' to show">tests/test_parkhub_transport.py:477: in test_no_parkhub_tables_in_schema
    assert pattern not in content, f"Found forbidden pattern '{pattern}' in schema.prisma"
E   AssertionError: Found forbidden pattern 'model bus' in schema.prisma
E   assert 'model bus' not in 'generator c...rid])\n}\n\n'
E     
E     'model bus' is contained here:
E       generator client {
E         provider = "prisma-client-js"
E       }
E       
E       datasource db {...
E     
E     ...Full output truncated (6799 lines hidden), use '-vv' to show</failure></testcase><testcase classname="tests.test_parkhub_transport.TestNoNewSchemas" name="test_uses_existing_mvm_structures" time="0.000" /><testcase classname="tests.test_parkhub_transport.TestTripStatusWorkflow" name="test_trip_status_workflow_in_config" time="0.000" /><testcase classname="tests.test_parkhub_transport.TestDocumentation" name="test_parkhub_guide_exists" time="0.000" /></testsuite></testsuites>