<?xml version="1.0" encoding="utf-8"?><testsuites name="pytest tests"><testsuite name="pytest" errors="0" failures="13" skipped="0" tests="23" time="6.300" timestamp="2026-01-05T17:06:01.019551+00:00" hostname="agent-env-463530c6-c1b4-443b-b777-10f5456b1d5f"><testcase classname="tests.test_parkhub_transport.TestParkHubAuthentication" name="test_login_with_valid_credentials" time="2.401" /><testcase classname="tests.test_parkhub_transport.TestParkHubConfigAPI" name="test_config_api_requires_auth" time="0.085" /><testcase classname="tests.test_parkhub_transport.TestParkHubConfigAPI" name="test_config_api_returns_labels" time="2.374"><failure message="AssertionError: Config API failed: {&quot;success&quot;:false,&quot;error&quot;:&quot;Unauthorized&quot;}&#10;assert 401 == 200&#10; +  where 401 = &lt;Response [401]&gt;.status_code">tests/test_parkhub_transport.py:84: in test_config_api_returns_labels
    assert response.status_code == 200, f"Config API failed: {response.text}"
E   AssertionError: Config API failed: {"success":false,"error":"Unauthorized"}
E   assert 401 == 200
E    +  where 401 = &lt;Response [401]&gt;.status_code</failure></testcase><testcase classname="tests.test_parkhub_transport.TestParkHubConfigAPI" name="test_config_api_returns_mvm_config" time="0.079"><failure message="assert 401 == 200&#10; +  where 401 = &lt;Response [401]&gt;.status_code">tests/test_parkhub_transport.py:112: in test_config_api_returns_mvm_config
    assert response.status_code == 200
E   assert 401 == 200
E    +  where 401 = &lt;Response [401]&gt;.status_code</failure></testcase><testcase classname="tests.test_parkhub_transport.TestParkHubConfigAPI" name="test_config_api_returns_capability_bundle" time="0.082"><failure message="assert 401 == 200&#10; +  where 401 = &lt;Response [401]&gt;.status_code">tests/test_parkhub_transport.py:137: in test_config_api_returns_capability_bundle
    assert response.status_code == 200
E   assert 401 == 200
E    +  where 401 = &lt;Response [401]&gt;.status_code</failure></testcase><testcase classname="tests.test_parkhub_transport.TestParkHubSolutionPackageAPI" name="test_solution_package_api_requires_auth" time="0.095" /><testcase classname="tests.test_parkhub_transport.TestParkHubSolutionPackageAPI" name="test_solution_package_api_returns_details" time="0.110"><failure message="AssertionError: Solution-package API failed: {&quot;success&quot;:false,&quot;error&quot;:&quot;Unauthorized&quot;}&#10;assert 401 == 200&#10; +  where 401 = &lt;Response [401]&gt;.status_code">tests/test_parkhub_transport.py:170: in test_solution_package_api_returns_details
    assert response.status_code == 200, f"Solution-package API failed: {response.text}"
E   AssertionError: Solution-package API failed: {"success":false,"error":"Unauthorized"}
E   assert 401 == 200
E    +  where 401 = &lt;Response [401]&gt;.status_code</failure></testcase><testcase classname="tests.test_parkhub_transport.TestParkHubSolutionPackageAPI" name="test_solution_package_api_returns_activation_checklist" time="0.079"><failure message="assert 401 == 200&#10; +  where 401 = &lt;Response [401]&gt;.status_code">tests/test_parkhub_transport.py:189: in test_solution_package_api_returns_activation_checklist
    assert response.status_code == 200
E   assert 401 == 200
E    +  where 401 = &lt;Response [401]&gt;.status_code</failure></testcase><testcase classname="tests.test_parkhub_transport.TestParkHubDemoDataAPI" name="test_demo_data_api_requires_auth" time="0.071" /><testcase classname="tests.test_parkhub_transport.TestParkHubDemoDataAPI" name="test_demo_data_api_returns_summary" time="0.075"><failure message="AssertionError: Demo-data API failed: {&quot;success&quot;:false,&quot;error&quot;:&quot;Unauthorized&quot;}&#10;assert 401 == 200&#10; +  where 401 = &lt;Response [401]&gt;.status_code">tests/test_parkhub_transport.py:216: in test_demo_data_api_returns_summary
    assert response.status_code == 200, f"Demo-data API failed: {response.text}"
E   AssertionError: Demo-data API failed: {"success":false,"error":"Unauthorized"}
E   assert 401 == 200
E    +  where 401 = &lt;Response [401]&gt;.status_code</failure></testcase><testcase classname="tests.test_parkhub_transport.TestParkHubDemoDataAPI" name="test_demo_data_api_returns_credentials" time="0.077"><failure message="assert 401 == 200&#10; +  where 401 = &lt;Response [401]&gt;.status_code">tests/test_parkhub_transport.py:244: in test_demo_data_api_returns_credentials
    assert response.status_code == 200
E   assert 401 == 200
E    +  where 401 = &lt;Response [401]&gt;.status_code</failure></testcase><testcase classname="tests.test_parkhub_transport.TestParkHubActivationAPI" name="test_activation_api_requires_auth" time="0.122" /><testcase classname="tests.test_parkhub_transport.TestParkHubActivationAPI" name="test_activation_api_requires_tenant_id" time="0.075"><failure message="assert 401 == 400&#10; +  where 401 = &lt;Response [401]&gt;.status_code">tests/test_parkhub_transport.py:274: in test_activation_api_requires_tenant_id
    assert response.status_code == 400
E   assert 401 == 400
E    +  where 401 = &lt;Response [401]&gt;.status_code</failure></testcase><testcase classname="tests.test_parkhub_transport.TestParkHubActivationAPI" name="test_activation_api_requires_park_name" time="0.075"><failure message="assert 401 == 400&#10; +  where 401 = &lt;Response [401]&gt;.status_code">tests/test_parkhub_transport.py:288: in test_activation_api_requires_park_name
    assert response.status_code == 400
E   assert 401 == 400
E    +  where 401 = &lt;Response [401]&gt;.status_code</failure></testcase><testcase classname="tests.test_parkhub_transport.TestParkHubActivationAPI" name="test_activation_api_success" time="0.078"><failure message="AssertionError: Activation failed: {&quot;success&quot;:false,&quot;error&quot;:&quot;Unauthorized&quot;}&#10;assert 401 == 200&#10; +  where 401 = &lt;Response [401]&gt;.status_code">tests/test_parkhub_transport.py:309: in test_activation_api_success
    assert response.status_code == 200, f"Activation failed: {response.text}"
E   AssertionError: Activation failed: {"success":false,"error":"Unauthorized"}
E   assert 401 == 200
E    +  where 401 = &lt;Response [401]&gt;.status_code</failure></testcase><testcase classname="tests.test_parkhub_transport.TestParkHubActivationAPI" name="test_check_activation_api" time="0.077"><failure message="AssertionError: Check-activation failed: {&quot;success&quot;:false,&quot;error&quot;:&quot;Unauthorized&quot;}&#10;assert 401 == 200&#10; +  where 401 = &lt;Response [401]&gt;.status_code">tests/test_parkhub_transport.py:335: in test_check_activation_api
    assert response.status_code == 200, f"Check-activation failed: {response.text}"
E   AssertionError: Check-activation failed: {"success":false,"error":"Unauthorized"}
E   assert 401 == 200
E    +  where 401 = &lt;Response [401]&gt;.status_code</failure></testcase><testcase classname="tests.test_parkhub_transport.TestParkHubInvalidActions" name="test_invalid_get_action" time="0.074"><failure message="assert 401 == 400&#10; +  where 401 = &lt;Response [401]&gt;.status_code">tests/test_parkhub_transport.py:353: in test_invalid_get_action
    assert response.status_code == 400
E   assert 401 == 400
E    +  where 401 = &lt;Response [401]&gt;.status_code</failure></testcase><testcase classname="tests.test_parkhub_transport.TestParkHubInvalidActions" name="test_invalid_post_action" time="0.081"><failure message="assert 401 == 400&#10; +  where 401 = &lt;Response [401]&gt;.status_code">tests/test_parkhub_transport.py:366: in test_invalid_post_action
    assert response.status_code == 400
E   assert 401 == 400
E    +  where 401 = &lt;Response [401]&gt;.status_code</failure></testcase><testcase classname="tests.test_parkhub_transport.TestCapabilityRegistryParkHub" name="test_parkhub_in_registry_file" time="0.000" /><testcase classname="tests.test_parkhub_transport.TestNoNewSchemas" name="test_no_parkhub_tables_in_schema" time="0.002" /><testcase classname="tests.test_parkhub_transport.TestNoNewSchemas" name="test_uses_existing_mvm_structures" time="0.000" /><testcase classname="tests.test_parkhub_transport.TestTripStatusWorkflow" name="test_trip_status_workflow_in_config" time="0.000" /><testcase classname="tests.test_parkhub_transport.TestDocumentation" name="test_parkhub_guide_exists" time="0.000" /></testsuite></testsuites>