<?xml version="1.0" encoding="utf-8"?><testsuites name="pytest tests"><testsuite name="pytest" errors="0" failures="0" skipped="0" tests="36" time="38.065" timestamp="2026-01-03T08:07:00.913876+00:00" hostname="agent-env-50b38661-0c82-4218-97db-a657d4d3f794"><testcase classname="tests.test_partner_billing_modules.TestModule11PartnerAPI" name="test_partner_status" time="1.288" /><testcase classname="tests.test_partner_billing_modules.TestModule11PartnerAPI" name="test_partner_validate" time="0.574" /><testcase classname="tests.test_partner_billing_modules.TestModule11PartnerAPI" name="test_partner_config" time="0.571" /><testcase classname="tests.test_partner_billing_modules.TestModule11PartnerAPI" name="test_partner_list_partners" time="0.684" /><testcase classname="tests.test_partner_billing_modules.TestModule11PartnerAPI" name="test_partner_manifest" time="0.081" /><testcase classname="tests.test_partner_billing_modules.TestModule11PartnerAPI" name="test_partner_commission_rules" time="0.669" /><testcase classname="tests.test_partner_billing_modules.TestModule11PartnerAPI" name="test_create_partner" time="5.304" /><testcase classname="tests.test_partner_billing_modules.TestModule11PartnerAPI" name="test_create_referral_link_for_active_partner" time="2.790" /><testcase classname="tests.test_partner_billing_modules.TestModule11PartnerAPI" name="test_create_commission_rule" time="1.065" /><testcase classname="tests.test_partner_billing_modules.TestModule11PartnerAPI" name="test_list_referral_links_requires_partner_id" time="0.092" /><testcase classname="tests.test_partner_billing_modules.TestModule12BillingAPI" name="test_billing_status" time="1.261" /><testcase classname="tests.test_partner_billing_modules.TestModule12BillingAPI" name="test_billing_validate" time="0.073" /><testcase classname="tests.test_partner_billing_modules.TestModule12BillingAPI" name="test_billing_manifest" time="0.070" /><testcase classname="tests.test_partner_billing_modules.TestModule12BillingAPI" name="test_billing_list_bundles" time="1.367" /><testcase classname="tests.test_partner_billing_modules.TestModule12BillingAPI" name="test_billing_list_addons" time="0.671" /><testcase classname="tests.test_partner_billing_modules.TestModule12BillingAPI" name="test_billing_list_discount_rules" time="0.664" /><testcase classname="tests.test_partner_billing_modules.TestModule12BillingAPI" name="test_billing_list_grace_policies" time="0.668" /><testcase classname="tests.test_partner_billing_modules.TestModule12BillingAPI" name="test_billing_list_usage_metrics" time="0.675" /><testcase classname="tests.test_partner_billing_modules.TestModule12BillingAPI" name="test_create_bundle" time="3.524" /><testcase classname="tests.test_partner_billing_modules.TestModule12BillingAPI" name="test_create_addon" time="1.604" /><testcase classname="tests.test_partner_billing_modules.TestModule12BillingAPI" name="test_create_discount_rule" time="1.573" /><testcase classname="tests.test_partner_billing_modules.TestModule12BillingAPI" name="test_calculate_discount" time="1.188" /><testcase classname="tests.test_partner_billing_modules.TestModule12BillingAPI" name="test_create_grace_policy" time="1.063" /><testcase classname="tests.test_partner_billing_modules.TestModule12BillingAPI" name="test_create_usage_metric" time="1.068" /><testcase classname="tests.test_partner_billing_modules.TestModule11PartnerEdgeCases" name="test_get_nonexistent_partner" time="0.664" /><testcase classname="tests.test_partner_billing_modules.TestModule11PartnerEdgeCases" name="test_create_partner_duplicate_email" time="1.858" /><testcase classname="tests.test_partner_billing_modules.TestModule11PartnerEdgeCases" name="test_unknown_action" time="0.074" /><testcase classname="tests.test_partner_billing_modules.TestModule12BillingEdgeCases" name="test_get_nonexistent_bundle" time="0.660" /><testcase classname="tests.test_partner_billing_modules.TestModule12BillingEdgeCases" name="test_create_bundle_duplicate_slug" time="1.329" /><testcase classname="tests.test_partner_billing_modules.TestModule12BillingEdgeCases" name="test_calculate_discount_invalid_code" time="0.566" /><testcase classname="tests.test_partner_billing_modules.TestModule12BillingEdgeCases" name="test_calculate_discount_missing_params" time="0.068" /><testcase classname="tests.test_partner_billing_modules.TestModule12BillingEdgeCases" name="test_unknown_action" time="0.076" /><testcase classname="tests.test_partner_billing_modules.TestNigeriaFirstFeatures" name="test_partner_ngn_currency" time="0.573" /><testcase classname="tests.test_partner_billing_modules.TestNigeriaFirstFeatures" name="test_billing_ngn_currency" time="2.261" /><testcase classname="tests.test_partner_billing_modules.TestNigeriaFirstFeatures" name="test_partner_manual_verification" time="0.568" /><testcase classname="tests.test_partner_billing_modules.TestNigeriaFirstFeatures" name="test_grace_policy_nigeria_first" time="0.669" /></testsuite></testsuites>