<?xml version="1.0" encoding="utf-8"?><testsuites name="pytest tests"><testsuite name="pytest" errors="0" failures="0" skipped="0" tests="30" time="23.970" timestamp="2026-01-06T22:09:52.098790+00:00" hostname="agent-env-c2b25e0b-c378-4c15-8a15-ec7e3f209790"><testcase classname="tests.test_payments_s6_verification.TestPaymentsCapabilityGuards" name="test_get_payments_config_requires_auth" time="0.165" /><testcase classname="tests.test_payments_s6_verification.TestPaymentsCapabilityGuards" name="test_post_payments_config_requires_auth" time="0.087" /><testcase classname="tests.test_payments_s6_verification.TestPaymentsCapabilityGuards" name="test_get_payment_methods_requires_auth" time="0.088" /><testcase classname="tests.test_payments_s6_verification.TestPaymentsCapabilityGuards" name="test_get_payment_methods_with_amount_requires_auth" time="0.086" /><testcase classname="tests.test_payments_s6_verification.TestPaymentsCapabilityGuards" name="test_post_payment_methods_check_requires_auth" time="0.088" /><testcase classname="tests.test_payments_s6_verification.TestPaymentsCapabilityGuards" name="test_get_nigerian_banks_requires_auth" time="0.081" /><testcase classname="tests.test_payments_s6_verification.TestPaymentsCapabilityGuards" name="test_validate_reference_requires_auth" time="0.094" /><testcase classname="tests.test_payments_s6_verification.TestPaymentsCapabilityGuards" name="test_post_initiate_transfer_requires_auth" time="0.083" /><testcase classname="tests.test_payments_s6_verification.TestPaymentsCapabilityGuards" name="test_put_validate_transfer_requires_auth" time="0.095" /><testcase classname="tests.test_payments_s6_verification.TestPaymentsCapabilityGuards" name="test_get_pending_proofs_requires_auth" time="0.156" /><testcase classname="tests.test_payments_s6_verification.TestPaymentsCapabilityGuards" name="test_get_proof_by_payment_requires_auth" time="0.087" /><testcase classname="tests.test_payments_s6_verification.TestPaymentsCapabilityGuards" name="test_post_upload_proof_requires_auth" time="0.083" /><testcase classname="tests.test_payments_s6_verification.TestPaymentsCapabilityGuards" name="test_put_verify_proof_requires_auth" time="0.084" /><testcase classname="tests.test_payments_s6_verification.TestPaymentsCapabilityGuards" name="test_get_partial_status_requires_auth" time="0.130" /><testcase classname="tests.test_payments_s6_verification.TestPaymentsCapabilityGuards" name="test_get_partial_chains_requires_auth" time="0.084" /><testcase classname="tests.test_payments_s6_verification.TestPaymentsCapabilityGuards" name="test_get_partial_by_order_requires_auth" time="0.083" /><testcase classname="tests.test_payments_s6_verification.TestPaymentsCapabilityGuards" name="test_post_record_partial_requires_auth" time="0.082" /><testcase classname="tests.test_payments_s6_verification.TestPaymentsCapabilityGuards" name="test_get_status_display_requires_auth" time="0.085" /><testcase classname="tests.test_payments_s6_verification.TestPaymentsCapabilityGuards" name="test_get_payment_by_transaction_requires_auth" time="0.090" /><testcase classname="tests.test_payments_s6_verification.TestPaymentsCapabilityGuards" name="test_get_order_payment_status_requires_auth" time="0.086" /><testcase classname="tests.test_payments_s6_verification.TestPaymentsDemoPage" name="test_demo_page_loads" time="2.684" /><testcase classname="tests.test_payments_s6_verification.TestPaymentsDemoPage" name="test_demo_page_contains_payment_methods" time="2.628" /><testcase classname="tests.test_payments_s6_verification.TestPaymentsDemoPage" name="test_demo_page_contains_nigerian_banks" time="2.599" /><testcase classname="tests.test_payments_s6_verification.TestPaymentsDemoPage" name="test_demo_page_contains_ngn_currency" time="2.592" /><testcase classname="tests.test_payments_s6_verification.TestAPIResponseFormat" name="test_payments_api_returns_json" time="0.583" /><testcase classname="tests.test_payments_s6_verification.TestAPIResponseFormat" name="test_401_response_has_error_field" time="0.082" /><testcase classname="tests.test_payments_s6_verification.TestPaymentMethodsCount" name="test_demo_shows_7_payment_methods" time="2.585" /><testcase classname="tests.test_payments_s6_verification.TestPODRestrictions" name="test_demo_shows_pod_excluded_states" time="2.692" /><testcase classname="tests.test_payments_s6_verification.TestPODRestrictions" name="test_demo_shows_pod_max_amount" time="2.617" /><testcase classname="tests.test_payments_s6_verification.TestPODRestrictions" name="test_demo_shows_pod_fee" time="2.899" /></testsuite></testsuites>