<?xml version="1.0" encoding="utf-8"?><testsuites name="pytest tests"><testsuite name="pytest" errors="0" failures="0" skipped="0" tests="21" time="11.612" timestamp="2026-01-04T13:39:28.748227+00:00" hostname="agent-env-4573ea0f-6548-4e8b-9414-dd52e0308d05"><testcase classname="tests.test_phase4b_partner_saas.TestPartnerDashboardAPI" name="test_dashboard_unauthenticated_returns_401" time="0.482" /><testcase classname="tests.test_phase4b_partner_saas.TestPartnerDashboardAPI" name="test_dashboard_endpoint_exists" time="0.101" /><testcase classname="tests.test_phase4b_partner_saas.TestPartnerPackagesAPI" name="test_packages_list_unauthenticated_returns_401" time="0.268" /><testcase classname="tests.test_phase4b_partner_saas.TestPartnerPackagesAPI" name="test_packages_create_unauthenticated_returns_401" time="0.083" /><testcase classname="tests.test_phase4b_partner_saas.TestPartnerPackagesAPI" name="test_packages_endpoint_exists" time="0.074" /><testcase classname="tests.test_phase4b_partner_saas.TestPartnerStaffAPI" name="test_staff_list_unauthenticated_returns_401" time="0.165" /><testcase classname="tests.test_phase4b_partner_saas.TestPartnerStaffAPI" name="test_staff_add_unauthenticated_returns_401" time="0.080" /><testcase classname="tests.test_phase4b_partner_saas.TestPartnerStaffAPI" name="test_staff_endpoint_exists" time="0.092" /><testcase classname="tests.test_phase4b_partner_saas.TestPartnerSignalsAPI" name="test_signals_unauthenticated_returns_401" time="0.169" /><testcase classname="tests.test_phase4b_partner_saas.TestPartnerSignalsAPI" name="test_signals_endpoint_exists" time="0.077" /><testcase classname="tests.test_phase4b_partner_saas.TestClientSubscriptionAPI" name="test_subscription_get_unauthenticated_returns_401" time="0.495" /><testcase classname="tests.test_phase4b_partner_saas.TestClientSubscriptionAPI" name="test_subscription_start_unauthenticated_returns_401" time="0.177" /><testcase classname="tests.test_phase4b_partner_saas.TestClientSubscriptionAPI" name="test_subscription_pause_unauthenticated_returns_401" time="0.086" /><testcase classname="tests.test_phase4b_partner_saas.TestClientSubscriptionAPI" name="test_subscription_resume_unauthenticated_returns_401" time="0.103" /><testcase classname="tests.test_phase4b_partner_saas.TestClientSubscriptionAPI" name="test_subscription_cancel_unauthenticated_returns_401" time="0.093" /><testcase classname="tests.test_phase4b_partner_saas.TestClientSubscriptionAPI" name="test_subscription_endpoint_exists" time="0.093" /><testcase classname="tests.test_phase4b_partner_saas.TestAPIErrorHandling" name="test_packages_invalid_json_returns_error" time="0.122" /><testcase classname="tests.test_phase4b_partner_saas.TestAPIErrorHandling" name="test_staff_invalid_json_returns_error" time="0.076" /><testcase classname="tests.test_phase4b_partner_saas.TestUIPageRoutes" name="test_saas_dashboard_page_loads" time="2.998" /><testcase classname="tests.test_phase4b_partner_saas.TestUIPageRoutes" name="test_packages_page_loads" time="2.863" /><testcase classname="tests.test_phase4b_partner_saas.TestUIPageRoutes" name="test_staff_page_loads" time="2.787" /></testsuite></testsuites>