<?xml version="1.0" encoding="utf-8"?><testsuites name="pytest tests"><testsuite name="pytest" errors="0" failures="0" skipped="0" tests="36" time="58.557" timestamp="2026-01-04T15:12:11.575460+00:00" hostname="agent-env-75e3f882-0a97-460a-a6bd-25b22f278a07"><testcase classname="tests.test_phase_verification_comprehensive.TestPartnerFirstPolicy" name="test_public_signup_blocked_message" time="2.963" /><testcase classname="tests.test_phase_verification_comprehensive.TestPartnerFirstPolicy" name="test_partner_clients_api_requires_auth" time="0.291" /><testcase classname="tests.test_phase_verification_comprehensive.TestPartnerFirstPolicy" name="test_admin_tenant_creation_requires_auth" time="0.284" /><testcase classname="tests.test_phase_verification_comprehensive.TestPartnerDashboard" name="test_partner_dashboard_page_loads" time="2.612" /><testcase classname="tests.test_phase_verification_comprehensive.TestPartnerDashboard" name="test_partner_saas_dashboard_page_loads" time="2.601" /><testcase classname="tests.test_phase_verification_comprehensive.TestPartnerDashboard" name="test_partner_clients_page_loads" time="2.592" /><testcase classname="tests.test_phase_verification_comprehensive.TestPartnerDashboard" name="test_partner_packages_page_loads" time="2.607" /><testcase classname="tests.test_phase_verification_comprehensive.TestPartnerDashboard" name="test_partner_staff_page_loads" time="2.698" /><testcase classname="tests.test_phase_verification_comprehensive.TestPartnerAPIAuthentication" name="test_partner_me_requires_auth" time="0.287" /><testcase classname="tests.test_phase_verification_comprehensive.TestPartnerAPIAuthentication" name="test_partner_dashboard_api_requires_auth" time="0.268" /><testcase classname="tests.test_phase_verification_comprehensive.TestPartnerAPIAuthentication" name="test_partner_clients_api_requires_auth" time="0.119" /><testcase classname="tests.test_phase_verification_comprehensive.TestPartnerAPIAuthentication" name="test_partner_packages_api_requires_auth" time="0.269" /><testcase classname="tests.test_phase_verification_comprehensive.TestPartnerAPIAuthentication" name="test_partner_staff_api_requires_auth" time="0.274" /><testcase classname="tests.test_phase_verification_comprehensive.TestPartnerAPIAuthentication" name="test_partner_signals_api_requires_auth" time="0.277" /><testcase classname="tests.test_phase_verification_comprehensive.TestPartnerAPIAuthentication" name="test_partner_earnings_api_requires_auth" time="0.278" /><testcase classname="tests.test_phase_verification_comprehensive.TestClientPortal" name="test_client_portal_page_loads" time="2.805" /><testcase classname="tests.test_phase_verification_comprehensive.TestClientPortal" name="test_client_portal_api_requires_auth" time="0.315" /><testcase classname="tests.test_phase_verification_comprehensive.TestPlatformInstances" name="test_platform_instances_api_exists" time="0.317" /><testcase classname="tests.test_phase_verification_comprehensive.TestPlatformInstances" name="test_tenant_instances_api_requires_auth" time="1.048" /><testcase classname="tests.test_phase_verification_comprehensive.TestCommercialIsolation" name="test_instance_subscription_api_requires_auth" time="0.348" /><testcase classname="tests.test_phase_verification_comprehensive.TestCommercialIsolation" name="test_subscription_actions_require_auth" time="0.412" /><testcase classname="tests.test_phase_verification_comprehensive.TestNavigation" name="test_homepage_loads" time="2.681" /><testcase classname="tests.test_phase_verification_comprehensive.TestNavigation" name="test_login_page_loads" time="1.667" /><testcase classname="tests.test_phase_verification_comprehensive.TestNavigation" name="test_partners_page_loads" time="2.928" /><testcase classname="tests.test_phase_verification_comprehensive.TestNavigation" name="test_partners_get_started_page_loads" time="3.043" /><testcase classname="tests.test_phase_verification_comprehensive.TestNavigation" name="test_capabilities_page_loads" time="2.928" /><testcase classname="tests.test_phase_verification_comprehensive.TestNavigation" name="test_suites_page_loads" time="2.927" /><testcase classname="tests.test_phase_verification_comprehensive.TestNavigation" name="test_about_page_loads" time="2.925" /><testcase classname="tests.test_phase_verification_comprehensive.TestNavigation" name="test_contact_page_loads" time="2.922" /><testcase classname="tests.test_phase_verification_comprehensive.TestNavigation" name="test_impact_page_loads" time="3.061" /><testcase classname="tests.test_phase_verification_comprehensive.TestPartnerModuleStatus" name="test_partner_status_api" time="2.842" /><testcase classname="tests.test_phase_verification_comprehensive.TestPartnerModuleStatus" name="test_partner_manifest_api" time="0.141" /><testcase classname="tests.test_phase_verification_comprehensive.TestPartnerModuleStatus" name="test_partner_config_api" time="0.621" /><testcase classname="tests.test_phase_verification_comprehensive.TestWebWakaInternalPartner" name="test_webwaka_partner_migration_api" time="1.940" /><testcase classname="tests.test_phase_verification_comprehensive.TestWebWakaInternalPartner" name="test_webwaka_partner_migration_idempotent" time="3.235" /><testcase classname="tests.test_phase_verification_comprehensive.TestHealthChecks" name="test_health_endpoint" time="0.930" /></testsuite></testsuites>