<?xml version="1.0" encoding="utf-8"?><testsuites name="pytest tests"><testsuite name="pytest" errors="0" failures="0" skipped="0" tests="44" time="5.234" timestamp="2026-01-06T01:39:24.862447+00:00" hostname="agent-env-130faac0-c74f-4973-bafd-af1d63bc31f7"><testcase classname="tests.test_phase6_business_presets.TestBusinessPresetsAPI" name="test_get_all_presets_returns_17_verticals" time="0.163" /><testcase classname="tests.test_phase6_business_presets.TestBusinessPresetsAPI" name="test_get_all_presets_returns_summary_counts" time="0.121" /><testcase classname="tests.test_phase6_business_presets.TestBusinessPresetsAPI" name="test_get_all_presets_returns_grouped_by_phase" time="0.117" /><testcase classname="tests.test_phase6_business_presets.TestPhase61CommercePresets" name="test_phase_61_returns_6_commerce_presets" time="0.112" /><testcase classname="tests.test_phase6_business_presets.TestPhase61CommercePresets" name="test_phase_61_contains_retail_store" time="0.109" /><testcase classname="tests.test_phase6_business_presets.TestPhase61CommercePresets" name="test_phase_61_contains_supermarket" time="0.130" /><testcase classname="tests.test_phase6_business_presets.TestPhase61CommercePresets" name="test_phase_61_contains_market_trade" time="0.108" /><testcase classname="tests.test_phase6_business_presets.TestPhase61CommercePresets" name="test_phase_61_contains_online_store" time="0.140" /><testcase classname="tests.test_phase6_business_presets.TestPhase61CommercePresets" name="test_phase_61_contains_restaurant" time="0.107" /><testcase classname="tests.test_phase6_business_presets.TestPhase61CommercePresets" name="test_phase_61_contains_event_ticketing" time="0.117" /><testcase classname="tests.test_phase6_business_presets.TestPhase62ServicesPresets" name="test_phase_62_returns_6_services_presets" time="0.108" /><testcase classname="tests.test_phase6_business_presets.TestPhase62ServicesPresets" name="test_phase_62_contains_beauty_salon" time="0.108" /><testcase classname="tests.test_phase6_business_presets.TestPhase62ServicesPresets" name="test_phase_62_contains_laundry" time="0.105" /><testcase classname="tests.test_phase6_business_presets.TestPhase62ServicesPresets" name="test_phase_62_contains_cleaning" time="0.105" /><testcase classname="tests.test_phase6_business_presets.TestPhase62ServicesPresets" name="test_phase_62_contains_repair" time="0.116" /><testcase classname="tests.test_phase6_business_presets.TestPhase62ServicesPresets" name="test_phase_62_contains_auto_workshop" time="0.107" /><testcase classname="tests.test_phase6_business_presets.TestPhase62ServicesPresets" name="test_phase_62_contains_courier" time="0.112" /><testcase classname="tests.test_phase6_business_presets.TestPhase63CommunityPresets" name="test_phase_63_returns_5_community_presets" time="0.116" /><testcase classname="tests.test_phase6_business_presets.TestPhase63CommunityPresets" name="test_phase_63_contains_ngo" time="0.108" /><testcase classname="tests.test_phase6_business_presets.TestPhase63CommunityPresets" name="test_phase_63_contains_alumni" time="0.114" /><testcase classname="tests.test_phase6_business_presets.TestPhase63CommunityPresets" name="test_phase_63_contains_sales_agent" time="0.108" /><testcase classname="tests.test_phase6_business_presets.TestPhase63CommunityPresets" name="test_phase_63_contains_gate_pass" time="0.108" /><testcase classname="tests.test_phase6_business_presets.TestPhase63CommunityPresets" name="test_phase_63_contains_parking" time="0.107" /><testcase classname="tests.test_phase6_business_presets.TestSinglePresetByType" name="test_get_restaurant_preset" time="0.108" /><testcase classname="tests.test_phase6_business_presets.TestSinglePresetByType" name="test_preset_has_ngn_pricing" time="0.107" /><testcase classname="tests.test_phase6_business_presets.TestSinglePresetByType" name="test_preset_has_nigeria_context" time="0.112" /><testcase classname="tests.test_phase6_business_presets.TestSinglePresetByType" name="test_invalid_type_returns_404" time="0.116" /><testcase classname="tests.test_phase6_business_presets.TestDemoDataAction" name="test_get_demo_data_for_restaurant" time="0.112" /><testcase classname="tests.test_phase6_business_presets.TestDemoDataAction" name="test_restaurant_demo_data_has_nigerian_menu" time="0.109" /><testcase classname="tests.test_phase6_business_presets.TestDemoDataAction" name="test_demo_data_has_nigerian_phone_format" time="0.106" /><testcase classname="tests.test_phase6_business_presets.TestDemoDataAction" name="test_get_demo_data_for_courier" time="0.108" /><testcase classname="tests.test_phase6_business_presets.TestDemoDataAction" name="test_get_demo_data_for_ngo" time="0.111" /><testcase classname="tests.test_phase6_business_presets.TestDemoDataAction" name="test_invalid_type_returns_400" time="0.147" /><testcase classname="tests.test_phase6_business_presets.TestSetupConfigAction" name="test_get_setup_config_for_retail" time="0.229" /><testcase classname="tests.test_phase6_business_presets.TestSetupConfigAction" name="test_setup_config_has_required_fields" time="0.119" /><testcase classname="tests.test_phase6_business_presets.TestSetupConfigAction" name="test_setup_config_has_ngn_pricing" time="0.111" /><testcase classname="tests.test_phase6_business_presets.TestSetupConfigAction" name="test_invalid_action_returns_400" time="0.109" /><testcase classname="tests.test_phase6_business_presets.TestNigerianContextValidation" name="test_all_presets_have_ngn_currency" time="0.108" /><testcase classname="tests.test_phase6_business_presets.TestNigerianContextValidation" name="test_all_presets_have_setup_fee" time="0.108" /><testcase classname="tests.test_phase6_business_presets.TestNigerianContextValidation" name="test_all_presets_have_monthly_base" time="0.108" /><testcase classname="tests.test_phase6_business_presets.TestNigerianContextValidation" name="test_all_presets_have_nigeria_context" time="0.109" /><testcase classname="tests.test_phase6_business_presets.TestPresetStructureValidation" name="test_all_presets_have_base_suites" time="0.106" /><testcase classname="tests.test_phase6_business_presets.TestPresetStructureValidation" name="test_all_presets_have_features" time="0.114" /><testcase classname="tests.test_phase6_business_presets.TestPresetStructureValidation" name="test_all_presets_have_kpis" time="0.123" /></testsuite></testsuites>