<?xml version="1.0" encoding="utf-8"?><testsuites name="pytest tests"><testsuite name="pytest" errors="0" failures="0" skipped="0" tests="12" time="16.669" timestamp="2026-01-04T13:00:35.064242+00:00" hostname="agent-env-ad562984-8b36-4351-bf72-e99189132c8b"><testcase classname="tests.test_phase4a_partner_first.TestWebWakaPartnerMigration" name="test_migration_endpoint_exists" time="1.737" /><testcase classname="tests.test_phase4a_partner_first.TestWebWakaPartnerMigration" name="test_webwaka_partner_id_returned" time="1.559" /><testcase classname="tests.test_phase4a_partner_first.TestWebWakaPartnerMigration" name="test_migration_idempotent" time="3.153" /><testcase classname="tests.test_phase4a_partner_first.TestPartnerMeAPI" name="test_unauthenticated_returns_401" time="0.108" /><testcase classname="tests.test_phase4a_partner_first.TestPartnerMeAPI" name="test_response_structure" time="0.088" /><testcase classname="tests.test_phase4a_partner_first.TestPartnerClientsAPI" name="test_get_clients_unauthenticated" time="0.089" /><testcase classname="tests.test_phase4a_partner_first.TestPartnerClientsAPI" name="test_post_clients_unauthenticated" time="0.085" /><testcase classname="tests.test_phase4a_partner_first.TestPartnerClientsAPI" name="test_post_clients_validation" time="0.109" /><testcase classname="tests.test_phase4a_partner_first.TestMarketingPages" name="test_partners_get_started_page" time="2.734" /><testcase classname="tests.test_phase4a_partner_first.TestMarketingPages" name="test_homepage_accessible" time="2.632" /><testcase classname="tests.test_phase4a_partner_first.TestMarketingPages" name="test_homepage_has_find_partner_cta" time="2.651" /><testcase classname="tests.test_phase4a_partner_first.TestPartnerFirstGuards" name="test_guards_module_exists" time="1.604" /></testsuite></testsuites>