<?xml version="1.0" encoding="utf-8"?><testsuites name="pytest tests"><testsuite name="pytest" errors="0" failures="0" skipped="0" tests="18" time="8.285" timestamp="2026-01-04T13:16:20.356545+00:00" hostname="agent-env-ad562984-8b36-4351-bf72-e99189132c8b"><testcase classname="tests.test_phase3_commercial_isolation.TestInstanceFinancialsAPI" name="test_get_financials_for_existing_instance" time="0.976" /><testcase classname="tests.test_phase3_commercial_isolation.TestInstanceFinancialsAPI" name="test_get_financials_for_non_existent_instance" time="0.601" /><testcase classname="tests.test_phase3_commercial_isolation.TestInstanceSubscriptionAPI" name="test_get_subscription_returns_404_when_none_exists" time="0.591" /><testcase classname="tests.test_phase3_commercial_isolation.TestInstanceSubscriptionAPI" name="test_create_subscription_requires_auth" time="0.092" /><testcase classname="tests.test_phase3_commercial_isolation.TestInstanceSubscriptionAPI" name="test_update_subscription_requires_auth" time="0.087" /><testcase classname="tests.test_phase3_commercial_isolation.TestSubscriptionSuspendAPI" name="test_suspend_requires_auth" time="0.101" /><testcase classname="tests.test_phase3_commercial_isolation.TestSubscriptionResumeAPI" name="test_resume_requires_auth" time="0.111" /><testcase classname="tests.test_phase3_commercial_isolation.TestPartnerEarningsAPI" name="test_earnings_requires_auth" time="0.166" /><testcase classname="tests.test_phase3_commercial_isolation.TestPartnerEarningsAPI" name="test_earnings_with_instance_filter_requires_auth" time="0.117" /><testcase classname="tests.test_phase3_commercial_isolation.TestAPIErrorHandling" name="test_financials_api_handles_invalid_uuid" time="0.613" /><testcase classname="tests.test_phase3_commercial_isolation.TestAPIErrorHandling" name="test_subscription_api_handles_invalid_uuid" time="0.581" /><testcase classname="tests.test_phase3_commercial_isolation.TestAPIErrorHandling" name="test_suspend_api_handles_no_subscription" time="0.092" /><testcase classname="tests.test_phase3_commercial_isolation.TestAPIErrorHandling" name="test_resume_api_handles_no_subscription" time="0.102" /><testcase classname="tests.test_phase3_commercial_isolation.TestFinancialsDataStructure" name="test_financials_numeric_fields_are_numbers" time="0.817" /><testcase classname="tests.test_phase3_commercial_isolation.TestFinancialsDataStructure" name="test_financials_string_fields_are_strings" time="0.795" /><testcase classname="tests.test_phase3_commercial_isolation.TestPhase3SchemaFields" name="test_financials_includes_partner_tracking" time="0.781" /><testcase classname="tests.test_phase3_commercial_isolation.TestPhase3SchemaFields" name="test_financials_includes_commission_tracking" time="0.794" /><testcase classname="tests.test_phase3_commercial_isolation.TestPhase3SchemaFields" name="test_financials_includes_wholesale_tracking" time="0.778" /></testsuite></testsuites>