<?xml version="1.0" encoding="utf-8"?><testsuites name="pytest tests"><testsuite name="pytest" errors="0" failures="0" skipped="0" tests="17" time="12.180" timestamp="2026-01-04T10:07:31.961140+00:00" hostname="agent-env-ad562984-8b36-4351-bf72-e99189132c8b"><testcase classname="tests.test_platform_instances_phase2.TestPlatformInstancesAPI" name="test_get_instances_requires_tenant_id" time="0.282" /><testcase classname="tests.test_platform_instances_phase2.TestPlatformInstancesAPI" name="test_get_instances_for_acme_tenant" time="0.694" /><testcase classname="tests.test_platform_instances_phase2.TestPlatformInstancesAPI" name="test_get_instances_for_beta_tenant" time="0.593" /><testcase classname="tests.test_platform_instances_phase2.TestPlatformInstancesAPI" name="test_get_instances_invalid_tenant_returns_empty" time="0.588" /><testcase classname="tests.test_platform_instances_phase2.TestPlatformInstancesAPI" name="test_instance_response_includes_branding_fields" time="0.581" /><testcase classname="tests.test_platform_instances_phase2.TestMigrationEndpoint" name="test_migration_endpoint_get_returns_info" time="0.189" /><testcase classname="tests.test_platform_instances_phase2.TestMigrationEndpoint" name="test_migration_is_idempotent" time="1.577" /><testcase classname="tests.test_platform_instances_phase2.TestBackwardCompatibility" name="test_dashboard_route_works" time="1.786" /><testcase classname="tests.test_platform_instances_phase2.TestBackwardCompatibility" name="test_pos_route_works" time="1.986" /><testcase classname="tests.test_platform_instances_phase2.TestBackwardCompatibility" name="test_api_auth_session_works" time="0.086" /><testcase classname="tests.test_platform_instances_phase2.TestBackwardCompatibility" name="test_api_health_works" time="0.689" /><testcase classname="tests.test_platform_instances_phase2.TestInstanceBrandingResolution" name="test_default_instance_has_no_branding_override" time="0.582" /><testcase classname="tests.test_platform_instances_phase2.TestNavigationFiltering" name="test_empty_suite_keys_means_all_visible" time="0.640" /><testcase classname="tests.test_platform_instances_phase2.TestGuardrails" name="test_instance_has_no_billing_fields" time="0.587" /><testcase classname="tests.test_platform_instances_phase2.TestGuardrails" name="test_instance_has_no_partner_attribution_fields" time="0.581" /><testcase classname="tests.test_platform_instances_phase2.TestInstanceSchema" name="test_instance_has_required_fields" time="0.593" /><testcase classname="tests.test_platform_instances_phase2.TestAuthProviderInstanceContext" name="test_session_endpoint_structure" time="0.083" /></testsuite></testsuites>