<?xml version="1.0" encoding="utf-8"?><testsuites name="pytest tests"><testsuite name="pytest" errors="0" failures="0" skipped="0" tests="17" time="11.670" timestamp="2026-01-04T09:28:29.954986+00:00" hostname="agent-env-9c32b606-344d-497c-8b4c-2aa37ab47aa5"><testcase classname="tests.test_platform_instances_phase2.TestPlatformInstancesAPI" name="test_get_instances_requires_tenant_id" time="0.108" /><testcase classname="tests.test_platform_instances_phase2.TestPlatformInstancesAPI" name="test_get_instances_for_acme_tenant" time="0.688" /><testcase classname="tests.test_platform_instances_phase2.TestPlatformInstancesAPI" name="test_get_instances_for_beta_tenant" time="0.586" /><testcase classname="tests.test_platform_instances_phase2.TestPlatformInstancesAPI" name="test_get_instances_invalid_tenant_returns_empty" time="0.586" /><testcase classname="tests.test_platform_instances_phase2.TestPlatformInstancesAPI" name="test_instance_response_includes_branding_fields" time="0.625" /><testcase classname="tests.test_platform_instances_phase2.TestMigrationEndpoint" name="test_migration_endpoint_get_returns_info" time="0.121" /><testcase classname="tests.test_platform_instances_phase2.TestMigrationEndpoint" name="test_migration_is_idempotent" time="1.649" /><testcase classname="tests.test_platform_instances_phase2.TestBackwardCompatibility" name="test_dashboard_route_works" time="1.838" /><testcase classname="tests.test_platform_instances_phase2.TestBackwardCompatibility" name="test_pos_route_works" time="1.713" /><testcase classname="tests.test_platform_instances_phase2.TestBackwardCompatibility" name="test_api_auth_session_works" time="0.078" /><testcase classname="tests.test_platform_instances_phase2.TestBackwardCompatibility" name="test_api_health_works" time="0.583" /><testcase classname="tests.test_platform_instances_phase2.TestInstanceBrandingResolution" name="test_default_instance_has_no_branding_override" time="0.583" /><testcase classname="tests.test_platform_instances_phase2.TestNavigationFiltering" name="test_empty_suite_keys_means_all_visible" time="0.582" /><testcase classname="tests.test_platform_instances_phase2.TestGuardrails" name="test_instance_has_no_billing_fields" time="0.581" /><testcase classname="tests.test_platform_instances_phase2.TestGuardrails" name="test_instance_has_no_partner_attribution_fields" time="0.586" /><testcase classname="tests.test_platform_instances_phase2.TestInstanceSchema" name="test_instance_has_required_fields" time="0.584" /><testcase classname="tests.test_platform_instances_phase2.TestAuthProviderInstanceContext" name="test_session_endpoint_structure" time="0.094" /></testsuite></testsuites>