<?xml version="1.0" encoding="utf-8"?><testsuites name="pytest tests"><testsuite name="pytest" errors="0" failures="0" skipped="0" tests="11" time="15.678" timestamp="2026-01-04T10:42:49.914686+00:00" hostname="agent-env-ad562984-8b36-4351-bf72-e99189132c8b"><testcase classname="tests.test_platform_instances_phase21.TestPlatformInstancesAPI" name="test_get_instances_for_acme_tenant" time="1.732" /><testcase classname="tests.test_platform_instances_phase21.TestPlatformInstancesAPI" name="test_get_instances_without_tenant_id" time="0.091" /><testcase classname="tests.test_platform_instances_phase21.TestPlatformInstancesAPI" name="test_get_instances_for_invalid_tenant" time="1.074" /><testcase classname="tests.test_platform_instances_phase21.TestPlatformInstancesAPI" name="test_instance_structure" time="1.571" /><testcase classname="tests.test_platform_instances_phase21.TestPlatformInstancesAPI" name="test_commerce_hub_suite_keys" time="1.563" /><testcase classname="tests.test_platform_instances_phase21.TestPlatformInstancesAPI" name="test_default_instance_has_empty_suite_keys" time="1.575" /><testcase classname="tests.test_platform_instances_phase21.TestInstanceCRUD" name="test_create_instance" time="1.559" /><testcase classname="tests.test_platform_instances_phase21.TestInstanceCRUD" name="test_update_instance" time="3.158" /><testcase classname="tests.test_platform_instances_phase21.TestInstanceCRUD" name="test_cannot_deactivate_default_instance" time="2.403" /><testcase classname="tests.test_platform_instances_phase21.TestSessionAPI" name="test_session_endpoint_exists" time="0.095" /><testcase classname="tests.test_platform_instances_phase21.TestTenantSettings" name="test_tenant_settings_endpoint" time="0.794" /></testsuite></testsuites>