<?xml version="1.0" encoding="utf-8"?><testsuites name="pytest tests"><testsuite name="pytest" errors="0" failures="0" skipped="0" tests="19" time="58.718" timestamp="2026-01-06T13:08:03.649459+00:00" hostname="agent-env-4729d2eb-fec0-4e5c-b3ef-b0d2f63ec2e2"><testcase classname="tests.test_pos_s6_verification.TestPOSShiftOperations" name="test_01_get_active_shift_initially_none" time="1.120" /><testcase classname="tests.test_pos_s6_verification.TestPOSShiftOperations" name="test_02_open_shift_with_ngn_currency" time="2.580" /><testcase classname="tests.test_pos_s6_verification.TestPOSShiftOperations" name="test_03_verify_shift_requires_tenant_id" time="0.122" /><testcase classname="tests.test_pos_s6_verification.TestPOSSaleOperations" name="test_01_create_sale" time="0.580" /><testcase classname="tests.test_pos_s6_verification.TestPOSSaleOperations" name="test_02_add_nigerian_products" time="2.474" /><testcase classname="tests.test_pos_s6_verification.TestPOSSaleOperations" name="test_03_apply_tax_7_5_percent" time="3.591" /><testcase classname="tests.test_pos_s6_verification.TestPOSSaleOperations" name="test_04_finalize_sale_cash_payment" time="6.124" /><testcase classname="tests.test_pos_s6_verification.TestPOSSaleOperations" name="test_05_finalize_sale_bank_transfer" time="6.234" /><testcase classname="tests.test_pos_s6_verification.TestPOSReceiptGeneration" name="test_01_get_receipt_json_format" time="5.181" /><testcase classname="tests.test_pos_s6_verification.TestPOSReceiptGeneration" name="test_02_get_receipt_html_format" time="5.139" /><testcase classname="tests.test_pos_s6_verification.TestPOSReceiptGeneration" name="test_03_get_receipt_sms_format" time="5.240" /><testcase classname="tests.test_pos_s6_verification.TestPOSShiftCloseAndZReport" name="test_01_close_shift_with_cash_reconciliation" time="2.659" /><testcase classname="tests.test_pos_s6_verification.TestPOSShiftCloseAndZReport" name="test_02_generate_z_report" time="7.789" /><testcase classname="tests.test_pos_s6_verification.TestPOSReports" name="test_01_daily_summary_report" time="1.814" /><testcase classname="tests.test_pos_s6_verification.TestPOSReports" name="test_02_payment_breakdown_report" time="1.190" /><testcase classname="tests.test_pos_s6_verification.TestPOSReports" name="test_03_requires_tenant_id" time="0.076" /><testcase classname="tests.test_pos_s6_verification.TestNigeriaFirstRequirements" name="test_01_ngn_currency_in_config" time="0.576" /><testcase classname="tests.test_pos_s6_verification.TestNigeriaFirstRequirements" name="test_02_tax_rate_7_5_percent" time="2.245" /><testcase classname="tests.test_pos_s6_verification.TestNigeriaFirstRequirements" name="test_03_bank_transfer_payment_available" time="3.894" /></testsuite></testsuites>