<?xml version="1.0" encoding="utf-8"?><testsuites name="pytest tests"><testsuite name="pytest" errors="0" failures="0" skipped="0" tests="56" time="19.509" timestamp="2026-01-01T18:44:00.567698+00:00" hostname="agent-env-1b818e51-3eae-40e2-a3a9-43f307c09f8e"><testcase classname="tests.test_pos_module.TestTypeScriptCompilation" name="test_typescript_compilation_passes" time="2.385" /><testcase classname="tests.test_pos_module.TestPermissionsSystem" name="test_role_hierarchy_cashier_lowest" time="0.601" /><testcase classname="tests.test_pos_module.TestPermissionsSystem" name="test_cashier_permissions_basic_sales" time="0.599" /><testcase classname="tests.test_pos_module.TestPermissionsSystem" name="test_supervisor_additional_permissions" time="0.592" /><testcase classname="tests.test_pos_module.TestPermissionsSystem" name="test_manager_full_permissions" time="0.598" /><testcase classname="tests.test_pos_module.TestPermissionsSystem" name="test_has_permission_function_cashier" time="0.602" /><testcase classname="tests.test_pos_module.TestPermissionsSystem" name="test_tenant_admin_has_all_permissions" time="0.597" /><testcase classname="tests.test_pos_module.TestPermissionsSystem" name="test_can_assign_role_hierarchy" time="0.596" /><testcase classname="tests.test_pos_module.TestSaleEngineStateMachine" name="test_valid_transitions_from_draft" time="0.636" /><testcase classname="tests.test_pos_module.TestSaleEngineStateMachine" name="test_valid_transitions_from_suspended" time="0.611" /><testcase classname="tests.test_pos_module.TestSaleEngineStateMachine" name="test_valid_transitions_from_pending_payment" time="0.610" /><testcase classname="tests.test_pos_module.TestSaleEngineStateMachine" name="test_valid_transitions_from_completed" time="0.604" /><testcase classname="tests.test_pos_module.TestSaleEngineStateMachine" name="test_terminal_states_have_no_transitions" time="0.601" /><testcase classname="tests.test_pos_module.TestAPIRouteFiles" name="test_sales_route_exists" time="0.000" /><testcase classname="tests.test_pos_module.TestAPIRouteFiles" name="test_registers_route_exists" time="0.000" /><testcase classname="tests.test_pos_module.TestAPIRouteFiles" name="test_shifts_route_exists" time="0.000" /><testcase classname="tests.test_pos_module.TestAPIRouteFiles" name="test_refunds_route_exists" time="0.000" /><testcase classname="tests.test_pos_module.TestAPIRouteFiles" name="test_settings_route_exists" time="0.000" /><testcase classname="tests.test_pos_module.TestAPIRouteFiles" name="test_all_routes_compile" time="2.436" /><testcase classname="tests.test_pos_module.TestLibraryExports" name="test_index_exports_permissions" time="0.617" /><testcase classname="tests.test_pos_module.TestLibraryExports" name="test_index_exports_sale_engine" time="0.624" /><testcase classname="tests.test_pos_module.TestLibraryExports" name="test_index_exports_event_bus" time="0.626" /><testcase classname="tests.test_pos_module.TestLibraryExports" name="test_index_exports_offline_queue" time="0.639" /><testcase classname="tests.test_pos_module.TestLibraryExports" name="test_index_exports_inventory_consumer" time="0.628" /><testcase classname="tests.test_pos_module_phase9.TestModuleIsolation" name="test_no_core_imports_in_lib" time="0.001" /><testcase classname="tests.test_pos_module_phase9.TestModuleIsolation" name="test_no_core_imports_in_components" time="0.000" /><testcase classname="tests.test_pos_module_phase9.TestModuleIsolation" name="test_no_core_imports_in_hooks" time="0.000" /><testcase classname="tests.test_pos_module_phase9.TestModuleIsolation" name="test_no_core_imports_in_api_routes" time="0.001" /><testcase classname="tests.test_pos_module_phase9.TestPrismaSchemaIsolation" name="test_no_relation_to_core_models" time="0.000" /><testcase classname="tests.test_pos_module_phase9.TestPrismaSchemaIsolation" name="test_core_references_are_string_ids" time="0.000" /><testcase classname="tests.test_pos_module_phase9.TestEventTypesScoping" name="test_sale_engine_events_scoped" time="0.602" /><testcase classname="tests.test_pos_module_phase9.TestEventTypesScoping" name="test_inventory_consumer_events_scoped" time="0.597" /><testcase classname="tests.test_pos_module_phase9.TestEntitlementsSystem" name="test_has_entitlement_function" time="0.608" /><testcase classname="tests.test_pos_module_phase9.TestEntitlementsSystem" name="test_can_add_register_limit" time="0.607" /><testcase classname="tests.test_pos_module_phase9.TestEntitlementsSystem" name="test_can_add_staff_limit" time="0.610" /><testcase classname="tests.test_pos_module_phase9.TestEntitlementsSystem" name="test_can_create_offline_transaction_limit" time="0.627" /><testcase classname="tests.test_pos_module_phase9.TestEntitlementsSystem" name="test_entitlement_expiration" time="0.610" /><testcase classname="tests.test_pos_module_phase9.TestEntitlementsSystem" name="test_no_plan_names_in_entitlements" time="0.001" /><testcase classname="tests.test_pos_module_phase9.TestUIComponents" name="test_pos_screen_component_exists" time="0.000" /><testcase classname="tests.test_pos_module_phase9.TestUIComponents" name="test_product_grid_component_exists" time="0.000" /><testcase classname="tests.test_pos_module_phase9.TestUIComponents" name="test_cart_component_exists" time="0.000" /><testcase classname="tests.test_pos_module_phase9.TestUIComponents" name="test_payment_modal_component_exists" time="0.000" /><testcase classname="tests.test_pos_module_phase9.TestUIComponents" name="test_receipt_view_component_exists" time="0.000" /><testcase classname="tests.test_pos_module_phase9.TestUIComponents" name="test_held_sales_component_exists" time="0.000" /><testcase classname="tests.test_pos_module_phase9.TestUIComponents" name="test_connection_status_component_exists" time="0.000" /><testcase classname="tests.test_pos_module_phase9.TestUIComponents" name="test_components_index_exports" time="0.000" /><testcase classname="tests.test_pos_module_phase9.TestUIComponents" name="test_components_have_data_testid" time="0.000" /><testcase classname="tests.test_pos_module_phase9.TestHooksExist" name="test_use_cart_hook_exists" time="0.000" /><testcase classname="tests.test_pos_module_phase9.TestHooksExist" name="test_use_connection_status_hook_exists" time="0.000" /><testcase classname="tests.test_pos_module_phase9.TestHooksExist" name="test_use_offline_queue_hook_exists" time="0.000" /><testcase classname="tests.test_pos_module_phase9.TestHooksExist" name="test_hooks_index_exports" time="0.000" /><testcase classname="tests.test_pos_module_phase9.TestOfflineStoreExists" name="test_offline_store_exists" time="0.000" /><testcase classname="tests.test_pos_module_phase9.TestOfflineStoreExists" name="test_offline_store_has_stores" time="0.000" /><testcase classname="tests.test_pos_module_phase9.TestDocumentationExists" name="test_validation_doc_exists" time="0.000" /><testcase classname="tests.test_pos_module_phase9.TestDocumentationExists" name="test_api_reference_exists" time="0.000" /><testcase classname="tests.test_pos_module_phase9.TestDocumentationExists" name="test_domain_model_exists" time="0.000" /></testsuite></testsuites>