<?xml version="1.0" encoding="utf-8"?><testsuites name="pytest tests"><testsuite name="pytest" errors="0" failures="0" skipped="0" tests="24" time="15.512" timestamp="2026-01-01T18:12:08.010579+00:00" hostname="agent-env-1b818e51-3eae-40e2-a3a9-43f307c09f8e"><testcase classname="tests.test_pos_module.TestTypeScriptCompilation" name="test_typescript_compilation_passes" time="2.378" /><testcase classname="tests.test_pos_module.TestPermissionsSystem" name="test_role_hierarchy_cashier_lowest" time="0.637" /><testcase classname="tests.test_pos_module.TestPermissionsSystem" name="test_cashier_permissions_basic_sales" time="0.611" /><testcase classname="tests.test_pos_module.TestPermissionsSystem" name="test_supervisor_additional_permissions" time="0.619" /><testcase classname="tests.test_pos_module.TestPermissionsSystem" name="test_manager_full_permissions" time="0.604" /><testcase classname="tests.test_pos_module.TestPermissionsSystem" name="test_has_permission_function_cashier" time="0.613" /><testcase classname="tests.test_pos_module.TestPermissionsSystem" name="test_tenant_admin_has_all_permissions" time="0.605" /><testcase classname="tests.test_pos_module.TestPermissionsSystem" name="test_can_assign_role_hierarchy" time="0.605" /><testcase classname="tests.test_pos_module.TestSaleEngineStateMachine" name="test_valid_transitions_from_draft" time="0.646" /><testcase classname="tests.test_pos_module.TestSaleEngineStateMachine" name="test_valid_transitions_from_suspended" time="0.609" /><testcase classname="tests.test_pos_module.TestSaleEngineStateMachine" name="test_valid_transitions_from_pending_payment" time="0.630" /><testcase classname="tests.test_pos_module.TestSaleEngineStateMachine" name="test_valid_transitions_from_completed" time="0.610" /><testcase classname="tests.test_pos_module.TestSaleEngineStateMachine" name="test_terminal_states_have_no_transitions" time="0.635" /><testcase classname="tests.test_pos_module.TestAPIRouteFiles" name="test_sales_route_exists" time="0.000" /><testcase classname="tests.test_pos_module.TestAPIRouteFiles" name="test_registers_route_exists" time="0.000" /><testcase classname="tests.test_pos_module.TestAPIRouteFiles" name="test_shifts_route_exists" time="0.000" /><testcase classname="tests.test_pos_module.TestAPIRouteFiles" name="test_refunds_route_exists" time="0.000" /><testcase classname="tests.test_pos_module.TestAPIRouteFiles" name="test_settings_route_exists" time="0.000" /><testcase classname="tests.test_pos_module.TestAPIRouteFiles" name="test_all_routes_compile" time="2.311" /><testcase classname="tests.test_pos_module.TestLibraryExports" name="test_index_exports_permissions" time="0.643" /><testcase classname="tests.test_pos_module.TestLibraryExports" name="test_index_exports_sale_engine" time="0.667" /><testcase classname="tests.test_pos_module.TestLibraryExports" name="test_index_exports_event_bus" time="0.735" /><testcase classname="tests.test_pos_module.TestLibraryExports" name="test_index_exports_offline_queue" time="0.664" /><testcase classname="tests.test_pos_module.TestLibraryExports" name="test_index_exports_inventory_consumer" time="0.638" /></testsuite></testsuites>