<?xml version="1.0" encoding="utf-8"?><testsuites name="pytest tests"><testsuite name="pytest" errors="0" failures="3" skipped="3" tests="56" time="313.017" timestamp="2026-01-03T06:00:40.633084+00:00" hostname="agent-env-a7a0bad5-a612-49cf-a39e-7153d2e4bfd6"><testcase classname="tests.test_procurement_module.TestProcurementUnauthenticated" name="test_procurement_config_requires_auth" time="0.102" /><testcase classname="tests.test_procurement_module.TestProcurementUnauthenticated" name="test_procurement_requests_requires_auth" time="0.050" /><testcase classname="tests.test_procurement_module.TestProcurementUnauthenticated" name="test_procurement_orders_requires_auth" time="0.048" /><testcase classname="tests.test_procurement_module.TestProcurementUnauthenticated" name="test_procurement_receipts_requires_auth" time="0.141" /><testcase classname="tests.test_procurement_module.TestProcurementUnauthenticated" name="test_procurement_suppliers_requires_auth" time="0.227" /><testcase classname="tests.test_procurement_module.TestProcurementUnauthenticated" name="test_procurement_offline_requires_auth" time="0.121" /><testcase classname="tests.test_procurement_module.TestProcurementUnauthenticated" name="test_procurement_events_requires_auth" time="0.046" /><testcase classname="tests.test_procurement_module.TestProcurementAuthenticated" name="test_get_procurement_status" time="10.121" /><testcase classname="tests.test_procurement_module.TestProcurementAuthenticated" name="test_initialize_procurement" time="4.077" /><testcase classname="tests.test_procurement_module.TestProcurementAuthenticated" name="test_update_procurement_config" time="2.269" /><testcase classname="tests.test_procurement_module.TestProcurementAuthenticated" name="test_list_purchase_requests" time="2.376" /><testcase classname="tests.test_procurement_module.TestProcurementAuthenticated" name="test_get_purchase_request_statistics" time="2.257" /><testcase classname="tests.test_procurement_module.TestProcurementAuthenticated" name="test_create_purchase_request" time="4.033"><failure message="AssertionError: Expected 200/201/403, got 520: {&quot;error&quot;:&quot;Internal server error&quot;}&#10;assert 520 in [200, 201, 403]&#10; +  where 520 = &lt;Response [520]&gt;.status_code">tests/test_procurement_module.py:246: in test_create_purchase_request
    assert response.status_code in [200, 201, 403], f"Expected 200/201/403, got {response.status_code}: {response.text}"
E   AssertionError: Expected 200/201/403, got 520: {"error":"Internal server error"}
E   assert 520 in [200, 201, 403]
E    +  where 520 = &lt;Response [520]&gt;.status_code</failure></testcase><testcase classname="tests.test_procurement_module.TestProcurementAuthenticated" name="test_get_purchase_request_by_id" time="8.322" /><testcase classname="tests.test_procurement_module.TestProcurementAuthenticated" name="test_update_draft_purchase_request" time="8.775" /><testcase classname="tests.test_procurement_module.TestProcurementAuthenticated" name="test_submit_purchase_request" time="9.831" /><testcase classname="tests.test_procurement_module.TestProcurementAuthenticated" name="test_approve_purchase_request" time="13.607" /><testcase classname="tests.test_procurement_module.TestProcurementAuthenticated" name="test_reject_purchase_request" time="13.445" /><testcase classname="tests.test_procurement_module.TestProcurementAuthenticated" name="test_reject_without_reason_fails" time="11.443" /><testcase classname="tests.test_procurement_module.TestProcurementAuthenticated" name="test_cancel_purchase_request" time="9.335" /><testcase classname="tests.test_procurement_module.TestProcurementAuthenticated" name="test_list_purchase_orders" time="2.653" /><testcase classname="tests.test_procurement_module.TestProcurementAuthenticated" name="test_get_purchase_order_statistics" time="2.243" /><testcase classname="tests.test_procurement_module.TestProcurementAuthenticated" name="test_create_purchase_order" time="4.675"><failure message="AssertionError: Expected 200/201/403, got 520: {&quot;error&quot;:&quot;Internal server error&quot;}&#10;assert 520 in [200, 201, 403]&#10; +  where 520 = &lt;Response [520]&gt;.status_code">tests/test_procurement_module.py:595: in test_create_purchase_order
    assert response.status_code in [200, 201, 403], f"Expected 200/201/403, got {response.status_code}: {response.text}"
E   AssertionError: Expected 200/201/403, got 520: {"error":"Internal server error"}
E   assert 520 in [200, 201, 403]
E    +  where 520 = &lt;Response [520]&gt;.status_code</failure></testcase><testcase classname="tests.test_procurement_module.TestProcurementAuthenticated" name="test_create_cash_purchase_order" time="6.201" /><testcase classname="tests.test_procurement_module.TestProcurementAuthenticated" name="test_get_purchase_order_by_id" time="9.543" /><testcase classname="tests.test_procurement_module.TestProcurementAuthenticated" name="test_send_purchase_order" time="9.870" /><testcase classname="tests.test_procurement_module.TestProcurementAuthenticated" name="test_confirm_purchase_order" time="13.386" /><testcase classname="tests.test_procurement_module.TestProcurementAuthenticated" name="test_cancel_purchase_order" time="9.758" /><testcase classname="tests.test_procurement_module.TestProcurementAuthenticated" name="test_cancel_without_reason_fails" time="7.939" /><testcase classname="tests.test_procurement_module.TestProcurementAuthenticated" name="test_list_goods_receipts" time="2.708" /><testcase classname="tests.test_procurement_module.TestProcurementAuthenticated" name="test_get_goods_receipt_statistics" time="2.132" /><testcase classname="tests.test_procurement_module.TestProcurementAuthenticated" name="test_create_goods_receipt" time="16.334"><failure message="AssertionError: Expected 200/201/400, got 520: {&quot;error&quot;:&quot;Internal server error&quot;}&#10;assert 520 in [200, 201, 400]&#10; +  where 520 = &lt;Response [520]&gt;.status_code">tests/test_procurement_module.py:870: in test_create_goods_receipt
    assert response.status_code in [200, 201, 400], f"Expected 200/201/400, got {response.status_code}: {response.text}"
E   AssertionError: Expected 200/201/400, got 520: {"error":"Internal server error"}
E   assert 520 in [200, 201, 400]
E    +  where 520 = &lt;Response [520]&gt;.status_code</failure></testcase><testcase classname="tests.test_procurement_module.TestProcurementAuthenticated" name="test_get_goods_receipt_by_id" time="16.206"><skipped type="pytest.skip" message="Could not create GR for testing">/app/tests/test_procurement_module.py:917: Could not create GR for testing</skipped></testcase><testcase classname="tests.test_procurement_module.TestProcurementAuthenticated" name="test_verify_goods_receipt" time="16.398"><skipped type="pytest.skip" message="Could not create GR for testing">/app/tests/test_procurement_module.py:970: Could not create GR for testing</skipped></testcase><testcase classname="tests.test_procurement_module.TestProcurementAuthenticated" name="test_reject_goods_receipt" time="16.481"><skipped type="pytest.skip" message="Could not create GR for testing">/app/tests/test_procurement_module.py:1028: Could not create GR for testing</skipped></testcase><testcase classname="tests.test_procurement_module.TestProcurementAuthenticated" name="test_get_supplier_performance" time="2.895" /><testcase classname="tests.test_procurement_module.TestProcurementAuthenticated" name="test_get_supplier_prices" time="2.146" /><testcase classname="tests.test_procurement_module.TestProcurementAuthenticated" name="test_get_top_suppliers" time="4.143" /><testcase classname="tests.test_procurement_module.TestProcurementAuthenticated" name="test_set_supplier_price" time="4.047" /><testcase classname="tests.test_procurement_module.TestProcurementAuthenticated" name="test_calculate_supplier_performance" time="4.056" /><testcase classname="tests.test_procurement_module.TestProcurementAuthenticated" name="test_get_offline_package" time="4.540" /><testcase classname="tests.test_procurement_module.TestProcurementAuthenticated" name="test_sync_offline_changes" time="5.046" /><testcase classname="tests.test_procurement_module.TestProcurementAuthenticated" name="test_offline_sync_idempotency" time="10.250" /><testcase classname="tests.test_procurement_module.TestProcurementAuthenticated" name="test_get_procurement_events" time="2.565" /><testcase classname="tests.test_procurement_module.TestProcurementAuthenticated" name="test_get_event_statistics" time="2.550" /><testcase classname="tests.test_procurement_module.TestProcurementAuthenticated" name="test_validate_module" time="2.127" /><testcase classname="tests.test_procurement_module.TestProcurementAuthenticated" name="test_get_manifest" time="1.627" /><testcase classname="tests.test_procurement_module.TestProcurementAuthenticated" name="test_get_entitlements" time="3.028" /><testcase classname="tests.test_procurement_module.TestProcurementAuthenticated" name="test_get_usage" time="4.192" /><testcase classname="tests.test_procurement_module.TestProcurementAuthenticated" name="test_nigeria_first_ngn_currency" time="3.073" /><testcase classname="tests.test_procurement_module.TestProcurementAuthenticated" name="test_nigeria_first_cash_purchases_enabled" time="3.130" /><testcase classname="tests.test_procurement_module.TestProcurementAuthenticated" name="test_nigeria_first_informal_suppliers_enabled" time="3.023" /><testcase classname="tests.test_procurement_module.TestProcurementAuthenticated" name="test_po_is_commitment_not_payment" time="6.165" /><testcase classname="tests.test_procurement_module.TestProcurementAuthenticated" name="test_goods_receipt_emits_events_not_inventory_mutation" time="2.128" /><testcase classname="tests.test_procurement_module.TestProcurementAuthenticated" name="test_filter_purchase_requests_by_status" time="2.334" /><testcase classname="tests.test_procurement_module.TestProcurementAuthenticated" name="test_filter_purchase_orders_by_cash_purchase" time="2.644" /></testsuite></testsuites>