<?xml version="1.0" encoding="utf-8"?><testsuites name="pytest tests"><testsuite name="pytest" errors="0" failures="0" skipped="0" tests="15" time="6.454" timestamp="2026-01-06T09:55:48.701645+00:00" hostname="agent-env-9e9da44d-7266-4290-af70-7af37d3ed962"><testcase classname="tests.test_project_management_suite.TestProjectManagementDashboard" name="test_dashboard_requires_tenant_id" time="0.644" /><testcase classname="tests.test_project_management_suite.TestProjectManagementDashboard" name="test_dashboard_with_tenant_id" time="0.799" /><testcase classname="tests.test_project_management_suite.TestProjectManagementProjects" name="test_projects_requires_tenant_id" time="0.257" /><testcase classname="tests.test_project_management_suite.TestProjectManagementProjects" name="test_projects_list" time="0.677" /><testcase classname="tests.test_project_management_suite.TestProjectManagementProjects" name="test_projects_stats" time="0.608" /><testcase classname="tests.test_project_management_suite.TestProjectManagementMilestones" name="test_milestones_requires_tenant_id" time="0.265" /><testcase classname="tests.test_project_management_suite.TestProjectManagementMilestones" name="test_milestones_requires_project_id" time="0.112" /><testcase classname="tests.test_project_management_suite.TestProjectManagementTasks" name="test_tasks_requires_tenant_id" time="0.262" /><testcase classname="tests.test_project_management_suite.TestProjectManagementTasks" name="test_tasks_list" time="0.604" /><testcase classname="tests.test_project_management_suite.TestProjectManagementTasks" name="test_tasks_stats" time="0.640" /><testcase classname="tests.test_project_management_suite.TestProjectManagementTeam" name="test_team_requires_tenant_id" time="0.306" /><testcase classname="tests.test_project_management_suite.TestProjectManagementTeam" name="test_team_requires_project_or_member_id" time="0.140" /><testcase classname="tests.test_project_management_suite.TestProjectManagementBudget" name="test_budget_requires_tenant_id" time="0.279" /><testcase classname="tests.test_project_management_suite.TestProjectManagementBudget" name="test_budget_requires_project_id" time="0.120" /><testcase classname="tests.test_project_management_suite.TestProjectManagementBudget" name="test_budget_stats" time="0.620" /></testsuite></testsuites>