<?xml version="1.0" encoding="utf-8"?><testsuites name="pytest tests"><testsuite name="pytest" errors="0" failures="0" skipped="0" tests="24" time="102.861" timestamp="2026-01-01T16:30:21.003385+00:00" hostname="agent-env-2df6b777-070c-49da-ae9d-90ee8f646c9c"><testcase classname="tests.test_partner_dashboard_audit.TestPartnerDashboardOverview" name="test_dashboard_success_with_valid_auth" time="11.398" /><testcase classname="tests.test_partner_dashboard_audit.TestPartnerDashboardOverview" name="test_dashboard_requires_authentication" time="0.105" /><testcase classname="tests.test_partner_dashboard_audit.TestPartnerDashboardOverview" name="test_dashboard_invalid_session_token" time="0.631" /><testcase classname="tests.test_partner_dashboard_audit.TestPartnerDashboardOverview" name="test_dashboard_partner_isolation" time="2.342" /><testcase classname="tests.test_partner_dashboard_audit.TestPartnerDashboardOverview" name="test_dashboard_no_tenant_internals_exposed" time="11.447" /><testcase classname="tests.test_partner_dashboard_audit.TestPartnerPerformanceMetrics" name="test_performance_success_default_period" time="14.323" /><testcase classname="tests.test_partner_dashboard_audit.TestPartnerPerformanceMetrics" name="test_performance_custom_date_range" time="13.849" /><testcase classname="tests.test_partner_dashboard_audit.TestPartnerPerformanceMetrics" name="test_performance_requires_authentication" time="0.109" /><testcase classname="tests.test_partner_dashboard_audit.TestPartnerPerformanceMetrics" name="test_performance_partner_isolation" time="2.337" /><testcase classname="tests.test_partner_dashboard_audit.TestPartnerReferrals" name="test_referrals_success_default_pagination" time="5.474" /><testcase classname="tests.test_partner_dashboard_audit.TestPartnerReferrals" name="test_referrals_custom_pagination" time="5.625" /><testcase classname="tests.test_partner_dashboard_audit.TestPartnerReferrals" name="test_referrals_filter_by_status" time="5.535" /><testcase classname="tests.test_partner_dashboard_audit.TestPartnerReferrals" name="test_referrals_sort_by_revenue" time="5.520" /><testcase classname="tests.test_partner_dashboard_audit.TestPartnerReferrals" name="test_referrals_requires_authentication" time="0.086" /><testcase classname="tests.test_partner_dashboard_audit.TestPartnerReferrals" name="test_referrals_partner_isolation" time="2.355" /><testcase classname="tests.test_partner_dashboard_audit.TestPartnerAuditLogs" name="test_audit_logs_success" time="3.021" /><testcase classname="tests.test_partner_dashboard_audit.TestPartnerAuditLogs" name="test_audit_logs_with_date_range" time="2.864" /><testcase classname="tests.test_partner_dashboard_audit.TestPartnerAuditLogs" name="test_audit_logs_custom_pagination" time="2.831" /><testcase classname="tests.test_partner_dashboard_audit.TestPartnerAuditLogs" name="test_audit_activity_report" time="3.329" /><testcase classname="tests.test_partner_dashboard_audit.TestPartnerAuditLogs" name="test_audit_requires_authentication" time="0.076" /><testcase classname="tests.test_partner_dashboard_audit.TestPartnerAuditLogs" name="test_audit_partner_isolation" time="2.362" /><testcase classname="tests.test_partner_dashboard_audit.TestSecurityEdgeCases" name="test_wrong_cookie_name_rejected" time="0.094" /><testcase classname="tests.test_partner_dashboard_audit.TestSecurityEdgeCases" name="test_malformed_partner_id" time="2.331" /><testcase classname="tests.test_partner_dashboard_audit.TestSecurityEdgeCases" name="test_sql_injection_attempt" time="4.726" /></testsuite></testsuites>