<?xml version="1.0" encoding="utf-8"?><testsuites name="pytest tests"><testsuite name="pytest" errors="0" failures="1" skipped="0" tests="24" time="105.404" timestamp="2026-01-01T16:27:20.480987+00:00" hostname="agent-env-2df6b777-070c-49da-ae9d-90ee8f646c9c"><testcase classname="tests.test_partner_dashboard_audit.TestPartnerDashboardOverview" name="test_dashboard_success_with_valid_auth" time="11.680" /><testcase classname="tests.test_partner_dashboard_audit.TestPartnerDashboardOverview" name="test_dashboard_requires_authentication" time="0.094" /><testcase classname="tests.test_partner_dashboard_audit.TestPartnerDashboardOverview" name="test_dashboard_invalid_session_token" time="0.643" /><testcase classname="tests.test_partner_dashboard_audit.TestPartnerDashboardOverview" name="test_dashboard_partner_isolation" time="2.357" /><testcase classname="tests.test_partner_dashboard_audit.TestPartnerDashboardOverview" name="test_dashboard_no_tenant_internals_exposed" time="11.460" /><testcase classname="tests.test_partner_dashboard_audit.TestPartnerPerformanceMetrics" name="test_performance_success_default_period" time="15.304" /><testcase classname="tests.test_partner_dashboard_audit.TestPartnerPerformanceMetrics" name="test_performance_custom_date_range" time="14.146" /><testcase classname="tests.test_partner_dashboard_audit.TestPartnerPerformanceMetrics" name="test_performance_requires_authentication" time="0.090" /><testcase classname="tests.test_partner_dashboard_audit.TestPartnerPerformanceMetrics" name="test_performance_partner_isolation" time="2.412" /><testcase classname="tests.test_partner_dashboard_audit.TestPartnerReferrals" name="test_referrals_success_default_pagination" time="5.704" /><testcase classname="tests.test_partner_dashboard_audit.TestPartnerReferrals" name="test_referrals_custom_pagination" time="5.620" /><testcase classname="tests.test_partner_dashboard_audit.TestPartnerReferrals" name="test_referrals_filter_by_status" time="5.511" /><testcase classname="tests.test_partner_dashboard_audit.TestPartnerReferrals" name="test_referrals_sort_by_revenue" time="5.538" /><testcase classname="tests.test_partner_dashboard_audit.TestPartnerReferrals" name="test_referrals_requires_authentication" time="0.089" /><testcase classname="tests.test_partner_dashboard_audit.TestPartnerReferrals" name="test_referrals_partner_isolation" time="2.378" /><testcase classname="tests.test_partner_dashboard_audit.TestPartnerAuditLogs" name="test_audit_logs_success" time="3.375" /><testcase classname="tests.test_partner_dashboard_audit.TestPartnerAuditLogs" name="test_audit_logs_with_date_range" time="2.846" /><testcase classname="tests.test_partner_dashboard_audit.TestPartnerAuditLogs" name="test_audit_logs_custom_pagination" time="2.844" /><testcase classname="tests.test_partner_dashboard_audit.TestPartnerAuditLogs" name="test_audit_activity_report" time="3.349" /><testcase classname="tests.test_partner_dashboard_audit.TestPartnerAuditLogs" name="test_audit_requires_authentication" time="0.079" /><testcase classname="tests.test_partner_dashboard_audit.TestPartnerAuditLogs" name="test_audit_partner_isolation" time="2.394" /><testcase classname="tests.test_partner_dashboard_audit.TestSecurityEdgeCases" name="test_wrong_cookie_name_rejected" time="0.213" /><testcase classname="tests.test_partner_dashboard_audit.TestSecurityEdgeCases" name="test_malformed_partner_id" time="2.483" /><testcase classname="tests.test_partner_dashboard_audit.TestSecurityEdgeCases" name="test_sql_injection_attempt" time="4.638"><failure message="AssertionError: Unexpected status: 520&#10;assert 520 in [200, 400]&#10; +  where 520 = &lt;Response [520]&gt;.status_code">tests/test_partner_dashboard_audit.py:468: in test_sql_injection_attempt
    assert response.status_code in [200, 400], f"Unexpected status: {response.status_code}"
E   AssertionError: Unexpected status: 520
E   assert 520 in [200, 400]
E    +  where 520 = &lt;Response [520]&gt;.status_code</failure></testcase></testsuite></testsuites>