<?xml version="1.0" encoding="utf-8"?><testsuites name="pytest tests"><testsuite name="pytest" errors="0" failures="0" skipped="0" tests="19" time="16.706" timestamp="2026-01-06T08:50:22.068743+00:00" hostname="agent-env-fe2674f2-e5ee-4719-a641-e4708bae96fb"><testcase classname="tests.test_recruitment_suite.TestTenantScoping" name="test_dashboard_without_tenant_returns_401" time="0.145" /><testcase classname="tests.test_recruitment_suite.TestTenantScoping" name="test_jobs_without_tenant_returns_401" time="0.116" /><testcase classname="tests.test_recruitment_suite.TestTenantScoping" name="test_applications_without_tenant_returns_401" time="0.107" /><testcase classname="tests.test_recruitment_suite.TestTenantScoping" name="test_interviews_without_tenant_returns_401" time="0.338" /><testcase classname="tests.test_recruitment_suite.TestTenantScoping" name="test_offers_without_tenant_returns_401" time="0.234" /><testcase classname="tests.test_recruitment_suite.TestTenantScoping" name="test_onboarding_without_tenant_returns_401" time="0.249" /><testcase classname="tests.test_recruitment_suite.TestDashboardAPI" name="test_get_dashboard_returns_aggregated_stats" time="4.068" /><testcase classname="tests.test_recruitment_suite.TestJobsAPI" name="test_get_jobs_list" time="0.605" /><testcase classname="tests.test_recruitment_suite.TestJobsAPI" name="test_get_jobs_stats" time="1.670" /><testcase classname="tests.test_recruitment_suite.TestJobsAPI" name="test_create_job" time="1.103" /><testcase classname="tests.test_recruitment_suite.TestApplicationsAPI" name="test_get_applications_list" time="0.785" /><testcase classname="tests.test_recruitment_suite.TestApplicationsAPI" name="test_get_applications_stats" time="1.185" /><testcase classname="tests.test_recruitment_suite.TestInterviewsAPI" name="test_get_interviews_list" time="0.986" /><testcase classname="tests.test_recruitment_suite.TestInterviewsAPI" name="test_get_interviews_stats" time="1.062" /><testcase classname="tests.test_recruitment_suite.TestOffersAPI" name="test_get_offers_list" time="0.584" /><testcase classname="tests.test_recruitment_suite.TestOffersAPI" name="test_get_offers_stats" time="1.096" /><testcase classname="tests.test_recruitment_suite.TestOnboardingAPI" name="test_get_onboarding_tasks_list" time="0.580" /><testcase classname="tests.test_recruitment_suite.TestOnboardingAPI" name="test_get_onboarding_stats" time="1.058" /><testcase classname="tests.test_recruitment_suite.TestNigerianContext" name="test_jobs_have_ngn_currency" time="0.604" /></testsuite></testsuites>