<?xml version="1.0" encoding="utf-8"?><testsuites name="pytest tests"><testsuite name="pytest" errors="0" failures="0" skipped="0" tests="21" time="79.877" timestamp="2026-01-05T15:18:04.099977+00:00" hostname="agent-env-463530c6-c1b4-443b-b777-10f5456b1d5f"><testcase classname="tests.test_sites_funnels_phase5.TestAuthentication" name="test_login_with_valid_credentials" time="2.879" /><testcase classname="tests.test_sites_funnels_phase5.TestAuthentication" name="test_login_with_invalid_credentials" time="1.270" /><testcase classname="tests.test_sites_funnels_phase5.TestTemplatesAPI" name="test_seed_templates" time="15.961" /><testcase classname="tests.test_sites_funnels_phase5.TestTemplatesAPI" name="test_list_templates_without_tenant" time="4.560" /><testcase classname="tests.test_sites_funnels_phase5.TestTemplatesAPI" name="test_list_templates_with_category_filter" time="4.470" /><testcase classname="tests.test_sites_funnels_phase5.TestTemplatesAPI" name="test_list_templates_with_industry_filter" time="4.514" /><testcase classname="tests.test_sites_funnels_phase5.TestSitesAPINoTenant" name="test_list_sites_without_tenant_returns_error" time="3.779" /><testcase classname="tests.test_sites_funnels_phase5.TestSitesAPINoTenant" name="test_get_site_without_tenant_returns_error" time="3.869" /><testcase classname="tests.test_sites_funnels_phase5.TestSitesAPINoTenant" name="test_create_site_without_tenant_returns_error" time="3.765" /><testcase classname="tests.test_sites_funnels_phase5.TestFunnelsAPINoTenant" name="test_list_funnels_without_tenant_returns_error" time="3.787" /><testcase classname="tests.test_sites_funnels_phase5.TestFunnelsAPINoTenant" name="test_create_funnel_without_tenant_returns_error" time="3.780" /><testcase classname="tests.test_sites_funnels_phase5.TestAIContentAPINoTenant" name="test_ai_content_history_without_tenant_returns_error" time="4.213" /><testcase classname="tests.test_sites_funnels_phase5.TestDomainsAPINoTenant" name="test_domains_list_without_tenant_returns_error" time="4.560" /><testcase classname="tests.test_sites_funnels_phase5.TestAnalyticsAPINoTenant" name="test_analytics_site_without_tenant_returns_error" time="3.945" /><testcase classname="tests.test_sites_funnels_phase5.TestUnauthorizedAccess" name="test_templates_without_auth_returns_401" time="0.248" /><testcase classname="tests.test_sites_funnels_phase5.TestUnauthorizedAccess" name="test_sites_without_auth_returns_401" time="0.091" /><testcase classname="tests.test_sites_funnels_phase5.TestUnauthorizedAccess" name="test_funnels_without_auth_returns_401" time="0.092" /><testcase classname="tests.test_sites_funnels_phase5.TestUnauthorizedAccess" name="test_ai_content_without_auth_returns_401" time="0.099" /><testcase classname="tests.test_sites_funnels_phase5.TestUnauthorizedAccess" name="test_domains_without_auth_returns_401" time="0.092" /><testcase classname="tests.test_sites_funnels_phase5.TestUnauthorizedAccess" name="test_analytics_without_auth_returns_401" time="0.087" /><testcase classname="tests.test_sites_funnels_phase5.TestUnauthorizedAccess" name="test_seed_without_auth_returns_401" time="13.754" /></testsuite></testsuites>