<?xml version="1.0" encoding="utf-8"?><testsuites name="pytest tests"><testsuite name="pytest" errors="0" failures="0" skipped="0" tests="27" time="41.073" timestamp="2026-01-06T00:41:11.684801+00:00" hostname="agent-env-130faac0-c74f-4973-bafd-af1d63bc31f7"><testcase classname="tests.test_sites_funnels_suite_s2s5.TestSuiteOverviewAPI" name="test_get_suite_overview_returns_success" time="0.174" /><testcase classname="tests.test_sites_funnels_suite_s2s5.TestSuiteOverviewAPI" name="test_get_suite_overview_returns_suite_name" time="0.101" /><testcase classname="tests.test_sites_funnels_suite_s2s5.TestSuiteOverviewAPI" name="test_get_suite_overview_returns_version" time="0.097" /><testcase classname="tests.test_sites_funnels_suite_s2s5.TestSuiteOverviewAPI" name="test_get_suite_overview_returns_demo_status" time="0.092" /><testcase classname="tests.test_sites_funnels_suite_s2s5.TestSuiteOverviewAPI" name="test_get_suite_overview_returns_config" time="0.091" /><testcase classname="tests.test_sites_funnels_suite_s2s5.TestSuiteOverviewAPI" name="test_get_suite_overview_returns_stats" time="0.097" /><testcase classname="tests.test_sites_funnels_suite_s2s5.TestSuiteOverviewAPI" name="test_get_suite_overview_returns_demo_info" time="0.103" /><testcase classname="tests.test_sites_funnels_suite_s2s5.TestSuiteOverviewAPI" name="test_get_suite_overview_returns_quick_links" time="0.091" /><testcase classname="tests.test_sites_funnels_suite_s2s5.TestSuiteOverviewAPI" name="test_get_suite_overview_returns_session_info" time="0.095" /><testcase classname="tests.test_sites_funnels_suite_s2s5.TestSuiteOverviewAPI" name="test_get_suite_overview_capabilities_structure" time="0.099" /><testcase classname="tests.test_sites_funnels_suite_s2s5.TestSuitePostActions" name="test_post_get_config_requires_auth" time="2.630" /><testcase classname="tests.test_sites_funnels_suite_s2s5.TestSuitePostActions" name="test_post_get_config_with_auth" time="4.103" /><testcase classname="tests.test_sites_funnels_suite_s2s5.TestSuitePostActions" name="test_post_get_capabilities_requires_auth" time="2.544" /><testcase classname="tests.test_sites_funnels_suite_s2s5.TestSuitePostActions" name="test_post_get_capabilities_with_auth" time="4.120" /><testcase classname="tests.test_sites_funnels_suite_s2s5.TestSuitePostActions" name="test_post_invalid_action_returns_400" time="4.188" /><testcase classname="tests.test_sites_funnels_suite_s2s5.TestExistingTemplatesAPI" name="test_templates_requires_auth" time="2.554" /><testcase classname="tests.test_sites_funnels_suite_s2s5.TestExistingTemplatesAPI" name="test_templates_with_auth" time="4.813" /><testcase classname="tests.test_sites_funnels_suite_s2s5.TestExistingFunnelsAPI" name="test_funnels_list_requires_auth" time="2.579" /><testcase classname="tests.test_sites_funnels_suite_s2s5.TestExistingFunnelsAPI" name="test_funnels_list_with_auth_no_tenant" time="4.718" /><testcase classname="tests.test_sites_funnels_suite_s2s5.TestExistingSitesAPI" name="test_sites_list_requires_auth" time="2.531" /><testcase classname="tests.test_sites_funnels_suite_s2s5.TestExistingSitesAPI" name="test_sites_list_with_auth_no_tenant" time="4.601" /><testcase classname="tests.test_sites_funnels_suite_s2s5.TestCapabilityCoverage" name="test_core_sites_coverage" time="0.101" /><testcase classname="tests.test_sites_funnels_suite_s2s5.TestCapabilityCoverage" name="test_funnels_coverage" time="0.090" /><testcase classname="tests.test_sites_funnels_suite_s2s5.TestCapabilityCoverage" name="test_domains_coverage" time="0.093" /><testcase classname="tests.test_sites_funnels_suite_s2s5.TestCapabilityCoverage" name="test_analytics_coverage" time="0.093" /><testcase classname="tests.test_sites_funnels_suite_s2s5.TestCapabilityCoverage" name="test_ai_layer_coverage" time="0.093" /><testcase classname="tests.test_sites_funnels_suite_s2s5.TestCapabilityCoverage" name="test_governance_coverage" time="0.090" /></testsuite></testsuites>