<?xml version="1.0" encoding="utf-8"?><testsuites name="pytest tests"><testsuite name="pytest" errors="0" failures="0" skipped="0" tests="15" time="65.770" timestamp="2026-01-05T14:55:14.459714+00:00" hostname="agent-env-463530c6-c1b4-443b-b777-10f5456b1d5f"><testcase classname="tests.test_sites_funnels_phase5.TestAuthentication" name="test_login_with_valid_credentials" time="2.406" /><testcase classname="tests.test_sites_funnels_phase5.TestAuthentication" name="test_login_with_invalid_credentials" time="1.259" /><testcase classname="tests.test_sites_funnels_phase5.TestTemplatesAPI" name="test_seed_templates" time="15.927" /><testcase classname="tests.test_sites_funnels_phase5.TestTemplatesAPI" name="test_list_templates_without_tenant" time="4.525" /><testcase classname="tests.test_sites_funnels_phase5.TestTemplatesAPI" name="test_list_templates_with_category_filter" time="4.518" /><testcase classname="tests.test_sites_funnels_phase5.TestTemplatesAPI" name="test_list_templates_with_industry_filter" time="4.523" /><testcase classname="tests.test_sites_funnels_phase5.TestSitesAPINoTenant" name="test_list_sites_without_tenant_returns_error" time="3.687" /><testcase classname="tests.test_sites_funnels_phase5.TestSitesAPINoTenant" name="test_get_site_without_tenant_returns_error" time="3.685" /><testcase classname="tests.test_sites_funnels_phase5.TestSitesAPINoTenant" name="test_create_site_without_tenant_returns_error" time="3.720" /><testcase classname="tests.test_sites_funnels_phase5.TestFunnelsAPINoTenant" name="test_list_funnels_without_tenant_returns_error" time="4.013" /><testcase classname="tests.test_sites_funnels_phase5.TestFunnelsAPINoTenant" name="test_create_funnel_without_tenant_returns_error" time="3.702" /><testcase classname="tests.test_sites_funnels_phase5.TestUnauthorizedAccess" name="test_templates_without_auth_returns_401" time="0.082" /><testcase classname="tests.test_sites_funnels_phase5.TestUnauthorizedAccess" name="test_sites_without_auth_returns_401" time="0.076" /><testcase classname="tests.test_sites_funnels_phase5.TestUnauthorizedAccess" name="test_funnels_without_auth_returns_401" time="0.067" /><testcase classname="tests.test_sites_funnels_phase5.TestUnauthorizedAccess" name="test_seed_without_auth_returns_401" time="13.451" /></testsuite></testsuites>