<?xml version="1.0" encoding="utf-8"?><testsuites name="pytest tests"><testsuite name="pytest" errors="0" failures="0" skipped="0" tests="43" time="181.401" timestamp="2026-01-02T09:25:00.800354+00:00" hostname="agent-env-c4e6a5b9-f83b-4d0b-9120-48454952e240"><testcase classname="tests.test_svm_cart_orders_phase_b.TestCartCreateWithSession" name="test_create_cart_with_session_add_item" time="3.811" /><testcase classname="tests.test_svm_cart_orders_phase_b.TestCartCreateWithSession" name="test_create_cart_with_customer_id" time="3.623" /><testcase classname="tests.test_svm_cart_orders_phase_b.TestCartAddItems" name="test_add_item_to_cart" time="3.613" /><testcase classname="tests.test_svm_cart_orders_phase_b.TestCartAddItems" name="test_add_item_with_variant" time="3.618" /><testcase classname="tests.test_svm_cart_orders_phase_b.TestCartAddItems" name="test_add_same_item_increases_quantity" time="6.712" /><testcase classname="tests.test_svm_cart_orders_phase_b.TestCartAddItems" name="test_add_item_missing_required_fields" time="1.429" /><testcase classname="tests.test_svm_cart_orders_phase_b.TestCartUpdateQuantity" name="test_update_item_quantity" time="6.528" /><testcase classname="tests.test_svm_cart_orders_phase_b.TestCartUpdateQuantity" name="test_update_quantity_to_zero_removes_item" time="6.630" /><testcase classname="tests.test_svm_cart_orders_phase_b.TestCartUpdateQuantity" name="test_update_nonexistent_item" time="4.848" /><testcase classname="tests.test_svm_cart_orders_phase_b.TestCartRemoveItems" name="test_remove_item_from_cart" time="9.112" /><testcase classname="tests.test_svm_cart_orders_phase_b.TestCartSetShipping" name="test_set_shipping_info" time="6.045" /><testcase classname="tests.test_svm_cart_orders_phase_b.TestCartSetEmail" name="test_set_email_on_cart" time="6.044" /><testcase classname="tests.test_svm_cart_orders_phase_b.TestCartApplyPromo" name="test_apply_invalid_promo_code" time="5.017" /><testcase classname="tests.test_svm_cart_orders_phase_b.TestCartApplyPromo" name="test_apply_promo_missing_code" time="0.736" /><testcase classname="tests.test_svm_cart_orders_phase_b.TestCartClearDelete" name="test_clear_cart" time="5.142" /><testcase classname="tests.test_svm_cart_orders_phase_b.TestCartClearDelete" name="test_mark_cart_abandoned" time="4.688" /><testcase classname="tests.test_svm_cart_orders_phase_b.TestCartRecovery" name="test_get_cart_by_session_id" time="4.456" /><testcase classname="tests.test_svm_cart_orders_phase_b.TestCartRecovery" name="test_get_empty_cart_returns_empty_structure" time="0.539" /><testcase classname="tests.test_svm_cart_orders_phase_b.TestOrderCreateFromCart" name="test_create_order_from_cart" time="8.785" /><testcase classname="tests.test_svm_cart_orders_phase_b.TestOrderCreateWithDirectItems" name="test_create_order_with_direct_items" time="1.139" /><testcase classname="tests.test_svm_cart_orders_phase_b.TestOrderCreateWithDirectItems" name="test_create_order_missing_email" time="0.048" /><testcase classname="tests.test_svm_cart_orders_phase_b.TestOrderCreateWithDirectItems" name="test_create_order_missing_shipping_address" time="0.040" /><testcase classname="tests.test_svm_cart_orders_phase_b.TestOrderGetById" name="test_get_order_by_id" time="1.887" /><testcase classname="tests.test_svm_cart_orders_phase_b.TestOrderGetById" name="test_get_order_not_found" time="0.547" /><testcase classname="tests.test_svm_cart_orders_phase_b.TestOrderGetById" name="test_get_order_wrong_tenant" time="1.880" /><testcase classname="tests.test_svm_cart_orders_phase_b.TestOrderListWithFilters" name="test_list_orders_by_tenant" time="1.242" /><testcase classname="tests.test_svm_cart_orders_phase_b.TestOrderListWithFilters" name="test_list_orders_with_status_filter" time="1.245" /><testcase classname="tests.test_svm_cart_orders_phase_b.TestOrderListWithFilters" name="test_list_orders_with_pagination" time="1.245" /><testcase classname="tests.test_svm_cart_orders_phase_b.TestOrderStatusTransitions" name="test_order_status_pending_to_confirmed" time="2.584" /><testcase classname="tests.test_svm_cart_orders_phase_b.TestOrderStatusTransitions" name="test_order_status_confirmed_to_processing" time="4.122" /><testcase classname="tests.test_svm_cart_orders_phase_b.TestOrderStatusTransitions" name="test_order_status_processing_to_shipped" time="5.823" /><testcase classname="tests.test_svm_cart_orders_phase_b.TestOrderStatusTransitions" name="test_order_status_shipped_to_delivered" time="6.944" /><testcase classname="tests.test_svm_cart_orders_phase_b.TestOrderStatusTransitions" name="test_invalid_status_transition" time="1.799" /><testcase classname="tests.test_svm_cart_orders_phase_b.TestOrderPaymentStatus" name="test_payment_status_pending_to_captured" time="2.602" /><testcase classname="tests.test_svm_cart_orders_phase_b.TestOrderPaymentStatus" name="test_payment_status_pending_to_authorized" time="2.587" /><testcase classname="tests.test_svm_cart_orders_phase_b.TestOrderFulfillmentStatus" name="test_fulfillment_status_unfulfilled_to_fulfilled" time="2.583" /><testcase classname="tests.test_svm_cart_orders_phase_b.TestOrderFulfillmentStatus" name="test_fulfillment_status_partially_fulfilled" time="2.601" /><testcase classname="tests.test_svm_cart_orders_phase_b.TestOrderTrackingInfo" name="test_add_tracking_info" time="2.582" /><testcase classname="tests.test_svm_cart_orders_phase_b.TestOrderCancel" name="test_cancel_pending_order" time="2.281" /><testcase classname="tests.test_svm_cart_orders_phase_b.TestOrderCancel" name="test_cancel_confirmed_order" time="3.638" /><testcase classname="tests.test_svm_cart_orders_phase_b.TestOrderCancel" name="test_cannot_cancel_delivered_order" time="7.451" /><testcase classname="tests.test_svm_cart_orders_phase_b.TestCartConvertedOnOrderCreate" name="test_cart_marked_converted_after_order" time="9.124" /><testcase classname="tests.test_svm_cart_orders_phase_b.TestFullOrderLifecycle" name="test_complete_order_flow" time="23.843" /></testsuite></testsuites>