<?xml version="1.0" encoding="utf-8"?><testsuites name="pytest tests"><testsuite name="pytest" errors="0" failures="9" skipped="0" tests="44" time="4.459" timestamp="2026-01-01T19:44:43.421944+00:00" hostname="agent-env-3fd4407d-d457-4cae-81ec-c40f8fb80c08"><testcase classname="tests.test_svm_shipping.TestShippingZonesListing" name="test_list_zones_success" time="0.102" /><testcase classname="tests.test_svm_shipping.TestShippingZonesListing" name="test_list_zones_missing_tenant_id" time="0.091"><failure message="AssertionError: assert 'tenantId' in 'tenantid is required'&#10; +  where 'tenantid is required' = &lt;built-in method lower of str object at 0xf89e67735020&gt;()&#10; +    where &lt;built-in method lower of str object at 0xf89e67735020&gt; = 'tenantId is required'.lower">tests/test_svm_shipping.py:81: in test_list_zones_missing_tenant_id
    assert "tenantId" in data["error"].lower()
E   AssertionError: assert 'tenantId' in 'tenantid is required'
E    +  where 'tenantid is required' = &lt;built-in method lower of str object at 0xf89e67735020&gt;()
E    +    where &lt;built-in method lower of str object at 0xf89e67735020&gt; = 'tenantId is required'.lower</failure></testcase><testcase classname="tests.test_svm_shipping.TestShippingZonesListing" name="test_list_zones_verify_us_rates" time="0.052" /><testcase classname="tests.test_svm_shipping.TestShippingZonesListing" name="test_list_zones_verify_canada_rates" time="0.050" /><testcase classname="tests.test_svm_shipping.TestShippingZonesListing" name="test_list_zones_verify_international_rates" time="0.042" /><testcase classname="tests.test_svm_shipping.TestShippingCalculation" name="test_calculate_shipping_us_destination" time="0.045" /><testcase classname="tests.test_svm_shipping.TestShippingCalculation" name="test_calculate_shipping_us_free_shipping_threshold" time="0.044" /><testcase classname="tests.test_svm_shipping.TestShippingCalculation" name="test_calculate_shipping_us_below_free_threshold" time="0.043" /><testcase classname="tests.test_svm_shipping.TestShippingCalculation" name="test_calculate_shipping_canada_destination" time="0.041" /><testcase classname="tests.test_svm_shipping.TestShippingCalculation" name="test_calculate_shipping_canada_free_shipping" time="0.045" /><testcase classname="tests.test_svm_shipping.TestShippingCalculation" name="test_calculate_shipping_international_fallback" time="0.040" /><testcase classname="tests.test_svm_shipping.TestShippingCalculation" name="test_calculate_shipping_cheapest_option" time="0.040" /><testcase classname="tests.test_svm_shipping.TestShippingCalculation" name="test_calculate_shipping_fastest_option" time="0.039" /><testcase classname="tests.test_svm_shipping.TestShippingCalculation" name="test_calculate_shipping_delivery_estimates" time="0.044" /><testcase classname="tests.test_svm_shipping.TestShippingCalculation" name="test_calculate_shipping_with_weight" time="0.039" /><testcase classname="tests.test_svm_shipping.TestShippingCalculation" name="test_calculate_shipping_missing_tenant_id" time="0.086"><failure message="AssertionError: assert 'tenantId' in 'tenantid is required'&#10; +  where 'tenantid is required' = &lt;built-in method lower of str object at 0xf89e677394d0&gt;()&#10; +    where &lt;built-in method lower of str object at 0xf89e677394d0&gt; = 'tenantId is required'.lower">tests/test_svm_shipping.py:406: in test_calculate_shipping_missing_tenant_id
    assert "tenantId" in data["error"].lower()
E   AssertionError: assert 'tenantId' in 'tenantid is required'
E    +  where 'tenantid is required' = &lt;built-in method lower of str object at 0xf89e677394d0&gt;()
E    +    where &lt;built-in method lower of str object at 0xf89e677394d0&gt; = 'tenantId is required'.lower</failure></testcase><testcase classname="tests.test_svm_shipping.TestShippingCalculation" name="test_calculate_shipping_missing_destination" time="0.038" /><testcase classname="tests.test_svm_shipping.TestShippingCalculation" name="test_calculate_shipping_missing_items" time="0.044" /><testcase classname="tests.test_svm_shipping.TestShippingCalculation" name="test_calculate_shipping_empty_items" time="0.040" /><testcase classname="tests.test_svm_shipping.TestShippingCalculation" name="test_calculate_shipping_missing_subtotal" time="0.041" /><testcase classname="tests.test_svm_shipping.TestShippingZoneCreation" name="test_create_zone_success" time="0.438" /><testcase classname="tests.test_svm_shipping.TestShippingZoneCreation" name="test_create_zone_missing_tenant_id" time="0.046" /><testcase classname="tests.test_svm_shipping.TestShippingZoneCreation" name="test_create_zone_missing_name" time="0.039" /><testcase classname="tests.test_svm_shipping.TestShippingZoneCreation" name="test_create_zone_with_city_matching" time="0.038" /><testcase classname="tests.test_svm_shipping.TestShippingZoneCreation" name="test_create_zone_with_postal_codes" time="0.041" /><testcase classname="tests.test_svm_shipping.TestShippingZoneUpdate" name="test_update_zone_properties" time="0.516"><failure message="assert 404 == 200&#10; +  where 404 = &lt;Response [404]&gt;.status_code">tests/test_svm_shipping.py:632: in test_update_zone_properties
    assert response.status_code == 200
E   assert 404 == 200
E    +  where 404 = &lt;Response [404]&gt;.status_code</failure></testcase><testcase classname="tests.test_svm_shipping.TestShippingZoneUpdate" name="test_add_rate_to_zone" time="0.113"><failure message="assert 404 == 200&#10; +  where 404 = &lt;Response [404]&gt;.status_code">tests/test_svm_shipping.py:659: in test_add_rate_to_zone
    assert response.status_code == 200
E   assert 404 == 200
E    +  where 404 = &lt;Response [404]&gt;.status_code</failure></testcase><testcase classname="tests.test_svm_shipping.TestShippingZoneUpdate" name="test_update_rate_in_zone" time="0.166"><failure message="assert 404 == 200&#10; +  where 404 = &lt;Response [404]&gt;.status_code">tests/test_svm_shipping.py:687: in test_update_rate_in_zone
    assert response.status_code == 200
E   assert 404 == 200
E    +  where 404 = &lt;Response [404]&gt;.status_code</failure></testcase><testcase classname="tests.test_svm_shipping.TestShippingZoneUpdate" name="test_delete_rate_from_zone" time="0.194"><failure message="assert 404 == 200&#10; +  where 404 = &lt;Response [404]&gt;.status_code">tests/test_svm_shipping.py:707: in test_delete_rate_from_zone
    assert response.status_code == 200
E   assert 404 == 200
E    +  where 404 = &lt;Response [404]&gt;.status_code</failure></testcase><testcase classname="tests.test_svm_shipping.TestShippingZoneUpdate" name="test_update_zone_not_found" time="0.051" /><testcase classname="tests.test_svm_shipping.TestShippingZoneUpdate" name="test_add_rate_missing_required_fields" time="0.182"><failure message="assert 404 == 400&#10; +  where 404 = &lt;Response [404]&gt;.status_code">tests/test_svm_shipping.py:741: in test_add_rate_missing_required_fields
    assert response.status_code == 400
E   assert 404 == 400
E    +  where 404 = &lt;Response [404]&gt;.status_code</failure></testcase><testcase classname="tests.test_svm_shipping.TestShippingZoneGetAndDelete" name="test_get_zone_by_id" time="0.231"><failure message="assert 404 == 200&#10; +  where 404 = &lt;Response [404]&gt;.status_code">tests/test_svm_shipping.py:778: in test_get_zone_by_id
    assert response.status_code == 200
E   assert 404 == 200
E    +  where 404 = &lt;Response [404]&gt;.status_code</failure></testcase><testcase classname="tests.test_svm_shipping.TestShippingZoneGetAndDelete" name="test_get_zone_not_found" time="0.050" /><testcase classname="tests.test_svm_shipping.TestShippingZoneGetAndDelete" name="test_get_zone_missing_tenant_id" time="0.174" /><testcase classname="tests.test_svm_shipping.TestShippingZoneGetAndDelete" name="test_delete_zone" time="0.206"><failure message="assert 404 == 200&#10; +  where 404 = &lt;Response [404]&gt;.status_code">tests/test_svm_shipping.py:815: in test_delete_zone
    assert response.status_code == 200
E   assert 404 == 200
E    +  where 404 = &lt;Response [404]&gt;.status_code</failure></testcase><testcase classname="tests.test_svm_shipping.TestShippingZoneGetAndDelete" name="test_delete_zone_not_found" time="0.126" /><testcase classname="tests.test_svm_shipping.TestZoneMatchingPriority" name="test_country_zone_priority_over_default" time="0.082" /><testcase classname="tests.test_svm_shipping.TestZoneMatchingPriority" name="test_default_zone_fallback" time="0.091" /><testcase classname="tests.test_svm_shipping.TestZoneMatchingPriority" name="test_case_insensitive_country_matching" time="0.090" /><testcase classname="tests.test_svm_shipping.TestMultipleShippingRates" name="test_us_zone_has_three_rates" time="0.102" /><testcase classname="tests.test_svm_shipping.TestMultipleShippingRates" name="test_rates_sorted_by_priority" time="0.046" /><testcase classname="tests.test_svm_shipping.TestFreeShippingThresholds" name="test_us_express_free_above_100" time="0.047" /><testcase classname="tests.test_svm_shipping.TestFreeShippingThresholds" name="test_overnight_no_free_shipping" time="0.038" /><testcase classname="tests.test_svm_shipping.TestFreeShippingThresholds" name="test_amount_to_free_shipping_calculation" time="0.039" /></testsuite></testsuites>