<?xml version="1.0" encoding="utf-8"?><testsuites name="pytest tests"><testsuite name="pytest" errors="0" failures="0" skipped="0" tests="28" time="11.182" timestamp="2026-01-02T00:30:56.030927+00:00" hostname="agent-env-ca071755-deb8-4b88-be94-b54094ac0fd4"><testcase classname="tests.test_svm_phase7_9.TestEntitlementsAPI" name="test_get_entitlements_success" time="0.690" /><testcase classname="tests.test_svm_phase7_9.TestEntitlementsAPI" name="test_get_entitlements_missing_tenant_id" time="0.075" /><testcase classname="tests.test_svm_phase7_9.TestEntitlementsAPI" name="test_get_entitlements_default_limits" time="0.574" /><testcase classname="tests.test_svm_phase7_9.TestEntitlementsAPI" name="test_get_entitlements_expires_at_field" time="0.565" /><testcase classname="tests.test_svm_phase7_9.TestEventTypesValidation" name="test_event_count_at_least_25" time="0.000" /><testcase classname="tests.test_svm_phase7_9.TestEventTypesValidation" name="test_all_events_have_svm_prefix" time="0.000" /><testcase classname="tests.test_svm_phase7_9.TestEventTypesValidation" name="test_order_lifecycle_events" time="0.000" /><testcase classname="tests.test_svm_phase7_9.TestEventTypesValidation" name="test_cart_events" time="0.000" /><testcase classname="tests.test_svm_phase7_9.TestEventTypesValidation" name="test_promotion_events" time="0.000" /><testcase classname="tests.test_svm_phase7_9.TestEventTypesValidation" name="test_review_events" time="0.000" /><testcase classname="tests.test_svm_phase7_9.TestIdempotencyKeyGeneration" name="test_idempotency_key_deterministic" time="0.000" /><testcase classname="tests.test_svm_phase7_9.TestIdempotencyKeyGeneration" name="test_idempotency_key_format" time="0.000" /><testcase classname="tests.test_svm_phase7_9.TestIdempotencyKeyGeneration" name="test_unique_idempotency_key_different" time="0.001" /><testcase classname="tests.test_svm_phase7_9.TestEntitlementFeatureChecks" name="test_feature_check_allowed" time="0.581" /><testcase classname="tests.test_svm_phase7_9.TestEntitlementFeatureChecks" name="test_feature_check_denied" time="0.591" /><testcase classname="tests.test_svm_phase7_9.TestEntitlementFeatureChecks" name="test_multiple_features_check" time="0.566" /><testcase classname="tests.test_svm_phase7_9.TestEntitlementLimitChecks" name="test_limit_check_within_limit" time="0.571" /><testcase classname="tests.test_svm_phase7_9.TestEntitlementLimitChecks" name="test_limit_check_at_limit" time="0.610" /><testcase classname="tests.test_svm_phase7_9.TestEntitlementLimitChecks" name="test_limit_check_over_limit" time="0.566" /><testcase classname="tests.test_svm_phase7_9.TestEntitlementLimitChecks" name="test_limit_remaining_calculation" time="0.597" /><testcase classname="tests.test_svm_phase7_9.TestArchitecturalIsolation" name="test_no_billing_logic" time="0.563" /><testcase classname="tests.test_svm_phase7_9.TestArchitecturalIsolation" name="test_no_vendor_logic" time="0.565" /><testcase classname="tests.test_svm_phase7_9.TestArchitecturalIsolation" name="test_no_payout_logic" time="0.571" /><testcase classname="tests.test_svm_phase7_9.TestArchitecturalIsolation" name="test_module_scoped_events" time="0.000" /><testcase classname="tests.test_svm_phase7_9.TestEntitlementsCaching" name="test_entitlements_response_time" time="0.559" /><testcase classname="tests.test_svm_phase7_9.TestEntitlementsCaching" name="test_entitlements_consistent_response" time="1.138" /><testcase classname="tests.test_svm_phase7_9.TestDifferentTenants" name="test_different_tenant_ids" time="1.119" /><testcase classname="tests.test_svm_phase7_9.TestDifferentTenants" name="test_acme_tenant_entitlements" time="0.581" /></testsuite></testsuites>