<?xml version="1.0" encoding="utf-8"?><testsuites name="pytest tests"><testsuite name="pytest" errors="0" failures="0" skipped="0" tests="19" time="28.054" timestamp="2026-01-06T14:15:58.923351+00:00" hostname="agent-env-f7d4f9d8-6212-4779-89a3-97a446af3605"><testcase classname="tests.test_svm_s6_verification.TestSVMCapabilityGuard" name="test_checkout_without_tenant_id_returns_400" time="0.118" /><testcase classname="tests.test_svm_s6_verification.TestSVMCapabilityGuard" name="test_checkout_with_unauthorized_tenant_returns_403" time="0.575" /><testcase classname="tests.test_svm_s6_verification.TestSVMCapabilityGuard" name="test_shipping_without_tenant_id_returns_400" time="0.079" /><testcase classname="tests.test_svm_s6_verification.TestSVMCapabilityGuard" name="test_payments_without_tenant_id_returns_400" time="0.140" /><testcase classname="tests.test_svm_s6_verification.TestSVMCapabilityGuard" name="test_orders_without_tenant_id_returns_400" time="0.128" /><testcase classname="tests.test_svm_s6_verification.TestSVMShippingAPI" name="test_get_nigerian_states_structure" time="0.606" /><testcase classname="tests.test_svm_s6_verification.TestSVMShippingAPI" name="test_shipping_quote_for_lagos" time="10.881" /><testcase classname="tests.test_svm_s6_verification.TestSVMShippingAPI" name="test_invalid_state_returns_error" time="0.597" /><testcase classname="tests.test_svm_s6_verification.TestSVMPaymentsAPI" name="test_get_payment_methods_list" time="1.071" /><testcase classname="tests.test_svm_s6_verification.TestSVMPaymentsAPI" name="test_pod_config" time="1.099" /><testcase classname="tests.test_svm_s6_verification.TestSVMPaymentsAPI" name="test_payment_availability_check" time="4.499" /><testcase classname="tests.test_svm_s6_verification.TestSVMPaymentsAPI" name="test_pod_excluded_states" time="2.654" /><testcase classname="tests.test_svm_s6_verification.TestSVMCheckoutAPI" name="test_checkout_summary_with_vat" time="1.083" /><testcase classname="tests.test_svm_s6_verification.TestSVMCheckoutAPI" name="test_checkout_validation" time="0.581" /><testcase classname="tests.test_svm_s6_verification.TestSVMOrdersAPI" name="test_orders_list_requires_tenant" time="1.710" /><testcase classname="tests.test_svm_s6_verification.TestSVMOrdersAPI" name="test_orders_post_redirects_to_checkout" time="0.140" /><testcase classname="tests.test_svm_s6_verification.TestNigeriaFirstFeatures" name="test_currency_is_ngn" time="0.882" /><testcase classname="tests.test_svm_s6_verification.TestNigeriaFirstFeatures" name="test_vat_rate_is_7_5_percent" time="0.574" /><testcase classname="tests.test_svm_s6_verification.TestNigeriaFirstFeatures" name="test_naira_symbol_in_formatted_amounts" time="0.581" /></testsuite></testsuites>