<?xml version="1.0" encoding="utf-8"?><testsuites name="pytest tests"><testsuite name="pytest" errors="0" failures="0" skipped="0" tests="54" time="12.561" timestamp="2026-01-01T19:32:55.543156+00:00" hostname="agent-env-3fd4407d-d457-4cae-81ec-c40f8fb80c08"><testcase classname="tests.test_svm_module.TestProductsAPI" name="test_list_products_success" time="0.135" /><testcase classname="tests.test_svm_module.TestProductsAPI" name="test_list_products_missing_tenant_id" time="0.081" /><testcase classname="tests.test_svm_module.TestProductsAPI" name="test_list_products_with_filters" time="0.042" /><testcase classname="tests.test_svm_module.TestProductsAPI" name="test_get_product_by_id_not_found" time="0.059" /><testcase classname="tests.test_svm_module.TestProductsAPI" name="test_get_product_missing_tenant_id" time="0.093" /><testcase classname="tests.test_svm_module.TestCartAPI" name="test_get_empty_cart" time="0.041" /><testcase classname="tests.test_svm_module.TestCartAPI" name="test_get_cart_missing_tenant_id" time="0.050" /><testcase classname="tests.test_svm_module.TestCartAPI" name="test_get_cart_missing_identifier" time="0.150" /><testcase classname="tests.test_svm_module.TestCartAPI" name="test_add_item_to_cart" time="0.054" /><testcase classname="tests.test_svm_module.TestCartAPI" name="test_add_item_with_variant" time="0.079" /><testcase classname="tests.test_svm_module.TestCartAPI" name="test_add_item_missing_required_fields" time="0.039" /><testcase classname="tests.test_svm_module.TestCartAPI" name="test_update_item_quantity" time="0.082" /><testcase classname="tests.test_svm_module.TestCartAPI" name="test_update_quantity_to_zero_removes_item" time="0.083" /><testcase classname="tests.test_svm_module.TestCartAPI" name="test_remove_item_from_cart" time="0.089" /><testcase classname="tests.test_svm_module.TestCartAPI" name="test_apply_promo_code" time="0.074" /><testcase classname="tests.test_svm_module.TestCartAPI" name="test_remove_promo_code" time="0.036" /><testcase classname="tests.test_svm_module.TestCartAPI" name="test_invalid_cart_action" time="0.042" /><testcase classname="tests.test_svm_module.TestCartAPI" name="test_clear_cart_with_query_params" time="0.081" /><testcase classname="tests.test_svm_module.TestCartAPI" name="test_clear_cart_with_json_body" time="0.079" /><testcase classname="tests.test_svm_module.TestOrdersAPI" name="test_create_order_success" time="0.037" /><testcase classname="tests.test_svm_module.TestOrdersAPI" name="test_create_order_with_guest_email" time="0.041" /><testcase classname="tests.test_svm_module.TestOrdersAPI" name="test_create_order_missing_tenant_id" time="0.038" /><testcase classname="tests.test_svm_module.TestOrdersAPI" name="test_create_order_missing_customer_identifier" time="0.050" /><testcase classname="tests.test_svm_module.TestOrdersAPI" name="test_create_order_empty_items" time="0.038" /><testcase classname="tests.test_svm_module.TestOrdersAPI" name="test_create_order_invalid_item" time="0.037" /><testcase classname="tests.test_svm_module.TestOrdersAPI" name="test_list_orders_success" time="0.095" /><testcase classname="tests.test_svm_module.TestOrdersAPI" name="test_list_orders_missing_tenant_id" time="0.037" /><testcase classname="tests.test_svm_module.TestOrdersAPI" name="test_list_orders_with_filters" time="0.077" /><testcase classname="tests.test_svm_module.TestOrdersAPI" name="test_get_order_not_found" time="0.091" /><testcase classname="tests.test_svm_module.TestOrdersAPI" name="test_update_order_place" time="0.059" /><testcase classname="tests.test_svm_module.TestOrdersAPI" name="test_update_order_mark_paid" time="0.141" /><testcase classname="tests.test_svm_module.TestOrdersAPI" name="test_update_order_start_processing" time="0.057" /><testcase classname="tests.test_svm_module.TestOrdersAPI" name="test_update_order_mark_shipped" time="0.109" /><testcase classname="tests.test_svm_module.TestOrdersAPI" name="test_update_order_mark_delivered" time="0.083" /><testcase classname="tests.test_svm_module.TestOrdersAPI" name="test_update_order_mark_fulfilled" time="0.092" /><testcase classname="tests.test_svm_module.TestOrdersAPI" name="test_update_order_mark_refunded" time="0.094" /><testcase classname="tests.test_svm_module.TestOrdersAPI" name="test_update_order_invalid_action" time="0.079" /><testcase classname="tests.test_svm_module.TestOrdersAPI" name="test_update_order_missing_fields" time="0.117" /><testcase classname="tests.test_svm_module.TestOrdersAPI" name="test_cancel_order_with_query_params" time="0.079" /><testcase classname="tests.test_svm_module.TestOrdersAPI" name="test_cancel_order_with_json_body" time="0.099" /><testcase classname="tests.test_svm_module.TestOrdersAPI" name="test_cancel_order_system" time="0.049" /><testcase classname="tests.test_svm_module.TestOrdersAPI" name="test_cancel_order_invalid_cancelled_by" time="0.091" /><testcase classname="tests.test_svm_module.TestOrdersAPI" name="test_cancel_order_missing_fields" time="0.089" /><testcase classname="tests.test_svm_module.TestEntitlementsAPI" name="test_get_entitlements_success" time="0.697" /><testcase classname="tests.test_svm_module.TestEntitlementsAPI" name="test_get_entitlements_missing_tenant_id" time="0.039" /><testcase classname="tests.test_svm_module.TestEventsAPI" name="test_process_order_placed_event" time="1.525" /><testcase classname="tests.test_svm_module.TestEventsAPI" name="test_process_payment_requested_event" time="1.522" /><testcase classname="tests.test_svm_module.TestEventsAPI" name="test_process_order_cancelled_event" time="1.517" /><testcase classname="tests.test_svm_module.TestEventsAPI" name="test_process_refund_requested_event" time="1.556" /><testcase classname="tests.test_svm_module.TestEventsAPI" name="test_process_order_shipped_event" time="1.558" /><testcase classname="tests.test_svm_module.TestEventsAPI" name="test_process_status_change_event" time="0.036" /><testcase classname="tests.test_svm_module.TestEventsAPI" name="test_process_event_invalid_structure" time="0.035" /><testcase classname="tests.test_svm_module.TestEventsAPI" name="test_process_unknown_event_type" time="0.036" /><testcase classname="tests.test_svm_module.TestOrderLifecycleIntegration" name="test_full_order_lifecycle" time="0.672" /></testsuite></testsuites>