<?xml version="1.0" encoding="utf-8"?><testsuites name="pytest tests"><testsuite name="pytest" errors="0" failures="10" skipped="0" tests="54" time="15.166" timestamp="2026-01-01T19:31:01.908278+00:00" hostname="agent-env-3fd4407d-d457-4cae-81ec-c40f8fb80c08"><testcase classname="tests.test_svm_module.TestProductsAPI" name="test_list_products_success" time="0.110" /><testcase classname="tests.test_svm_module.TestProductsAPI" name="test_list_products_missing_tenant_id" time="0.045"><failure message="AssertionError: assert 'tenantId' in 'tenantid is required'&#10; +  where 'tenantid is required' = &lt;built-in method lower of str object at 0xfa661fe961f0&gt;()&#10; +    where &lt;built-in method lower of str object at 0xfa661fe961f0&gt; = 'tenantId is required'.lower">tests/test_svm_module.py:70: in test_list_products_missing_tenant_id
    assert "tenantId" in data["error"].lower()
E   AssertionError: assert 'tenantId' in 'tenantid is required'
E    +  where 'tenantid is required' = &lt;built-in method lower of str object at 0xfa661fe961f0&gt;()
E    +    where &lt;built-in method lower of str object at 0xfa661fe961f0&gt; = 'tenantId is required'.lower</failure></testcase><testcase classname="tests.test_svm_module.TestProductsAPI" name="test_list_products_with_filters" time="0.044" /><testcase classname="tests.test_svm_module.TestProductsAPI" name="test_get_product_by_id_not_found" time="0.681" /><testcase classname="tests.test_svm_module.TestProductsAPI" name="test_get_product_missing_tenant_id" time="0.070" /><testcase classname="tests.test_svm_module.TestCartAPI" name="test_get_empty_cart" time="0.324" /><testcase classname="tests.test_svm_module.TestCartAPI" name="test_get_cart_missing_tenant_id" time="0.097"><failure message="AssertionError: assert 'tenantId' in 'tenantid is required'&#10; +  where 'tenantid is required' = &lt;built-in method lower of str object at 0xfa661fe622e0&gt;()&#10; +    where &lt;built-in method lower of str object at 0xfa661fe622e0&gt; = 'tenantId is required'.lower">tests/test_svm_module.py:147: in test_get_cart_missing_tenant_id
    assert "tenantId" in data["error"].lower()
E   AssertionError: assert 'tenantId' in 'tenantid is required'
E    +  where 'tenantid is required' = &lt;built-in method lower of str object at 0xfa661fe622e0&gt;()
E    +    where &lt;built-in method lower of str object at 0xfa661fe622e0&gt; = 'tenantId is required'.lower</failure></testcase><testcase classname="tests.test_svm_module.TestCartAPI" name="test_get_cart_missing_identifier" time="0.100" /><testcase classname="tests.test_svm_module.TestCartAPI" name="test_add_item_to_cart" time="0.048" /><testcase classname="tests.test_svm_module.TestCartAPI" name="test_add_item_with_variant" time="0.039" /><testcase classname="tests.test_svm_module.TestCartAPI" name="test_add_item_missing_required_fields" time="0.039" /><testcase classname="tests.test_svm_module.TestCartAPI" name="test_update_item_quantity" time="0.074" /><testcase classname="tests.test_svm_module.TestCartAPI" name="test_update_quantity_to_zero_removes_item" time="0.079" /><testcase classname="tests.test_svm_module.TestCartAPI" name="test_remove_item_from_cart" time="0.115" /><testcase classname="tests.test_svm_module.TestCartAPI" name="test_apply_promo_code" time="0.080" /><testcase classname="tests.test_svm_module.TestCartAPI" name="test_remove_promo_code" time="0.041"><failure message="KeyError: 'promotionCode'">tests/test_svm_module.py:340: in test_remove_promo_code
    assert data["cart"]["promotionCode"] is None
           ^^^^^^^^^^^^^^^^^^^^^^^^^^^^^
E   KeyError: 'promotionCode'</failure></testcase><testcase classname="tests.test_svm_module.TestCartAPI" name="test_invalid_cart_action" time="0.041" /><testcase classname="tests.test_svm_module.TestCartAPI" name="test_clear_cart_with_query_params" time="0.073" /><testcase classname="tests.test_svm_module.TestCartAPI" name="test_clear_cart_with_json_body" time="0.095"><failure message="assert 400 == 200&#10; +  where 400 = &lt;Response [400]&gt;.status_code">tests/test_svm_module.py:401: in test_clear_cart_with_json_body
    assert response.status_code == 200
E   assert 400 == 200
E    +  where 400 = &lt;Response [400]&gt;.status_code</failure></testcase><testcase classname="tests.test_svm_module.TestOrdersAPI" name="test_create_order_success" time="0.374" /><testcase classname="tests.test_svm_module.TestOrdersAPI" name="test_create_order_with_guest_email" time="0.066" /><testcase classname="tests.test_svm_module.TestOrdersAPI" name="test_create_order_missing_tenant_id" time="0.038"><failure message="AssertionError: assert 'tenantId' in 'tenantid is required'&#10; +  where 'tenantid is required' = &lt;built-in method lower of str object at 0xfa661fd9a290&gt;()&#10; +    where &lt;built-in method lower of str object at 0xfa661fd9a290&gt; = 'tenantId is required'.lower">tests/test_svm_module.py:512: in test_create_order_missing_tenant_id
    assert "tenantId" in data["error"].lower()
E   AssertionError: assert 'tenantId' in 'tenantid is required'
E    +  where 'tenantid is required' = &lt;built-in method lower of str object at 0xfa661fd9a290&gt;()
E    +    where &lt;built-in method lower of str object at 0xfa661fd9a290&gt; = 'tenantId is required'.lower</failure></testcase><testcase classname="tests.test_svm_module.TestOrdersAPI" name="test_create_order_missing_customer_identifier" time="0.037" /><testcase classname="tests.test_svm_module.TestOrdersAPI" name="test_create_order_empty_items" time="0.038" /><testcase classname="tests.test_svm_module.TestOrdersAPI" name="test_create_order_invalid_item" time="0.092" /><testcase classname="tests.test_svm_module.TestOrdersAPI" name="test_list_orders_success" time="0.055" /><testcase classname="tests.test_svm_module.TestOrdersAPI" name="test_list_orders_missing_tenant_id" time="0.035" /><testcase classname="tests.test_svm_module.TestOrdersAPI" name="test_list_orders_with_filters" time="0.038" /><testcase classname="tests.test_svm_module.TestOrdersAPI" name="test_get_order_not_found" time="0.234" /><testcase classname="tests.test_svm_module.TestOrdersAPI" name="test_update_order_place" time="0.098" /><testcase classname="tests.test_svm_module.TestOrdersAPI" name="test_update_order_mark_paid" time="0.049" /><testcase classname="tests.test_svm_module.TestOrdersAPI" name="test_update_order_start_processing" time="0.094" /><testcase classname="tests.test_svm_module.TestOrdersAPI" name="test_update_order_mark_shipped" time="0.088" /><testcase classname="tests.test_svm_module.TestOrdersAPI" name="test_update_order_mark_delivered" time="0.094" /><testcase classname="tests.test_svm_module.TestOrdersAPI" name="test_update_order_mark_fulfilled" time="0.095" /><testcase classname="tests.test_svm_module.TestOrdersAPI" name="test_update_order_mark_refunded" time="0.100" /><testcase classname="tests.test_svm_module.TestOrdersAPI" name="test_update_order_invalid_action" time="0.096" /><testcase classname="tests.test_svm_module.TestOrdersAPI" name="test_update_order_missing_fields" time="0.081" /><testcase classname="tests.test_svm_module.TestOrdersAPI" name="test_cancel_order_with_query_params" time="0.086" /><testcase classname="tests.test_svm_module.TestOrdersAPI" name="test_cancel_order_with_json_body" time="0.052"><failure message="assert 400 == 200&#10; +  where 400 = &lt;Response [400]&gt;.status_code">tests/test_svm_module.py:740: in test_cancel_order_with_json_body
    assert response.status_code == 200
E   assert 400 == 200
E    +  where 400 = &lt;Response [400]&gt;.status_code</failure></testcase><testcase classname="tests.test_svm_module.TestOrdersAPI" name="test_cancel_order_system" time="0.049"><failure message="assert 400 == 200&#10; +  where 400 = &lt;Response [400]&gt;.status_code">tests/test_svm_module.py:755: in test_cancel_order_system
    assert response.status_code == 200
E   assert 400 == 200
E    +  where 400 = &lt;Response [400]&gt;.status_code</failure></testcase><testcase classname="tests.test_svm_module.TestOrdersAPI" name="test_cancel_order_invalid_cancelled_by" time="0.079"><failure message="AssertionError: assert ('CUSTOMER' in 'orderId, tenantId, reason, and cancelledBy are required' or 'MERCHANT' in 'orderId, tenantId, reason, and cancelledBy are required')">tests/test_svm_module.py:771: in test_cancel_order_invalid_cancelled_by
    assert "CUSTOMER" in data["error"] or "MERCHANT" in data["error"]
E   AssertionError: assert ('CUSTOMER' in 'orderId, tenantId, reason, and cancelledBy are required' or 'MERCHANT' in 'orderId, tenantId, reason, and cancelledBy are required')</failure></testcase><testcase classname="tests.test_svm_module.TestOrdersAPI" name="test_cancel_order_missing_fields" time="0.094" /><testcase classname="tests.test_svm_module.TestEntitlementsAPI" name="test_get_entitlements_success" time="1.795" /><testcase classname="tests.test_svm_module.TestEntitlementsAPI" name="test_get_entitlements_missing_tenant_id" time="0.039"><failure message="AssertionError: assert 'tenantId' in 'tenantid is required'&#10; +  where 'tenantid is required' = &lt;built-in method lower of str object at 0xfa661fdae9c0&gt;()&#10; +    where &lt;built-in method lower of str object at 0xfa661fdae9c0&gt; = 'tenantId is required'.lower">tests/test_svm_module.py:824: in test_get_entitlements_missing_tenant_id
    assert "tenantId" in data["error"].lower()
E   AssertionError: assert 'tenantId' in 'tenantid is required'
E    +  where 'tenantid is required' = &lt;built-in method lower of str object at 0xfa661fdae9c0&gt;()
E    +    where &lt;built-in method lower of str object at 0xfa661fdae9c0&gt; = 'tenantId is required'.lower</failure></testcase><testcase classname="tests.test_svm_module.TestEventsAPI" name="test_process_order_placed_event" time="1.745" /><testcase classname="tests.test_svm_module.TestEventsAPI" name="test_process_payment_requested_event" time="1.518" /><testcase classname="tests.test_svm_module.TestEventsAPI" name="test_process_order_cancelled_event" time="1.530" /><testcase classname="tests.test_svm_module.TestEventsAPI" name="test_process_refund_requested_event" time="1.519" /><testcase classname="tests.test_svm_module.TestEventsAPI" name="test_process_order_shipped_event" time="1.529" /><testcase classname="tests.test_svm_module.TestEventsAPI" name="test_process_status_change_event" time="0.037" /><testcase classname="tests.test_svm_module.TestEventsAPI" name="test_process_event_invalid_structure" time="0.038" /><testcase classname="tests.test_svm_module.TestEventsAPI" name="test_process_unknown_event_type" time="0.037" /><testcase classname="tests.test_svm_module.TestOrderLifecycleIntegration" name="test_full_order_lifecycle" time="0.624"><failure message="assert 400 == 200&#10; +  where 400 = &lt;Response [400]&gt;.status_code">tests/test_svm_module.py:1145: in test_full_order_lifecycle
    assert clear_response.status_code == 200
E   assert 400 == 200
E    +  where 400 = &lt;Response [400]&gt;.status_code</failure></testcase></testsuite></testsuites>